#
# There is insufficient memory for the Java Runtime Environment to continue.
# Native memory allocation (malloc) failed to allocate 32744 bytes. Error detail: Chunk::new
# Possible reasons:
#   The system is out of physical RAM or swap space
#   This process is running with CompressedOops enabled, and the Java Heap may be blocking the growth of the native heap
# Possible solutions:
#   Reduce memory load on the system
#   Increase physical memory or swap space
#   Check if swap backing store is full
#   Decrease Java heap size (-Xmx/-Xms)
#   Decrease number of Java threads
#   Decrease Java thread stack sizes (-Xss)
#   Set larger code cache with -XX:ReservedCodeCacheSize=
#   JVM is running with Zero Based Compressed Oops mode in which the Java heap is
#     placed in the first 32GB address space. The Java Heap base address is the
#     maximum limit for the native heap growth. Please use -XX:HeapBaseMinAddress
#     to set the Java Heap base and to place the Java Heap above 32GB virtual address.
# This output file may be truncated or incomplete.
#
#  Out of Memory Error (arena.cpp:150), pid=27912, tid=46624
#
# JRE version: Java(TM) SE Runtime Environment (22.0.1+8) (build 22.0.1+8-16)
# Java VM: Java HotSpot(TM) 64-Bit Server VM (22.0.1+8-16, mixed mode, sharing, tiered, compressed oops, compressed class ptrs, g1 gc, windows-amd64)
# No core dump will be written. Minidumps are not enabled by default on client versions of Windows
#

---------------  S U M M A R Y ------------

Command Line: -Dfile.encoding=UTF-8 --module-path=C:\Users\Pushpendra Rathor\OneDrive\Documents\NetBeansProjects\airlinemanagementsystem\build\classes airlinemanagementsystem.Cancel

Host: 12th Gen Intel(R) Core(TM) i5-1235U, 12 cores, 15G,  Windows 11 , 64 bit Build 22621 (10.0.22621.3527)
Time: Thu Jun 13 02:14:13 2024 India Standard Time elapsed time: 130.985075 seconds (0d 0h 2m 10s)

---------------  T H R E A D  ---------------

Current thread (0x0000019027036a50):  JavaThread "C1 CompilerThread0" daemon [_thread_in_native, id=46624, stack(0x0000001396500000,0x0000001396600000) (1024K)]


Current CompileTask:
C1:130985 1056       3       java.awt.geom.AffineTransform::getType (17 bytes)

Stack: [0x0000001396500000,0x0000001396600000]
Native frames: (J=compiled Java code, j=interpreted, Vv=VM code, C=native code)
V  [jvm.dll+0x6e2279]  (no source info available)
V  [jvm.dll+0x874e33]  (no source info available)
V  [jvm.dll+0x87725e]  (no source info available)
V  [jvm.dll+0x877933]  (no source info available)
V  [jvm.dll+0x27fd76]  (no source info available)
V  [jvm.dll+0xc3d0f]  (no source info available)
V  [jvm.dll+0xc3f6b]  (no source info available)
V  [jvm.dll+0x281ef0]  (no source info available)
V  [jvm.dll+0x153745]  (no source info available)
V  [jvm.dll+0x152c1d]  (no source info available)
V  [jvm.dll+0x154add]  (no source info available)
V  [jvm.dll+0x2569fe]  (no source info available)
V  [jvm.dll+0x254cba]  (no source info available)
V  [jvm.dll+0x3f5336]  (no source info available)
V  [jvm.dll+0x81d44b]  (no source info available)
V  [jvm.dll+0x6e0915]  (no source info available)
C  [ucrtbase.dll+0x29333]  (no source info available)
C  [KERNEL32.DLL+0x1257d]  (no source info available)
C  [ntdll.dll+0x5aa48]  (no source info available)


---------------  P R O C E S S  ---------------

Threads class SMR info:
_java_thread_list=0x000001906d921c40, length=16, elements={
0x000001902701b070, 0x000001902701bf90, 0x000001902701dd60, 0x00000190270208d0,
0x00000190270259a0, 0x0000019027027a90, 0x000001902702a830, 0x0000019027036a50,
0x0000019027268e20, 0x00000190273aace0, 0x00000190274b0a30, 0x00000190274b9da0,
0x00000190274c2f00, 0x000001902755bb00, 0x0000019005a191a0, 0x000001906db39a90
}

Java Threads: ( => current thread )
  0x000001902701b070 JavaThread "Reference Handler"          daemon [_thread_blocked, id=16200, stack(0x0000001395e00000,0x0000001395f00000) (1024K)]
  0x000001902701bf90 JavaThread "Finalizer"                  daemon [_thread_blocked, id=2120, stack(0x0000001395f00000,0x0000001396000000) (1024K)]
  0x000001902701dd60 JavaThread "Signal Dispatcher"          daemon [_thread_blocked, id=9632, stack(0x0000001396000000,0x0000001396100000) (1024K)]
  0x00000190270208d0 JavaThread "Attach Listener"            daemon [_thread_blocked, id=23092, stack(0x0000001396100000,0x0000001396200000) (1024K)]
  0x00000190270259a0 JavaThread "Service Thread"             daemon [_thread_blocked, id=44632, stack(0x0000001396200000,0x0000001396300000) (1024K)]
  0x0000019027027a90 JavaThread "Monitor Deflation Thread"   daemon [_thread_blocked, id=44968, stack(0x0000001396300000,0x0000001396400000) (1024K)]
  0x000001902702a830 JavaThread "C2 CompilerThread0"         daemon [_thread_blocked, id=856, stack(0x0000001396400000,0x0000001396500000) (1024K)]
=>0x0000019027036a50 JavaThread "C1 CompilerThread0"         daemon [_thread_in_native, id=46624, stack(0x0000001396500000,0x0000001396600000) (1024K)]
  0x0000019027268e20 JavaThread "Common-Cleaner"             daemon [_thread_blocked, id=39984, stack(0x0000001396600000,0x0000001396700000) (1024K)]
  0x00000190273aace0 JavaThread "Notification Thread"        daemon [_thread_blocked, id=36316, stack(0x0000001396700000,0x0000001396800000) (1024K)]
  0x00000190274b0a30 JavaThread "Java2D Disposer"            daemon [_thread_blocked, id=29240, stack(0x0000001396900000,0x0000001396a00000) (1024K)]
  0x00000190274b9da0 JavaThread "AWT-Shutdown"                      [_thread_blocked, id=44812, stack(0x0000001396a00000,0x0000001396b00000) (1024K)]
  0x00000190274c2f00 JavaThread "AWT-Windows"                daemon [_thread_in_native, id=36336, stack(0x0000001396b00000,0x0000001396c00000) (1024K)]
  0x000001902755bb00 JavaThread "AWT-EventQueue-0"                  [_thread_blocked, id=31536, stack(0x0000001396d00000,0x0000001396e00000) (1024K)]
  0x0000019005a191a0 JavaThread "DestroyJavaVM"                     [_thread_blocked, id=32532, stack(0x0000001395600000,0x0000001395700000) (1024K)]
  0x000001906db39a90 JavaThread "TimerQueue"                 daemon [_thread_blocked, id=8364, stack(0x0000001397200000,0x0000001397300000) (1024K)]
Total: 16

Other Threads:
  0x00000190270010c0 VMThread "VM Thread"                           [id=12948, stack(0x0000001395d00000,0x0000001395e00000) (1024K)]
  0x0000019026fe5b00 WatcherThread "VM Periodic Task Thread"        [id=45604, stack(0x0000001395c00000,0x0000001395d00000) (1024K)]
  0x0000019007cdf5d0 WorkerThread "GC Thread#0"                     [id=44528, stack(0x0000001395700000,0x0000001395800000) (1024K)]
  0x0000019007cf1d70 ConcurrentGCThread "G1 Main Marker"            [id=33532, stack(0x0000001395800000,0x0000001395900000) (1024K)]
  0x0000019007cf2f30 WorkerThread "G1 Conc#0"                       [id=38712, stack(0x0000001395900000,0x0000001395a00000) (1024K)]
  0x0000019026eb95d0 ConcurrentGCThread "G1 Refine#0"               [id=40928, stack(0x0000001395a00000,0x0000001395b00000) (1024K)]
  0x0000019026eb9f60 ConcurrentGCThread "G1 Service"                [id=46340, stack(0x0000001395b00000,0x0000001395c00000) (1024K)]
Total: 7

Threads with active compile tasks:
C1 CompilerThread0  131054 1056       3       java.awt.geom.AffineTransform::getType (17 bytes)
Total: 1

VM state: not at safepoint (normal execution)

VM Mutex/Monitor currently owned by a thread: None

Heap address: 0x0000000705200000, size: 4014 MB, Compressed Oops mode: Zero based, Oop shift amount: 3

CDS archive(s) mapped at: [0x0000019028000000-0x0000019028c60000-0x0000019028c60000), size 12976128, SharedBaseAddress: 0x0000019028000000, ArchiveRelocationMode: 1.
Compressed class space mapped at: 0x0000019029000000-0x0000019069000000, reserved size: 1073741824
Narrow klass base: 0x0000019028000000, Narrow klass shift: 0, Narrow klass range: 0x41000000

GC Precious Log:
 CardTable entry size: 512
 Card Set container configuration: InlinePtr #cards 4 size 8 Array Of Cards #cards 16 size 48 Howl #buckets 8 coarsen threshold 3686 Howl Bitmap #cards 512 size 80 coarsen threshold 460 Card regions per heap region 1 cards per card region 4096
 CPUs: 12 total, 12 available
 Memory: 16052M
 Large Page Support: Disabled
 NUMA Support: Disabled
 Compressed Oops: Enabled (Zero based)
 Heap Region Size: 2M
 Heap Min Capacity: 8M
 Heap Initial Capacity: 252M
 Heap Max Capacity: 4014M
 Pre-touch: Disabled
 Parallel Workers: 10
 Concurrent Workers: 3
 Concurrent Refinement Workers: 10
 Periodic GC: Disabled

Heap:
 garbage-first heap   total reserved 4110336K, committed 258048K, used 20480K [0x0000000705200000, 0x0000000800000000)
  region size 2048K, 7 young (14336K), 0 survivors (0K)
 Metaspace       used 8141K, committed 8384K, reserved 1114112K
  class space    used 922K, committed 1024K, reserved 1048576K

Heap Regions: E=young(eden), S=young(survivor), O=old, HS=humongous(starts), HC=humongous(continues), CS=collection set, F=free, TAMS=top-at-mark-start, PB=parsable bottom
|   0|0x0000000705200000, 0x0000000705400000, 0x0000000705400000|100%|HS|  |TAMS 0x0000000705200000| PB 0x0000000705200000| Complete |  0
|   1|0x0000000705400000, 0x0000000705600000, 0x0000000705600000|100%|HC|  |TAMS 0x0000000705400000| PB 0x0000000705400000| Complete |  0
|   2|0x0000000705600000, 0x0000000705800000, 0x0000000705800000|100%|HS|  |TAMS 0x0000000705600000| PB 0x0000000705600000| Complete |  0
|   3|0x0000000705800000, 0x0000000705a00000, 0x0000000705a00000|100%|HS|  |TAMS 0x0000000705800000| PB 0x0000000705800000| Complete |  0
|   4|0x0000000705a00000, 0x0000000705a00000, 0x0000000705c00000|  0%| F|  |TAMS 0x0000000705a00000| PB 0x0000000705a00000| Untracked |  0
|   5|0x0000000705c00000, 0x0000000705c00000, 0x0000000705e00000|  0%| F|  |TAMS 0x0000000705c00000| PB 0x0000000705c00000| Untracked |  0
|   6|0x0000000705e00000, 0x0000000705e00000, 0x0000000706000000|  0%| F|  |TAMS 0x0000000705e00000| PB 0x0000000705e00000| Untracked |  0
|   7|0x0000000706000000, 0x0000000706000000, 0x0000000706200000|  0%| F|  |TAMS 0x0000000706000000| PB 0x0000000706000000| Untracked |  0
|   8|0x0000000706200000, 0x0000000706200000, 0x0000000706400000|  0%| F|  |TAMS 0x0000000706200000| PB 0x0000000706200000| Untracked |  0
|   9|0x0000000706400000, 0x0000000706400000, 0x0000000706600000|  0%| F|  |TAMS 0x0000000706400000| PB 0x0000000706400000| Untracked |  0
|  10|0x0000000706600000, 0x0000000706600000, 0x0000000706800000|  0%| F|  |TAMS 0x0000000706600000| PB 0x0000000706600000| Untracked |  0
|  11|0x0000000706800000, 0x0000000706800000, 0x0000000706a00000|  0%| F|  |TAMS 0x0000000706800000| PB 0x0000000706800000| Untracked |  0
|  12|0x0000000706a00000, 0x0000000706a00000, 0x0000000706c00000|  0%| F|  |TAMS 0x0000000706a00000| PB 0x0000000706a00000| Untracked |  0
|  13|0x0000000706c00000, 0x0000000706c00000, 0x0000000706e00000|  0%| F|  |TAMS 0x0000000706c00000| PB 0x0000000706c00000| Untracked |  0
|  14|0x0000000706e00000, 0x0000000706e00000, 0x0000000707000000|  0%| F|  |TAMS 0x0000000706e00000| PB 0x0000000706e00000| Untracked |  0
|  15|0x0000000707000000, 0x0000000707000000, 0x0000000707200000|  0%| F|  |TAMS 0x0000000707000000| PB 0x0000000707000000| Untracked |  0
|  16|0x0000000707200000, 0x0000000707200000, 0x0000000707400000|  0%| F|  |TAMS 0x0000000707200000| PB 0x0000000707200000| Untracked |  0
|  17|0x0000000707400000, 0x0000000707400000, 0x0000000707600000|  0%| F|  |TAMS 0x0000000707400000| PB 0x0000000707400000| Untracked |  0
|  18|0x0000000707600000, 0x0000000707600000, 0x0000000707800000|  0%| F|  |TAMS 0x0000000707600000| PB 0x0000000707600000| Untracked |  0
|  19|0x0000000707800000, 0x0000000707800000, 0x0000000707a00000|  0%| F|  |TAMS 0x0000000707800000| PB 0x0000000707800000| Untracked |  0
|  20|0x0000000707a00000, 0x0000000707a00000, 0x0000000707c00000|  0%| F|  |TAMS 0x0000000707a00000| PB 0x0000000707a00000| Untracked |  0
|  21|0x0000000707c00000, 0x0000000707c00000, 0x0000000707e00000|  0%| F|  |TAMS 0x0000000707c00000| PB 0x0000000707c00000| Untracked |  0
|  22|0x0000000707e00000, 0x0000000707e00000, 0x0000000708000000|  0%| F|  |TAMS 0x0000000707e00000| PB 0x0000000707e00000| Untracked |  0
|  23|0x0000000708000000, 0x0000000708000000, 0x0000000708200000|  0%| F|  |TAMS 0x0000000708000000| PB 0x0000000708000000| Untracked |  0
|  24|0x0000000708200000, 0x0000000708200000, 0x0000000708400000|  0%| F|  |TAMS 0x0000000708200000| PB 0x0000000708200000| Untracked |  0
|  25|0x0000000708400000, 0x0000000708400000, 0x0000000708600000|  0%| F|  |TAMS 0x0000000708400000| PB 0x0000000708400000| Untracked |  0
|  26|0x0000000708600000, 0x0000000708600000, 0x0000000708800000|  0%| F|  |TAMS 0x0000000708600000| PB 0x0000000708600000| Untracked |  0
|  27|0x0000000708800000, 0x0000000708800000, 0x0000000708a00000|  0%| F|  |TAMS 0x0000000708800000| PB 0x0000000708800000| Untracked |  0
|  28|0x0000000708a00000, 0x0000000708a00000, 0x0000000708c00000|  0%| F|  |TAMS 0x0000000708a00000| PB 0x0000000708a00000| Untracked |  0
|  29|0x0000000708c00000, 0x0000000708c00000, 0x0000000708e00000|  0%| F|  |TAMS 0x0000000708c00000| PB 0x0000000708c00000| Untracked |  0
|  30|0x0000000708e00000, 0x0000000708e00000, 0x0000000709000000|  0%| F|  |TAMS 0x0000000708e00000| PB 0x0000000708e00000| Untracked |  0
|  31|0x0000000709000000, 0x0000000709000000, 0x0000000709200000|  0%| F|  |TAMS 0x0000000709000000| PB 0x0000000709000000| Untracked |  0
|  32|0x0000000709200000, 0x0000000709200000, 0x0000000709400000|  0%| F|  |TAMS 0x0000000709200000| PB 0x0000000709200000| Untracked |  0
|  33|0x0000000709400000, 0x0000000709400000, 0x0000000709600000|  0%| F|  |TAMS 0x0000000709400000| PB 0x0000000709400000| Untracked |  0
|  34|0x0000000709600000, 0x0000000709600000, 0x0000000709800000|  0%| F|  |TAMS 0x0000000709600000| PB 0x0000000709600000| Untracked |  0
|  35|0x0000000709800000, 0x0000000709800000, 0x0000000709a00000|  0%| F|  |TAMS 0x0000000709800000| PB 0x0000000709800000| Untracked |  0
|  36|0x0000000709a00000, 0x0000000709a00000, 0x0000000709c00000|  0%| F|  |TAMS 0x0000000709a00000| PB 0x0000000709a00000| Untracked |  0
|  37|0x0000000709c00000, 0x0000000709c00000, 0x0000000709e00000|  0%| F|  |TAMS 0x0000000709c00000| PB 0x0000000709c00000| Untracked |  0
|  38|0x0000000709e00000, 0x0000000709e00000, 0x000000070a000000|  0%| F|  |TAMS 0x0000000709e00000| PB 0x0000000709e00000| Untracked |  0
|  39|0x000000070a000000, 0x000000070a000000, 0x000000070a200000|  0%| F|  |TAMS 0x000000070a000000| PB 0x000000070a000000| Untracked |  0
|  40|0x000000070a200000, 0x000000070a200000, 0x000000070a400000|  0%| F|  |TAMS 0x000000070a200000| PB 0x000000070a200000| Untracked |  0
|  41|0x000000070a400000, 0x000000070a400000, 0x000000070a600000|  0%| F|  |TAMS 0x000000070a400000| PB 0x000000070a400000| Untracked |  0
|  42|0x000000070a600000, 0x000000070a600000, 0x000000070a800000|  0%| F|  |TAMS 0x000000070a600000| PB 0x000000070a600000| Untracked |  0
|  43|0x000000070a800000, 0x000000070a800000, 0x000000070aa00000|  0%| F|  |TAMS 0x000000070a800000| PB 0x000000070a800000| Untracked |  0
|  44|0x000000070aa00000, 0x000000070aa00000, 0x000000070ac00000|  0%| F|  |TAMS 0x000000070aa00000| PB 0x000000070aa00000| Untracked |  0
|  45|0x000000070ac00000, 0x000000070ac00000, 0x000000070ae00000|  0%| F|  |TAMS 0x000000070ac00000| PB 0x000000070ac00000| Untracked |  0
|  46|0x000000070ae00000, 0x000000070ae00000, 0x000000070b000000|  0%| F|  |TAMS 0x000000070ae00000| PB 0x000000070ae00000| Untracked |  0
|  47|0x000000070b000000, 0x000000070b000000, 0x000000070b200000|  0%| F|  |TAMS 0x000000070b000000| PB 0x000000070b000000| Untracked |  0
|  48|0x000000070b200000, 0x000000070b200000, 0x000000070b400000|  0%| F|  |TAMS 0x000000070b200000| PB 0x000000070b200000| Untracked |  0
|  49|0x000000070b400000, 0x000000070b400000, 0x000000070b600000|  0%| F|  |TAMS 0x000000070b400000| PB 0x000000070b400000| Untracked |  0
|  50|0x000000070b600000, 0x000000070b600000, 0x000000070b800000|  0%| F|  |TAMS 0x000000070b600000| PB 0x000000070b600000| Untracked |  0
|  51|0x000000070b800000, 0x000000070b800000, 0x000000070ba00000|  0%| F|  |TAMS 0x000000070b800000| PB 0x000000070b800000| Untracked |  0
|  52|0x000000070ba00000, 0x000000070ba00000, 0x000000070bc00000|  0%| F|  |TAMS 0x000000070ba00000| PB 0x000000070ba00000| Untracked |  0
|  53|0x000000070bc00000, 0x000000070bc00000, 0x000000070be00000|  0%| F|  |TAMS 0x000000070bc00000| PB 0x000000070bc00000| Untracked |  0
|  54|0x000000070be00000, 0x000000070be00000, 0x000000070c000000|  0%| F|  |TAMS 0x000000070be00000| PB 0x000000070be00000| Untracked |  0
|  55|0x000000070c000000, 0x000000070c000000, 0x000000070c200000|  0%| F|  |TAMS 0x000000070c000000| PB 0x000000070c000000| Untracked |  0
|  56|0x000000070c200000, 0x000000070c200000, 0x000000070c400000|  0%| F|  |TAMS 0x000000070c200000| PB 0x000000070c200000| Untracked |  0
|  57|0x000000070c400000, 0x000000070c400000, 0x000000070c600000|  0%| F|  |TAMS 0x000000070c400000| PB 0x000000070c400000| Untracked |  0
|  58|0x000000070c600000, 0x000000070c600000, 0x000000070c800000|  0%| F|  |TAMS 0x000000070c600000| PB 0x000000070c600000| Untracked |  0
|  59|0x000000070c800000, 0x000000070c800000, 0x000000070ca00000|  0%| F|  |TAMS 0x000000070c800000| PB 0x000000070c800000| Untracked |  0
|  60|0x000000070ca00000, 0x000000070ca00000, 0x000000070cc00000|  0%| F|  |TAMS 0x000000070ca00000| PB 0x000000070ca00000| Untracked |  0
|  61|0x000000070cc00000, 0x000000070cc00000, 0x000000070ce00000|  0%| F|  |TAMS 0x000000070cc00000| PB 0x000000070cc00000| Untracked |  0
|  62|0x000000070ce00000, 0x000000070ce00000, 0x000000070d000000|  0%| F|  |TAMS 0x000000070ce00000| PB 0x000000070ce00000| Untracked |  0
|  63|0x000000070d000000, 0x000000070d000000, 0x000000070d200000|  0%| F|  |TAMS 0x000000070d000000| PB 0x000000070d000000| Untracked |  0
|  64|0x000000070d200000, 0x000000070d200000, 0x000000070d400000|  0%| F|  |TAMS 0x000000070d200000| PB 0x000000070d200000| Untracked |  0
|  65|0x000000070d400000, 0x000000070d400000, 0x000000070d600000|  0%| F|  |TAMS 0x000000070d400000| PB 0x000000070d400000| Untracked |  0
|  66|0x000000070d600000, 0x000000070d600000, 0x000000070d800000|  0%| F|  |TAMS 0x000000070d600000| PB 0x000000070d600000| Untracked |  0
|  67|0x000000070d800000, 0x000000070d800000, 0x000000070da00000|  0%| F|  |TAMS 0x000000070d800000| PB 0x000000070d800000| Untracked |  0
|  68|0x000000070da00000, 0x000000070da00000, 0x000000070dc00000|  0%| F|  |TAMS 0x000000070da00000| PB 0x000000070da00000| Untracked |  0
|  69|0x000000070dc00000, 0x000000070dc00000, 0x000000070de00000|  0%| F|  |TAMS 0x000000070dc00000| PB 0x000000070dc00000| Untracked |  0
|  70|0x000000070de00000, 0x000000070de00000, 0x000000070e000000|  0%| F|  |TAMS 0x000000070de00000| PB 0x000000070de00000| Untracked |  0
|  71|0x000000070e000000, 0x000000070e000000, 0x000000070e200000|  0%| F|  |TAMS 0x000000070e000000| PB 0x000000070e000000| Untracked |  0
|  72|0x000000070e200000, 0x000000070e200000, 0x000000070e400000|  0%| F|  |TAMS 0x000000070e200000| PB 0x000000070e200000| Untracked |  0
|  73|0x000000070e400000, 0x000000070e400000, 0x000000070e600000|  0%| F|  |TAMS 0x000000070e400000| PB 0x000000070e400000| Untracked |  0
|  74|0x000000070e600000, 0x000000070e600000, 0x000000070e800000|  0%| F|  |TAMS 0x000000070e600000| PB 0x000000070e600000| Untracked |  0
|  75|0x000000070e800000, 0x000000070e800000, 0x000000070ea00000|  0%| F|  |TAMS 0x000000070e800000| PB 0x000000070e800000| Untracked |  0
|  76|0x000000070ea00000, 0x000000070ea00000, 0x000000070ec00000|  0%| F|  |TAMS 0x000000070ea00000| PB 0x000000070ea00000| Untracked |  0
|  77|0x000000070ec00000, 0x000000070ec00000, 0x000000070ee00000|  0%| F|  |TAMS 0x000000070ec00000| PB 0x000000070ec00000| Untracked |  0
|  78|0x000000070ee00000, 0x000000070ee00000, 0x000000070f000000|  0%| F|  |TAMS 0x000000070ee00000| PB 0x000000070ee00000| Untracked |  0
|  79|0x000000070f000000, 0x000000070f000000, 0x000000070f200000|  0%| F|  |TAMS 0x000000070f000000| PB 0x000000070f000000| Untracked |  0
|  80|0x000000070f200000, 0x000000070f200000, 0x000000070f400000|  0%| F|  |TAMS 0x000000070f200000| PB 0x000000070f200000| Untracked |  0
|  81|0x000000070f400000, 0x000000070f400000, 0x000000070f600000|  0%| F|  |TAMS 0x000000070f400000| PB 0x000000070f400000| Untracked |  0
|  82|0x000000070f600000, 0x000000070f600000, 0x000000070f800000|  0%| F|  |TAMS 0x000000070f600000| PB 0x000000070f600000| Untracked |  0
|  83|0x000000070f800000, 0x000000070f800000, 0x000000070fa00000|  0%| F|  |TAMS 0x000000070f800000| PB 0x000000070f800000| Untracked |  0
|  84|0x000000070fa00000, 0x000000070fa00000, 0x000000070fc00000|  0%| F|  |TAMS 0x000000070fa00000| PB 0x000000070fa00000| Untracked |  0
|  85|0x000000070fc00000, 0x000000070fc00000, 0x000000070fe00000|  0%| F|  |TAMS 0x000000070fc00000| PB 0x000000070fc00000| Untracked |  0
|  86|0x000000070fe00000, 0x000000070fe00000, 0x0000000710000000|  0%| F|  |TAMS 0x000000070fe00000| PB 0x000000070fe00000| Untracked |  0
|  87|0x0000000710000000, 0x0000000710000000, 0x0000000710200000|  0%| F|  |TAMS 0x0000000710000000| PB 0x0000000710000000| Untracked |  0
|  88|0x0000000710200000, 0x0000000710200000, 0x0000000710400000|  0%| F|  |TAMS 0x0000000710200000| PB 0x0000000710200000| Untracked |  0
|  89|0x0000000710400000, 0x0000000710400000, 0x0000000710600000|  0%| F|  |TAMS 0x0000000710400000| PB 0x0000000710400000| Untracked |  0
|  90|0x0000000710600000, 0x0000000710600000, 0x0000000710800000|  0%| F|  |TAMS 0x0000000710600000| PB 0x0000000710600000| Untracked |  0
|  91|0x0000000710800000, 0x0000000710800000, 0x0000000710a00000|  0%| F|  |TAMS 0x0000000710800000| PB 0x0000000710800000| Untracked |  0
|  92|0x0000000710a00000, 0x0000000710a00000, 0x0000000710c00000|  0%| F|  |TAMS 0x0000000710a00000| PB 0x0000000710a00000| Untracked |  0
|  93|0x0000000710c00000, 0x0000000710c00000, 0x0000000710e00000|  0%| F|  |TAMS 0x0000000710c00000| PB 0x0000000710c00000| Untracked |  0
|  94|0x0000000710e00000, 0x0000000710e00000, 0x0000000711000000|  0%| F|  |TAMS 0x0000000710e00000| PB 0x0000000710e00000| Untracked |  0
|  95|0x0000000711000000, 0x0000000711000000, 0x0000000711200000|  0%| F|  |TAMS 0x0000000711000000| PB 0x0000000711000000| Untracked |  0
|  96|0x0000000711200000, 0x0000000711200000, 0x0000000711400000|  0%| F|  |TAMS 0x0000000711200000| PB 0x0000000711200000| Untracked |  0
|  97|0x0000000711400000, 0x0000000711400000, 0x0000000711600000|  0%| F|  |TAMS 0x0000000711400000| PB 0x0000000711400000| Untracked |  0
|  98|0x0000000711600000, 0x0000000711600000, 0x0000000711800000|  0%| F|  |TAMS 0x0000000711600000| PB 0x0000000711600000| Untracked |  0
|  99|0x0000000711800000, 0x0000000711800000, 0x0000000711a00000|  0%| F|  |TAMS 0x0000000711800000| PB 0x0000000711800000| Untracked |  0
| 100|0x0000000711a00000, 0x0000000711a00000, 0x0000000711c00000|  0%| F|  |TAMS 0x0000000711a00000| PB 0x0000000711a00000| Untracked |  0
| 101|0x0000000711c00000, 0x0000000711c00000, 0x0000000711e00000|  0%| F|  |TAMS 0x0000000711c00000| PB 0x0000000711c00000| Untracked |  0
| 102|0x0000000711e00000, 0x0000000711e00000, 0x0000000712000000|  0%| F|  |TAMS 0x0000000711e00000| PB 0x0000000711e00000| Untracked |  0
| 103|0x0000000712000000, 0x0000000712000000, 0x0000000712200000|  0%| F|  |TAMS 0x0000000712000000| PB 0x0000000712000000| Untracked |  0
| 104|0x0000000712200000, 0x0000000712200000, 0x0000000712400000|  0%| F|  |TAMS 0x0000000712200000| PB 0x0000000712200000| Untracked |  0
| 105|0x0000000712400000, 0x0000000712400000, 0x0000000712600000|  0%| F|  |TAMS 0x0000000712400000| PB 0x0000000712400000| Untracked |  0
| 106|0x0000000712600000, 0x0000000712600000, 0x0000000712800000|  0%| F|  |TAMS 0x0000000712600000| PB 0x0000000712600000| Untracked |  0
| 107|0x0000000712800000, 0x0000000712800000, 0x0000000712a00000|  0%| F|  |TAMS 0x0000000712800000| PB 0x0000000712800000| Untracked |  0
| 108|0x0000000712a00000, 0x0000000712a00000, 0x0000000712c00000|  0%| F|  |TAMS 0x0000000712a00000| PB 0x0000000712a00000| Untracked |  0
| 109|0x0000000712c00000, 0x0000000712c00000, 0x0000000712e00000|  0%| F|  |TAMS 0x0000000712c00000| PB 0x0000000712c00000| Untracked |  0
| 110|0x0000000712e00000, 0x0000000712e00000, 0x0000000713000000|  0%| F|  |TAMS 0x0000000712e00000| PB 0x0000000712e00000| Untracked |  0
| 111|0x0000000713000000, 0x0000000713000000, 0x0000000713200000|  0%| F|  |TAMS 0x0000000713000000| PB 0x0000000713000000| Untracked |  0
| 112|0x0000000713200000, 0x0000000713200000, 0x0000000713400000|  0%| F|  |TAMS 0x0000000713200000| PB 0x0000000713200000| Untracked |  0
| 113|0x0000000713400000, 0x0000000713400000, 0x0000000713600000|  0%| F|  |TAMS 0x0000000713400000| PB 0x0000000713400000| Untracked |  0
| 114|0x0000000713600000, 0x0000000713600000, 0x0000000713800000|  0%| F|  |TAMS 0x0000000713600000| PB 0x0000000713600000| Untracked |  0
| 115|0x0000000713800000, 0x0000000713800000, 0x0000000713a00000|  0%| F|  |TAMS 0x0000000713800000| PB 0x0000000713800000| Untracked |  0
| 116|0x0000000713a00000, 0x0000000713a00000, 0x0000000713c00000|  0%| F|  |TAMS 0x0000000713a00000| PB 0x0000000713a00000| Untracked |  0
| 117|0x0000000713c00000, 0x0000000713c00000, 0x0000000713e00000|  0%| F|  |TAMS 0x0000000713c00000| PB 0x0000000713c00000| Untracked |  0
| 118|0x0000000713e00000, 0x0000000713e00000, 0x0000000714000000|  0%| F|  |TAMS 0x0000000713e00000| PB 0x0000000713e00000| Untracked |  0
| 119|0x0000000714000000, 0x00000007141eb960, 0x0000000714200000| 96%| E|  |TAMS 0x0000000714000000| PB 0x0000000714000000| Complete |  0
| 120|0x0000000714200000, 0x0000000714400000, 0x0000000714400000|100%| E|CS|TAMS 0x0000000714200000| PB 0x0000000714200000| Complete |  0
| 121|0x0000000714400000, 0x0000000714600000, 0x0000000714600000|100%| E|CS|TAMS 0x0000000714400000| PB 0x0000000714400000| Complete |  0
| 122|0x0000000714600000, 0x0000000714800000, 0x0000000714800000|100%| E|CS|TAMS 0x0000000714600000| PB 0x0000000714600000| Complete |  0
| 123|0x0000000714800000, 0x0000000714a00000, 0x0000000714a00000|100%| E|CS|TAMS 0x0000000714800000| PB 0x0000000714800000| Complete |  0
| 124|0x0000000714a00000, 0x0000000714c00000, 0x0000000714c00000|100%| E|CS|TAMS 0x0000000714a00000| PB 0x0000000714a00000| Complete |  0
| 125|0x0000000714c00000, 0x0000000714e00000, 0x0000000714e00000|100%| E|CS|TAMS 0x0000000714c00000| PB 0x0000000714c00000| Complete |  0

Card table byte_map: [0x000001901fcf0000,0x00000190204d0000] _byte_map_base: 0x000001901c4c7000

Marking Bits: (CMBitMap*) 0x0000019007ce0400
 Bits: [0x00000190204d0000, 0x0000019024388000)

Polling page: 0x00000190059e0000

Metaspace:

Usage:
  Non-class:      7.05 MB used.
      Class:    922.98 KB used.
       Both:      7.95 MB used.

Virtual space:
  Non-class space:       64.00 MB reserved,       7.19 MB ( 11%) committed,  1 nodes.
      Class space:        1.00 GB reserved,       1.00 MB ( <1%) committed,  1 nodes.
             Both:        1.06 GB reserved,       8.19 MB ( <1%) committed. 

Chunk freelists:
   Non-Class:  8.48 MB
       Class:  15.04 MB
        Both:  23.52 MB

MaxMetaspaceSize: unlimited
CompressedClassSpaceSize: 1.00 GB
Initial GC threshold: 21.00 MB
Current GC threshold: 21.00 MB
CDS: on
 - commit_granule_bytes: 65536.
 - commit_granule_words: 8192.
 - virtual_space_node_default_size: 8388608.
 - enlarge_chunks_in_place: 1.
 - use_allocation_guard: 0.


Internal statistics:

num_allocs_failed_limit: 0.
num_arena_births: 152.
num_arena_deaths: 0.
num_vsnodes_births: 2.
num_vsnodes_deaths: 0.
num_space_committed: 131.
num_space_uncommitted: 0.
num_chunks_returned_to_freelist: 0.
num_chunks_taken_from_freelist: 195.
num_chunk_merges: 0.
num_chunk_splits: 113.
num_chunks_enlarged: 42.
num_inconsistent_stats: 0.

CodeHeap 'non-profiled nmethods': size=120000Kb used=300Kb max_used=300Kb free=119699Kb
 bounds [0x0000019017a90000, 0x0000019017d00000, 0x000001901efc0000]
CodeHeap 'profiled nmethods': size=120000Kb used=1543Kb max_used=1543Kb free=118456Kb
 bounds [0x000001900ffc0000, 0x0000019010230000, 0x00000190174f0000]
CodeHeap 'non-nmethods': size=5760Kb used=1579Kb max_used=1593Kb free=4180Kb
 bounds [0x00000190174f0000, 0x0000019017760000, 0x0000019017a90000]
 total_blobs=1695 nmethods=1055 adapters=545
 compilation: enabled
              stopped_count=0, restarted_count=0
 full_count=0

Compilation events (20 events):
Event: 3.378 Thread 0x0000019027036a50 1046       1       java.awt.Component::getY (5 bytes)
Event: 3.378 Thread 0x0000019027036a50 nmethod 1046 0x0000019017ad9d10 code [0x0000019017ad9ea0, 0x0000019017ad9f68]
Event: 3.879 Thread 0x0000019027036a50 1047       1       java.awt.Component::getGraphicsConfiguration_NoClientCode (5 bytes)
Event: 3.879 Thread 0x0000019027036a50 nmethod 1047 0x0000019017ada010 code [0x0000019017ada1a0, 0x0000019017ada270]
Event: 3.879 Thread 0x0000019027036a50 1048       1       sun.awt.Win32GraphicsDevice::getDefaultScaleX (5 bytes)
Event: 3.879 Thread 0x0000019027036a50 nmethod 1048 0x0000019017ada310 code [0x0000019017ada4a0, 0x0000019017ada568]
Event: 3.879 Thread 0x0000019027036a50 1049       1       sun.awt.Win32GraphicsDevice::getDefaultScaleY (5 bytes)
Event: 3.879 Thread 0x0000019027036a50 nmethod 1049 0x0000019017ada610 code [0x0000019017ada7a0, 0x0000019017ada868]
Event: 4.037 Thread 0x0000019027036a50 1050       3       java.lang.Math::max (12 bytes)
Event: 4.037 Thread 0x0000019027036a50 nmethod 1050 0x0000019010140a90 code [0x0000019010140c20, 0x0000019010140d50]
Event: 130.867 Thread 0x0000019027036a50 1051       3       java.util.concurrent.ConcurrentHashMap$Node::<init> (14 bytes)
Event: 130.867 Thread 0x0000019027036a50 nmethod 1051 0x0000019010140e10 code [0x0000019010140fc0, 0x00000190101412c0]
Event: 130.882 Thread 0x0000019027036a50 1052       3       java.awt.EventQueue::postEvent (13 bytes)
Event: 130.882 Thread 0x0000019027036a50 nmethod 1052 0x0000019010141410 code [0x00000190101415e0, 0x0000019010141928]
Event: 130.979 Thread 0x0000019027036a50 1053       3       java.awt.geom.Rectangle2D::<init> (5 bytes)
Event: 130.979 Thread 0x0000019027036a50 nmethod 1053 0x0000019010141a90 code [0x0000019010141c40, 0x0000019010141e08]
Event: 130.979 Thread 0x0000019027036a50 1054       1       java.awt.geom.AffineTransform::getScaleY (5 bytes)
Event: 130.979 Thread 0x0000019027036a50 nmethod 1054 0x0000019017ada910 code [0x0000019017adaaa0, 0x0000019017adab68]
Event: 130.981 Thread 0x000001902702a830 1055       4       java.util.Arrays::binarySearch0 (95 bytes)
Event: 130.982 Thread 0x0000019027036a50 1056       3       java.awt.geom.AffineTransform::getType (17 bytes)

GC Heap History (0 events):
No events

Dll operation events (10 events):
Event: 0.007 Loaded shared library C:\Program Files\Java\jdk-22\bin\java.dll
Event: 0.026 Loaded shared library C:\Program Files\Java\jdk-22\bin\jsvml.dll
Event: 0.043 Loaded shared library C:\Program Files\Java\jdk-22\bin\net.dll
Event: 0.044 Loaded shared library C:\Program Files\Java\jdk-22\bin\nio.dll
Event: 0.058 Loaded shared library C:\Program Files\Java\jdk-22\bin\zip.dll
Event: 0.066 Loaded shared library C:\Program Files\Java\jdk-22\bin\jimage.dll
Event: 0.075 Loaded shared library C:\Program Files\Java\jdk-22\bin\awt.dll
Event: 0.196 Loaded shared library C:\Program Files\Java\jdk-22\bin\javajpeg.dll
Event: 0.253 Loaded shared library C:\Program Files\Java\jdk-22\bin\freetype.dll
Event: 0.254 Loaded shared library C:\Program Files\Java\jdk-22\bin\fontmanager.dll

Deoptimization events (12 events):
Event: 0.131 Thread 0x0000019005a191a0 Uncommon trap: trap_request=0xffffff45 fr.pc=0x0000019017a9fcf4 relative=0x0000000000000a34
Event: 0.131 Thread 0x0000019005a191a0 Uncommon trap: reason=unstable_if action=reinterpret pc=0x0000019017a9fcf4 method=java.util.HashMap.putVal(ILjava/lang/Object;Ljava/lang/Object;ZZ)Ljava/lang/Object; @ 236 c2
Event: 0.131 Thread 0x0000019005a191a0 DEOPT PACKING pc=0x0000019017a9fcf4 sp=0x00000013956fdce0
Event: 0.131 Thread 0x0000019005a191a0 DEOPT UNPACKING pc=0x00000190175446a2 sp=0x00000013956fdc98 mode 2
Event: 0.258 Thread 0x0000019005a191a0 Uncommon trap: trap_request=0xffffff45 fr.pc=0x0000019017ac1508 relative=0x00000000000001e8
Event: 0.258 Thread 0x0000019005a191a0 Uncommon trap: reason=unstable_if action=reinterpret pc=0x0000019017ac1508 method=java.lang.StringUTF16.compress([CI[BII)I @ 20 c2
Event: 0.258 Thread 0x0000019005a191a0 DEOPT PACKING pc=0x0000019017ac1508 sp=0x00000013956fdaa0
Event: 0.258 Thread 0x0000019005a191a0 DEOPT UNPACKING pc=0x00000190175446a2 sp=0x00000013956fda10 mode 2
Event: 0.950 Thread 0x00000190274c2f00 Uncommon trap: trap_request=0xffffff45 fr.pc=0x0000019017ad5480 relative=0x0000000000000240
Event: 0.950 Thread 0x00000190274c2f00 Uncommon trap: reason=unstable_if action=reinterpret pc=0x0000019017ad5480 method=java.util.concurrent.locks.ReentrantLock$Sync.lock()V @ 4 c2
Event: 0.950 Thread 0x00000190274c2f00 DEOPT PACKING pc=0x0000019017ad5480 sp=0x0000001396bfe050
Event: 0.950 Thread 0x00000190274c2f00 DEOPT UNPACKING pc=0x00000190175446a2 sp=0x0000001396bfdfb0 mode 2

Classes loaded (20 events):
Event: 0.357 Loading class java/util/concurrent/DelayQueue
Event: 0.357 Loading class java/util/concurrent/BlockingQueue
Event: 0.357 Loading class java/util/concurrent/BlockingQueue done
Event: 0.357 Loading class java/util/concurrent/DelayQueue done
Event: 0.357 Loading class java/util/PriorityQueue
Event: 0.357 Loading class java/util/PriorityQueue done
Event: 0.358 Loading class javax/swing/TimerQueue$DelayedTimer
Event: 0.358 Loading class java/util/concurrent/Delayed
Event: 0.358 Loading class java/util/concurrent/Delayed done
Event: 0.358 Loading class javax/swing/TimerQueue$DelayedTimer done
Event: 0.861 Loading class javax/swing/Timer$1
Event: 0.861 Loading class javax/swing/Timer$1 done
Event: 2.250 Loading class java/awt/LightweightDispatcher$2
Event: 2.250 Loading class java/awt/LightweightDispatcher$2 done
Event: 130.892 Loading class java/util/WeakHashMap$KeyIterator
Event: 130.892 Loading class java/util/WeakHashMap$HashIterator
Event: 130.892 Loading class java/util/WeakHashMap$HashIterator done
Event: 130.892 Loading class java/util/WeakHashMap$KeyIterator done
Event: 130.892 Loading class javax/swing/RepaintManager$DisplayChangedRunnable
Event: 130.892 Loading class javax/swing/RepaintManager$DisplayChangedRunnable done

Classes unloaded (0 events):
No events

Classes redefined (0 events):
No events

Internal exceptions (15 events):
Event: 0.045 Thread 0x0000019005a191a0 Exception <a 'sun/nio/fs/WindowsException'{0x0000000714a2dfc8}> (0x0000000714a2dfc8) 
thrown [s\open\src\hotspot\share\prims\jni.cpp, line 520]
Event: 0.046 Thread 0x0000019005a191a0 Exception <a 'sun/nio/fs/WindowsException'{0x0000000714a308b8}> (0x0000000714a308b8) 
thrown [s\open\src\hotspot\share\prims\jni.cpp, line 520]
Event: 0.046 Thread 0x0000019005a191a0 Exception <a 'sun/nio/fs/WindowsException'{0x0000000714a314d0}> (0x0000000714a314d0) 
thrown [s\open\src\hotspot\share\prims\jni.cpp, line 520]
Event: 0.069 Thread 0x0000019005a191a0 Exception <a 'java/lang/ClassNotFoundException'{0x0000000714b79e18}: sun/awt/resources/spi/awtProvider> (0x0000000714b79e18) 
thrown [s\open\src\hotspot\share\classfile\systemDictionary.cpp, line 313]
Event: 0.081 Thread 0x0000019005a191a0 Exception <a 'java/io/FileNotFoundException'{0x0000000714bcd918}> (0x0000000714bcd918) 
thrown [s\open\src\hotspot\share\prims\jni.cpp, line 520]
Event: 0.084 Thread 0x0000019005a191a0 Exception <a 'java/io/FileNotFoundException'{0x0000000714bfbd80}> (0x0000000714bfbd80) 
thrown [s\open\src\hotspot\share\prims\jni.cpp, line 520]
Event: 0.133 Thread 0x0000019005a191a0 Exception <a 'java/lang/NoSuchMethodError'{0x000000071498a280}: 'void java.lang.invoke.DirectMethodHandle$Holder.invokeSpecial(java.lang.Object, java.lang.Object, java.lang.Object)'> (0x000000071498a280) 
thrown [s\open\src\hotspot\share\interpreter\linkResolver.cpp, line 774]
Event: 0.137 Thread 0x0000019005a191a0 Exception <a 'java/lang/NoSuchMethodError'{0x00000007149b05c8}: 'java.lang.Object java.lang.invoke.DirectMethodHandle$Holder.newInvokeSpecial(java.lang.Object, java.lang.Object, java.lang.Object, java.lang.Object, java.lang.Object)'> (0x00000007149b05c8) 
thrown [s\open\src\hotspot\share\interpreter\linkResolver.cpp, line 774]
Event: 0.140 Thread 0x0000019005a191a0 Exception <a 'java/lang/NoSuchMethodError'{0x00000007149dcee0}: 'java.lang.Object java.lang.invoke.DirectMethodHandle$Holder.invokeStatic(java.lang.Object, int, java.lang.Object)'> (0x00000007149dcee0) 
thrown [s\open\src\hotspot\share\interpreter\linkResolver.cpp, line 774]
Event: 0.149 Thread 0x0000019005a191a0 Exception <a 'java/lang/ClassNotFoundException'{0x000000071467f458}: com/sun/swing/internal/plaf/metal/resources/spi/metalProvider> (0x000000071467f458) 
thrown [s\open\src\hotspot\share\classfile\systemDictionary.cpp, line 313]
Event: 0.150 Thread 0x0000019005a191a0 Exception <a 'java/lang/ClassNotFoundException'{0x0000000714683408}: com/sun/swing/internal/plaf/basic/resources/spi/basicProvider> (0x0000000714683408) 
thrown [s\open\src\hotspot\share\classfile\systemDictionary.cpp, line 313]
Event: 0.156 Thread 0x0000019005a191a0 Exception <a 'java/lang/NoSuchMethodError'{0x00000007146a2af8}: 'int java.lang.invoke.Invokers$Holder.invokeExact_MT(java.lang.Object, java.lang.Object)'> (0x00000007146a2af8) 
thrown [s\open\src\hotspot\share\interpreter\linkResolver.cpp, line 774]
Event: 0.197 Thread 0x00000190275197e0 Exception <a 'java/lang/NoSuchMethodError'{0x00000007144a57e0}: 'java.lang.Object java.lang.invoke.DirectMethodHandle$Holder.newInvokeSpecial(java.lang.Object, java.lang.Object, java.lang.Object, int, int, int, int, int)'> (0x00000007144a57e0) 
thrown [s\open\src\hotspot\share\interpreter\linkResolver.cpp, line 774]
Event: 0.241 Thread 0x00000190274c2f00 Exception <a 'java/lang/NoSuchMethodError'{0x0000000714904b28}: 'void java.lang.invoke.DirectMethodHandle$Holder.invokeVirtual(java.lang.Object, java.lang.Object)'> (0x0000000714904b28) 
thrown [s\open\src\hotspot\share\interpreter\linkResolver.cpp, line 774]
Event: 0.250 Thread 0x0000019005a191a0 Exception <a 'java/lang/NoSuchMethodError'{0x00000007146f1960}: 'void java.lang.invoke.DirectMethodHandle$Holder.invokeStaticInit(java.lang.Object)'> (0x00000007146f1960) 
thrown [s\open\src\hotspot\share\interpreter\linkResolver.cpp, line 774]

ZGC Phase Switch (0 events):
No events

VM Operations (18 events):
Event: 0.047 Executing VM operation: HandshakeAllThreads (Deoptimize)
Event: 0.047 Executing VM operation: HandshakeAllThreads (Deoptimize) done
Event: 0.089 Executing VM operation: HandshakeAllThreads (Deoptimize)
Event: 0.089 Executing VM operation: HandshakeAllThreads (Deoptimize) done
Event: 0.185 Executing VM operation: HandshakeAllThreads (Deoptimize)
Event: 0.185 Executing VM operation: HandshakeAllThreads (Deoptimize) done
Event: 0.210 Executing VM operation: HandshakeAllThreads (Deoptimize)
Event: 0.210 Executing VM operation: HandshakeAllThreads (Deoptimize) done
Event: 0.229 Executing VM operation: HandshakeAllThreads (Deoptimize)
Event: 0.229 Executing VM operation: HandshakeAllThreads (Deoptimize) done
Event: 1.241 Executing VM operation: Cleanup
Event: 1.241 Executing VM operation: Cleanup done
Event: 2.251 Executing VM operation: Cleanup
Event: 2.251 Executing VM operation: Cleanup done
Event: 60.059 Executing VM operation: HandshakeAllThreads (HandshakeForDeflation)
Event: 60.059 Executing VM operation: HandshakeAllThreads (HandshakeForDeflation) done
Event: 60.059 Executing VM operation: RendezvousGCThreads
Event: 60.059 Executing VM operation: RendezvousGCThreads done

Events (20 events):
Event: 0.024 Thread 0x000001902701bf90 Thread added: 0x000001902701bf90
Event: 0.025 Thread 0x000001902701dd60 Thread added: 0x000001902701dd60
Event: 0.025 Thread 0x00000190270208d0 Thread added: 0x00000190270208d0
Event: 0.025 Thread 0x00000190270259a0 Thread added: 0x00000190270259a0
Event: 0.025 Thread 0x0000019027027a90 Thread added: 0x0000019027027a90
Event: 0.025 Thread 0x000001902702a830 Thread added: 0x000001902702a830
Event: 0.025 Thread 0x0000019027036a50 Thread added: 0x0000019027036a50
Event: 0.037 Thread 0x0000019027268e20 Thread added: 0x0000019027268e20
Event: 0.053 Thread 0x00000190273aace0 Thread added: 0x00000190273aace0
Event: 0.056 Thread 0x000001902741cb70 Thread added: 0x000001902741cb70
Event: 0.111 Thread 0x00000190274b0a30 Thread added: 0x00000190274b0a30
Event: 0.112 Thread 0x00000190274b9da0 Thread added: 0x00000190274b9da0
Event: 0.112 Thread 0x00000190274c2f00 Thread added: 0x00000190274c2f00
Event: 0.160 Thread 0x00000190275197e0 Thread added: 0x00000190275197e0
Event: 0.240 Thread 0x000001902755bb00 Thread added: 0x000001902755bb00
Event: 0.309 Thread 0x0000019005a191a0 Thread exited: 0x0000019005a191a0
Event: 0.309 Thread 0x0000019005a191a0 Thread added: 0x0000019005a191a0
Event: 0.358 Thread 0x000001906db39a90 Thread added: 0x000001906db39a90
Event: 0.771 Thread 0x000001902741cb70 Thread exited: 0x000001902741cb70
Event: 5.229 Thread 0x00000190275197e0 Thread exited: 0x00000190275197e0


Dynamic libraries:
0x00007ff7809b0000 - 0x00007ff7809c0000 	C:\Program Files\Java\jdk-22\bin\java.exe
0x00007ffdd8bf0000 - 0x00007ffdd8e07000 	C:\WINDOWS\SYSTEM32\ntdll.dll
0x00007ffdd7180000 - 0x00007ffdd7244000 	C:\WINDOWS\System32\KERNEL32.DLL
0x00007ffdd6300000 - 0x00007ffdd66a7000 	C:\WINDOWS\System32\KERNELBASE.dll
0x00007ffdd61e0000 - 0x00007ffdd62f1000 	C:\WINDOWS\System32\ucrtbase.dll
0x00007ffd9ed70000 - 0x00007ffd9ed8b000 	C:\Program Files\Java\jdk-22\bin\VCRUNTIME140.dll
0x00007ffdbda40000 - 0x00007ffdbda57000 	C:\Program Files\Java\jdk-22\bin\jli.dll
0x00007ffdd6ae0000 - 0x00007ffdd6b92000 	C:\WINDOWS\System32\ADVAPI32.dll
0x00007ffdd6df0000 - 0x00007ffdd6e97000 	C:\WINDOWS\System32\msvcrt.dll
0x00007ffdd78d0000 - 0x00007ffdd7978000 	C:\WINDOWS\System32\sechost.dll
0x00007ffdd68f0000 - 0x00007ffdd6918000 	C:\WINDOWS\System32\bcrypt.dll
0x00007ffdd7c40000 - 0x00007ffdd7d55000 	C:\WINDOWS\System32\RPCRT4.dll
0x00007ffdd7700000 - 0x00007ffdd78ae000 	C:\WINDOWS\System32\USER32.dll
0x00007ffdd5f10000 - 0x00007ffdd5f36000 	C:\WINDOWS\System32\win32u.dll
0x00007ffdd7d60000 - 0x00007ffdd7d89000 	C:\WINDOWS\System32\GDI32.dll
0x00007ffdd67d0000 - 0x00007ffdd68e9000 	C:\WINDOWS\System32\gdi32full.dll
0x00007ffdd66b0000 - 0x00007ffdd674a000 	C:\WINDOWS\System32\msvcp_win.dll
0x00007ffdb3ef0000 - 0x00007ffdb4183000 	C:\WINDOWS\WinSxS\amd64_microsoft.windows.common-controls_6595b64144ccf1df_6.0.22621.3527_none_270e469b73872a76\COMCTL32.dll
0x00007ffdc8d10000 - 0x00007ffdc8d1a000 	C:\WINDOWS\SYSTEM32\VERSION.dll
0x00007ffdd7d90000 - 0x00007ffdd7dc1000 	C:\WINDOWS\System32\IMM32.DLL
0x00007ffda4130000 - 0x00007ffda413c000 	C:\Program Files\Java\jdk-22\bin\vcruntime140_1.dll
0x00007ffd646b0000 - 0x00007ffd6473e000 	C:\Program Files\Java\jdk-22\bin\msvcp140.dll
0x00007ffd0ece0000 - 0x00007ffd0fa27000 	C:\Program Files\Java\jdk-22\bin\server\jvm.dll
0x00007ffdd6ea0000 - 0x00007ffdd6f11000 	C:\WINDOWS\System32\WS2_32.dll
0x00007ffdd5dd0000 - 0x00007ffdd5e1d000 	C:\WINDOWS\SYSTEM32\POWRPROF.dll
0x00007ffdcbe10000 - 0x00007ffdcbe44000 	C:\WINDOWS\SYSTEM32\WINMM.dll
0x00007ffdd5db0000 - 0x00007ffdd5dc3000 	C:\WINDOWS\SYSTEM32\UMPDC.dll
0x00007ffdd4f30000 - 0x00007ffdd4f48000 	C:\WINDOWS\SYSTEM32\kernel.appcore.dll
0x00007ffda3610000 - 0x00007ffda361a000 	C:\Program Files\Java\jdk-22\bin\jimage.dll
0x00007ffdd38b0000 - 0x00007ffdd3ae3000 	C:\WINDOWS\SYSTEM32\DBGHELP.DLL
0x00007ffdd7370000 - 0x00007ffdd76f8000 	C:\WINDOWS\System32\combase.dll
0x00007ffdd7dd0000 - 0x00007ffdd7ea7000 	C:\WINDOWS\System32\OLEAUT32.dll
0x00007ffdc4660000 - 0x00007ffdc4692000 	C:\WINDOWS\SYSTEM32\dbgcore.DLL
0x00007ffdd6750000 - 0x00007ffdd67c9000 	C:\WINDOWS\System32\bcryptPrimitives.dll
0x00007ffd9b9c0000 - 0x00007ffd9b9de000 	C:\Program Files\Java\jdk-22\bin\java.dll
0x00007ffdd8350000 - 0x00007ffdd8bac000 	C:\WINDOWS\System32\SHELL32.dll
0x00007ffdd7980000 - 0x00007ffdd7b25000 	C:\WINDOWS\System32\ole32.dll
0x00007ffdd3e50000 - 0x00007ffdd4746000 	C:\WINDOWS\SYSTEM32\windows.storage.dll
0x00007ffdd3d10000 - 0x00007ffdd3e4e000 	C:\WINDOWS\SYSTEM32\wintypes.dll
0x00007ffdd7b30000 - 0x00007ffdd7c25000 	C:\WINDOWS\System32\SHCORE.dll
0x00007ffdd6ba0000 - 0x00007ffdd6bfe000 	C:\WINDOWS\System32\shlwapi.dll
0x00007ffdd5e40000 - 0x00007ffdd5e61000 	C:\WINDOWS\SYSTEM32\profapi.dll
0x00007ffd5b060000 - 0x00007ffd5b137000 	C:\Program Files\Java\jdk-22\bin\jsvml.dll
0x00007ffda1d10000 - 0x00007ffda1d20000 	C:\Program Files\Java\jdk-22\bin\net.dll
0x00007ffdd53a0000 - 0x00007ffdd5409000 	C:\WINDOWS\system32\mswsock.dll
0x00007ffd9b970000 - 0x00007ffd9b986000 	C:\Program Files\Java\jdk-22\bin\nio.dll
0x00007ffd9ff60000 - 0x00007ffd9ff77000 	C:\Program Files\Java\jdk-22\bin\zip.dll
0x00007ffd156c0000 - 0x00007ffd1584e000 	C:\Program Files\Java\jdk-22\bin\awt.dll
0x00007ffdd2f40000 - 0x00007ffdd2fd7000 	C:\WINDOWS\SYSTEM32\apphelp.dll
0x00007ffdd3360000 - 0x00007ffdd338b000 	C:\WINDOWS\system32\DWMAPI.DLL
0x00007ffdd30d0000 - 0x00007ffdd317b000 	C:\WINDOWS\system32\uxtheme.dll
0x00007ffd5ad70000 - 0x00007ffd5ae70000 	C:\WINDOWS\system32\opengl32.dll
0x00007ffd9b990000 - 0x00007ffd9b9bd000 	C:\WINDOWS\SYSTEM32\GLU32.dll
0x00007ffdd31f0000 - 0x00007ffdd3229000 	C:\WINDOWS\SYSTEM32\dxcore.dll
0x00007ffdd6fc0000 - 0x00007ffdd7113000 	C:\WINDOWS\System32\MSCTF.dll
0x00007ffd57610000 - 0x00007ffd5763e000 	C:\Program Files\Java\jdk-22\bin\javajpeg.dll
0x00007ffd59510000 - 0x00007ffd59597000 	C:\Program Files\Java\jdk-22\bin\freetype.dll
0x00007ffd58690000 - 0x00007ffd58767000 	C:\Program Files\Java\jdk-22\bin\fontmanager.dll
0x00007ffdd6cf0000 - 0x00007ffdd6da0000 	C:\WINDOWS\System32\clbcatq.dll
0x00007ffdd1880000 - 0x00007ffdd1a30000 	C:\WINDOWS\SYSTEM32\WindowsCodecs.dll
0x00007ffdb6db0000 - 0x00007ffdb6e0e000 	C:\WINDOWS\system32\dataexchange.dll
0x00007ffdcb5c0000 - 0x00007ffdcb84b000 	C:\WINDOWS\system32\twinapi.appcore.dll
0x00007ffdc7490000 - 0x00007ffdc75db000 	C:\WINDOWS\SYSTEM32\textinputframework.dll
0x00007ffda7c20000 - 0x00007ffda7c89000 	C:\WINDOWS\system32\Oleacc.dll
0x00007ffd9f2a0000 - 0x00007ffd9f6e4000 	C:\Windows\System32\uiautomationcore.dll
0x00007ffdd2b70000 - 0x00007ffdd2ca3000 	C:\WINDOWS\SYSTEM32\CoreMessaging.dll
0x00007ffdcd3a0000 - 0x00007ffdcd70c000 	C:\WINDOWS\SYSTEM32\CoreUIComponents.dll
0x00007ffdd5600000 - 0x00007ffdd560c000 	C:\WINDOWS\SYSTEM32\CRYPTBASE.DLL

dbghelp: loaded successfully - version: 4.0.5 - missing functions: none
symbol engine: initialized successfully - sym options: 0x614 - pdb path: .;C:\Program Files\Java\jdk-22\bin;C:\WINDOWS\SYSTEM32;C:\WINDOWS\WinSxS\amd64_microsoft.windows.common-controls_6595b64144ccf1df_6.0.22621.3527_none_270e469b73872a76;C:\Program Files\Java\jdk-22\bin\server

VM Arguments:
jvm_args: -Dfile.encoding=UTF-8 --module-path=C:\Users\Pushpendra Rathor\OneDrive\Documents\NetBeansProjects\airlinemanagementsystem\build\classes 
java_command: airlinemanagementsystem.Cancel
java_class_path (initial): C:\Users\Pushpendra Rathor\Downloads\mysql-connector-java-8.0.28.jar;C:\Users\Pushpendra Rathor\Downloads\rs2xml.jar;C:\Users\Pushpendra Rathor\Downloads\jcalendar-tz-1.3.3-4.jar;C:\Users\Pushpendra Rathor\OneDrive\Documents\NetBeansProjects\airlinemanagementsystem\build\classes
Launcher Type: SUN_STANDARD

[Global flags]
     intx CICompilerCount                          = 4                                         {product} {ergonomic}
     uint ConcGCThreads                            = 3                                         {product} {ergonomic}
     uint G1ConcRefinementThreads                  = 10                                        {product} {ergonomic}
   size_t G1HeapRegionSize                         = 2097152                                   {product} {ergonomic}
   size_t InitialHeapSize                          = 264241152                                 {product} {ergonomic}
   size_t MarkStackSize                            = 4194304                                   {product} {ergonomic}
   size_t MaxHeapSize                              = 4208984064                                {product} {ergonomic}
   size_t MaxNewSize                               = 2524971008                                {product} {ergonomic}
   size_t MinHeapDeltaBytes                        = 2097152                                   {product} {ergonomic}
   size_t MinHeapSize                              = 8388608                                   {product} {ergonomic}
    uintx NonNMethodCodeHeapSize                   = 5839372                                {pd product} {ergonomic}
    uintx NonProfiledCodeHeapSize                  = 122909434                              {pd product} {ergonomic}
    uintx ProfiledCodeHeapSize                     = 122909434                              {pd product} {ergonomic}
    uintx ReservedCodeCacheSize                    = 251658240                              {pd product} {ergonomic}
     bool SegmentedCodeCache                       = true                                      {product} {ergonomic}
   size_t SoftMaxHeapSize                          = 4208984064                             {manageable} {ergonomic}
     bool UseCompressedOops                        = true                           {product lp64_product} {ergonomic}
     bool UseG1GC                                  = true                                      {product} {ergonomic}
     bool UseLargePagesIndividualAllocation        = false                                  {pd product} {ergonomic}

Logging:
Log output configuration:
 #0: stdout all=warning uptime,level,tags foldmultilines=false
 #1: stderr all=off uptime,level,tags foldmultilines=false

Environment Variables:
JAVA_HOME=C:\Program Files\Java;C:\Program Files\Java\jdk-19;C:\Program Files\Java\jdk-19\bin
PATH=C:\Program Files\Common Files\Oracle\Java\javapath;C:\Program Files\Java\jdk-18.0.2.1\bin;C:\WINDOWS\system32;C:\WINDOWS;C:\WINDOWS\System32\Wbem;C:\WINDOWS\System32\WindowsPowerShell\v1.0\;C:\WINDOWS\System32\OpenSSH\;C:\Program Files\dotnet\;C:\Program Files\HP\HP One Agent;C:\Program Files\PowerShell\7\;C:\Program Files\Git\cmd;C:\Program Files\Java\jdk-22\bin;C:\Program Files\MySQL\MySQL Shell 8.0\bin\;C:\Users\Pushpendra Rathor\AppData\Local\Programs\Python\Python312\Scripts\;C:\Users\Pushpendra Rathor\AppData\Local\Programs\Python\Python312\;C:\Users\Pushpendra Rathor\AppData\Local\Microsoft\WindowsApps;C:\msys64\mingw64\bin;C:\Program Files\JetBrains\IntelliJ IDEA Community Edition 2023.1.3\bin;;C:\Users\Pushpendra Rathor\AppData\Local\GitHubDesktop\bin;C:\Users\Pushpendra Rathor\AppData\Local\Programs\Microsoft VS Code\bin
USERNAME=Pushpendra Rathor
OS=Windows_NT
PROCESSOR_IDENTIFIER=Intel64 Family 6 Model 154 Stepping 4, GenuineIntel
TMP=C:\Users\PUSHPE~1\AppData\Local\Temp
TEMP=C:\Users\PUSHPE~1\AppData\Local\Temp




Periodic native trim disabled

---------------  S Y S T E M  ---------------

OS:
 Windows 11 , 64 bit Build 22621 (10.0.22621.3527)
OS uptime: 13 days 8:14 hours

CPU: total 12 (initial active 12) (6 cores per cpu, 2 threads per core) family 6 model 154 stepping 4 microcode 0x42c, cx8, cmov, fxsr, ht, mmx, 3dnowpref, sse, sse2, sse3, ssse3, sse4.1, sse4.2, popcnt, lzcnt, tsc, tscinvbit, avx, avx2, aes, erms, clmul, bmi1, bmi2, adx, sha, fma, vzeroupper, clflush, clflushopt, clwb, serialize, rdtscp, rdpid, fsrm, f16c, pku, cet_ibt, cet_ss
Processor Information for processor 0
  Max Mhz: 1300, Current Mhz: 1300, Mhz Limit: 1300
Processor Information for processor 1
  Max Mhz: 1300, Current Mhz: 1300, Mhz Limit: 1300
Processor Information for processor 2
  Max Mhz: 1300, Current Mhz: 1300, Mhz Limit: 1300
Processor Information for processor 3
  Max Mhz: 1300, Current Mhz: 1300, Mhz Limit: 1300
Processor Information for processor 4
  Max Mhz: 1300, Current Mhz: 900, Mhz Limit: 897
Processor Information for processor 5
  Max Mhz: 1300, Current Mhz: 900, Mhz Limit: 897
Processor Information for processor 6
  Max Mhz: 1300, Current Mhz: 900, Mhz Limit: 897
Processor Information for processor 7
  Max Mhz: 1300, Current Mhz: 900, Mhz Limit: 897
Processor Information for processor 8
  Max Mhz: 1300, Current Mhz: 900, Mhz Limit: 897
Processor Information for processor 9
  Max Mhz: 1300, Current Mhz: 900, Mhz Limit: 897
Processor Information for processor 10
  Max Mhz: 1300, Current Mhz: 900, Mhz Limit: 897
Processor Information for processor 11
  Max Mhz: 1300, Current Mhz: 900, Mhz Limit: 897

Memory: 4k page, system-wide physical 16052M (4597M free)
TotalPageFile size 51973M (AvailPageFile size 3M)
current process WorkingSet (physical memory assigned to process): 79M, peak: 79M
current process commit charge ("private bytes"): 358M, peak: 359M

vm_info: Java HotSpot(TM) 64-Bit Server VM (22.0.1+8-16) for windows-amd64 JRE (22.0.1+8-16), built on 2024-03-12T10:33:16Z by "mach5one" with MS VC++ 17.6 (VS2022)

END.
