#
# There is insufficient memory for the Java Runtime Environment to continue.
# Native memory allocation (malloc) failed to allocate 32744 bytes. Error detail: Chunk::new
# Possible reasons:
#   The system is out of physical RAM or swap space
#   This process is running with CompressedOops enabled, and the Java Heap may be blocking the growth of the native heap
# Possible solutions:
#   Reduce memory load on the system
#   Increase physical memory or swap space
#   Check if swap backing store is full
#   Decrease Java heap size (-Xmx/-Xms)
#   Decrease number of Java threads
#   Decrease Java thread stack sizes (-Xss)
#   Set larger code cache with -XX:ReservedCodeCacheSize=
#   JVM is running with Zero Based Compressed Oops mode in which the Java heap is
#     placed in the first 32GB address space. The Java Heap base address is the
#     maximum limit for the native heap growth. Please use -XX:HeapBaseMinAddress
#     to set the Java Heap base and to place the Java Heap above 32GB virtual address.
# This output file may be truncated or incomplete.
#
#  Out of Memory Error (arena.cpp:150), pid=37136, tid=42556
#
# JRE version: Java(TM) SE Runtime Environment (22.0.1+8) (build 22.0.1+8-16)
# Java VM: Java HotSpot(TM) 64-Bit Server VM (22.0.1+8-16, mixed mode, sharing, tiered, compressed oops, compressed class ptrs, g1 gc, windows-amd64)
# No core dump will be written. Minidumps are not enabled by default on client versions of Windows
#

---------------  S U M M A R Y ------------

Command Line: -Dfile.encoding=UTF-8 --module-path=C:\Users\Pushpendra Rathor\OneDrive\Documents\NetBeansProjects\airlinemanagementsystem\build\classes airlinemanagementsystem.Home

Host: 12th Gen Intel(R) Core(TM) i5-1235U, 12 cores, 15G,  Windows 11 , 64 bit Build 22621 (10.0.22621.3527)
Time: Thu Jun 13 02:14:13 2024 India Standard Time elapsed time: 106362.004178 seconds (1d 5h 32m 42s)

---------------  T H R E A D  ---------------

Current thread (0x000001bae6a890a0):  JavaThread "C2 CompilerThread0" daemon [_thread_in_native, id=42556, stack(0x0000000bd8200000,0x0000000bd8300000) (1024K)]


Current CompileTask:
C2:106362004 1882       4       java.util.HashMap$KeyIterator::next (8 bytes)

Stack: [0x0000000bd8200000,0x0000000bd8300000]
Native frames: (J=compiled Java code, j=interpreted, Vv=VM code, C=native code)
V  [jvm.dll+0x6e2279]  (no source info available)
V  [jvm.dll+0x874e33]  (no source info available)
V  [jvm.dll+0x87725e]  (no source info available)
V  [jvm.dll+0x877933]  (no source info available)
V  [jvm.dll+0x27fd76]  (no source info available)
V  [jvm.dll+0xc3d0f]  (no source info available)
V  [jvm.dll+0xc3f6b]  (no source info available)
V  [jvm.dll+0x66bf5b]  (no source info available)
V  [jvm.dll+0x66c0ff]  (no source info available)
V  [jvm.dll+0x671b79]  (no source info available)
V  [jvm.dll+0x672ba9]  (no source info available)
V  [jvm.dll+0x670ee5]  (no source info available)
V  [jvm.dll+0x247797]  (no source info available)
V  [jvm.dll+0x246fbf]  (no source info available)
V  [jvm.dll+0x1c4e90]  (no source info available)
V  [jvm.dll+0x2569fe]  (no source info available)
V  [jvm.dll+0x254cba]  (no source info available)
V  [jvm.dll+0x3f5336]  (no source info available)
V  [jvm.dll+0x81d44b]  (no source info available)
V  [jvm.dll+0x6e0915]  (no source info available)
C  [ucrtbase.dll+0x29333]  (no source info available)
C  [KERNEL32.DLL+0x1257d]  (no source info available)
C  [ntdll.dll+0x5aa48]  (no source info available)


---------------  P R O C E S S  ---------------

Threads class SMR info:
_java_thread_list=0x000001bae70c4b50, length=16, elements={
0x000001bae6a77c60, 0x000001bae6a78b80, 0x000001bae6a7a7f0, 0x000001bae6a81770,
0x000001bae6a84720, 0x000001bae6a88310, 0x000001bae6a890a0, 0x000001bae6a8bc90,
0x000001bae6bee420, 0x000001bae6cb1010, 0x000001bae6e97890, 0x000001bae6e6e3b0,
0x000001bae6e6ea20, 0x000001bae6e9e520, 0x000001bac55a6590, 0x000001bae780dd10
}

Java Threads: ( => current thread )
  0x000001bae6a77c60 JavaThread "Reference Handler"          daemon [_thread_blocked, id=45572, stack(0x0000000bd7c00000,0x0000000bd7d00000) (1024K)]
  0x000001bae6a78b80 JavaThread "Finalizer"                  daemon [_thread_blocked, id=9356, stack(0x0000000bd7d00000,0x0000000bd7e00000) (1024K)]
  0x000001bae6a7a7f0 JavaThread "Signal Dispatcher"          daemon [_thread_blocked, id=32156, stack(0x0000000bd7e00000,0x0000000bd7f00000) (1024K)]
  0x000001bae6a81770 JavaThread "Attach Listener"            daemon [_thread_blocked, id=45956, stack(0x0000000bd7f00000,0x0000000bd8000000) (1024K)]
  0x000001bae6a84720 JavaThread "Service Thread"             daemon [_thread_blocked, id=26536, stack(0x0000000bd8000000,0x0000000bd8100000) (1024K)]
  0x000001bae6a88310 JavaThread "Monitor Deflation Thread"   daemon [_thread_blocked, id=24740, stack(0x0000000bd8100000,0x0000000bd8200000) (1024K)]
=>0x000001bae6a890a0 JavaThread "C2 CompilerThread0"         daemon [_thread_in_native, id=42556, stack(0x0000000bd8200000,0x0000000bd8300000) (1024K)]
  0x000001bae6a8bc90 JavaThread "C1 CompilerThread0"         daemon [_thread_blocked, id=46632, stack(0x0000000bd8300000,0x0000000bd8400000) (1024K)]
  0x000001bae6bee420 JavaThread "Common-Cleaner"             daemon [_thread_blocked, id=46416, stack(0x0000000bd8400000,0x0000000bd8500000) (1024K)]
  0x000001bae6cb1010 JavaThread "Notification Thread"        daemon [_thread_blocked, id=46612, stack(0x0000000bd8500000,0x0000000bd8600000) (1024K)]
  0x000001bae6e97890 JavaThread "Java2D Disposer"            daemon [_thread_blocked, id=29172, stack(0x0000000bd8700000,0x0000000bd8800000) (1024K)]
  0x000001bae6e6e3b0 JavaThread "AWT-Shutdown"                      [_thread_blocked, id=10616, stack(0x0000000bd8800000,0x0000000bd8900000) (1024K)]
  0x000001bae6e6ea20 JavaThread "AWT-Windows"                daemon [_thread_in_native, id=44540, stack(0x0000000bd8900000,0x0000000bd8a00000) (1024K)]
  0x000001bae6e9e520 JavaThread "AWT-EventQueue-0"                  [_thread_blocked, id=27900, stack(0x0000000bd8b00000,0x0000000bd8c00000) (1024K)]
  0x000001bac55a6590 JavaThread "DestroyJavaVM"                     [_thread_blocked, id=33852, stack(0x0000000bd7400000,0x0000000bd7500000) (1024K)]
  0x000001bae780dd10 JavaThread "TimerQueue"                 daemon [_thread_blocked, id=45984, stack(0x0000000bd8600000,0x0000000bd8700000) (1024K)]
Total: 16

Other Threads:
  0x000001bae6a5d9a0 VMThread "VM Thread"                           [id=46976, stack(0x0000000bd7b00000,0x0000000bd7c00000) (1024K)]
  0x000001bae6a441f0 WatcherThread "VM Periodic Task Thread"        [id=43064, stack(0x0000000bd7a00000,0x0000000bd7b00000) (1024K)]
  0x000001bac77303a0 WorkerThread "GC Thread#0"                     [id=40664, stack(0x0000000bd7500000,0x0000000bd7600000) (1024K)]
  0x000001bae713e7b0 WorkerThread "GC Thread#1"                     [id=8976, stack(0x0000000bd7200000,0x0000000bd7300000) (1024K)]
  0x000001bae6d9dca0 WorkerThread "GC Thread#2"                     [id=40568, stack(0x0000000bd7300000,0x0000000bd7400000) (1024K)]
  0x000001bae6d9e050 WorkerThread "GC Thread#3"                     [id=37392, stack(0x0000000bd8a00000,0x0000000bd8b00000) (1024K)]
  0x000001bae6d9e400 WorkerThread "GC Thread#4"                     [id=44396, stack(0x0000000bd8d00000,0x0000000bd8e00000) (1024K)]
  0x000001bae6d9e7b0 WorkerThread "GC Thread#5"                     [id=36852, stack(0x0000000bd8e00000,0x0000000bd8f00000) (1024K)]
  0x000001bae6caa060 WorkerThread "GC Thread#6"                     [id=43572, stack(0x0000000bd8f00000,0x0000000bd9000000) (1024K)]
  0x000001bae6cafd80 WorkerThread "GC Thread#7"                     [id=41144, stack(0x0000000bd9000000,0x0000000bd9100000) (1024K)]
  0x000001bae6cb0130 WorkerThread "GC Thread#8"                     [id=2632, stack(0x0000000bd9100000,0x0000000bd9200000) (1024K)]
  0x000001bae6cb04e0 WorkerThread "GC Thread#9"                     [id=13680, stack(0x0000000bd9200000,0x0000000bd9300000) (1024K)]
  0x000001bac7741580 ConcurrentGCThread "G1 Main Marker"            [id=43408, stack(0x0000000bd7600000,0x0000000bd7700000) (1024K)]
  0x000001bac7743560 WorkerThread "G1 Conc#0"                       [id=40708, stack(0x0000000bd7700000,0x0000000bd7800000) (1024K)]
  0x000001bae69180a0 ConcurrentGCThread "G1 Refine#0"               [id=39844, stack(0x0000000bd7800000,0x0000000bd7900000) (1024K)]
  0x000001bae6918b30 ConcurrentGCThread "G1 Service"                [id=33992, stack(0x0000000bd7900000,0x0000000bd7a00000) (1024K)]
Total: 16

Threads with active compile tasks:
C2 CompilerThread0  106362069 1882       4       java.util.HashMap$KeyIterator::next (8 bytes)
Total: 1

VM state: not at safepoint (normal execution)

VM Mutex/Monitor currently owned by a thread: None

Heap address: 0x0000000705200000, size: 4014 MB, Compressed Oops mode: Zero based, Oop shift amount: 3

CDS archive(s) mapped at: [0x000001ba80000000-0x000001ba80c60000-0x000001ba80c60000), size 12976128, SharedBaseAddress: 0x000001ba80000000, ArchiveRelocationMode: 1.
Compressed class space mapped at: 0x000001ba81000000-0x000001bac1000000, reserved size: 1073741824
Narrow klass base: 0x000001ba80000000, Narrow klass shift: 0, Narrow klass range: 0x41000000

GC Precious Log:
 CardTable entry size: 512
 Card Set container configuration: InlinePtr #cards 4 size 8 Array Of Cards #cards 16 size 48 Howl #buckets 8 coarsen threshold 3686 Howl Bitmap #cards 512 size 80 coarsen threshold 460 Card regions per heap region 1 cards per card region 4096
 CPUs: 12 total, 12 available
 Memory: 16052M
 Large Page Support: Disabled
 NUMA Support: Disabled
 Compressed Oops: Enabled (Zero based)
 Heap Region Size: 2M
 Heap Min Capacity: 8M
 Heap Initial Capacity: 252M
 Heap Max Capacity: 4014M
 Pre-touch: Disabled
 Parallel Workers: 10
 Concurrent Workers: 3
 Concurrent Refinement Workers: 10
 Periodic GC: Disabled

Heap:
 garbage-first heap   total reserved 4110336K, committed 258048K, used 32728K [0x0000000705200000, 0x0000000800000000)
  region size 2048K, 4 young (8192K), 2 survivors (4096K)
 Metaspace       used 8787K, committed 9024K, reserved 1114112K
  class space    used 912K, committed 1024K, reserved 1048576K

Heap Regions: E=young(eden), S=young(survivor), O=old, HS=humongous(starts), HC=humongous(continues), CS=collection set, F=free, TAMS=top-at-mark-start, PB=parsable bottom
|   0|0x0000000705200000, 0x0000000705400000, 0x0000000705400000|100%|HS|  |TAMS 0x0000000705200000| PB 0x0000000705200000| Complete |  0
|   1|0x0000000705400000, 0x0000000705600000, 0x0000000705600000|100%|HS|  |TAMS 0x0000000705400000| PB 0x0000000705400000| Complete |  0
|   2|0x0000000705600000, 0x0000000705800000, 0x0000000705800000|100%|HC|  |TAMS 0x0000000705600000| PB 0x0000000705600000| Complete |  0
|   3|0x0000000705800000, 0x0000000705a00000, 0x0000000705a00000|100%|HC|  |TAMS 0x0000000705800000| PB 0x0000000705800000| Complete |  0
|   4|0x0000000705a00000, 0x0000000705c00000, 0x0000000705c00000|100%|HC|  |TAMS 0x0000000705a00000| PB 0x0000000705a00000| Complete |  0
|   5|0x0000000705c00000, 0x0000000705df6358, 0x0000000705e00000| 98%| O|  |TAMS 0x0000000705c00000| PB 0x0000000705c00000| Untracked |  0
|   6|0x0000000705e00000, 0x0000000706000000, 0x0000000706000000|100%|HS|  |TAMS 0x0000000705e00000| PB 0x0000000705e00000| Complete |  0
|   7|0x0000000706000000, 0x0000000706200000, 0x0000000706200000|100%|HC|  |TAMS 0x0000000706000000| PB 0x0000000706000000| Complete |  0
|   8|0x0000000706200000, 0x0000000706400000, 0x0000000706400000|100%|HC|  |TAMS 0x0000000706200000| PB 0x0000000706200000| Complete |  0
|   9|0x0000000706400000, 0x0000000706600000, 0x0000000706600000|100%|HS|  |TAMS 0x0000000706400000| PB 0x0000000706400000| Complete |  0
|  10|0x0000000706600000, 0x0000000706800000, 0x0000000706800000|100%|HC|  |TAMS 0x0000000706600000| PB 0x0000000706600000| Complete |  0
|  11|0x0000000706800000, 0x0000000706a00000, 0x0000000706a00000|100%|HC|  |TAMS 0x0000000706800000| PB 0x0000000706800000| Complete |  0
|  12|0x0000000706a00000, 0x0000000706c00000, 0x0000000706c00000|100%|HC|  |TAMS 0x0000000706a00000| PB 0x0000000706a00000| Complete |  0
|  13|0x0000000706c00000, 0x0000000706c00000, 0x0000000706e00000|  0%| F|  |TAMS 0x0000000706c00000| PB 0x0000000706c00000| Untracked |  0
|  14|0x0000000706e00000, 0x0000000706e00000, 0x0000000707000000|  0%| F|  |TAMS 0x0000000706e00000| PB 0x0000000706e00000| Untracked |  0
|  15|0x0000000707000000, 0x0000000707000000, 0x0000000707200000|  0%| F|  |TAMS 0x0000000707000000| PB 0x0000000707000000| Untracked |  0
|  16|0x0000000707200000, 0x0000000707200000, 0x0000000707400000|  0%| F|  |TAMS 0x0000000707200000| PB 0x0000000707200000| Untracked |  0
|  17|0x0000000707400000, 0x0000000707400000, 0x0000000707600000|  0%| F|  |TAMS 0x0000000707400000| PB 0x0000000707400000| Untracked |  0
|  18|0x0000000707600000, 0x0000000707600000, 0x0000000707800000|  0%| F|  |TAMS 0x0000000707600000| PB 0x0000000707600000| Untracked |  0
|  19|0x0000000707800000, 0x0000000707800000, 0x0000000707a00000|  0%| F|  |TAMS 0x0000000707800000| PB 0x0000000707800000| Untracked |  0
|  20|0x0000000707a00000, 0x0000000707a00000, 0x0000000707c00000|  0%| F|  |TAMS 0x0000000707a00000| PB 0x0000000707a00000| Untracked |  0
|  21|0x0000000707c00000, 0x0000000707c00000, 0x0000000707e00000|  0%| F|  |TAMS 0x0000000707c00000| PB 0x0000000707c00000| Untracked |  0
|  22|0x0000000707e00000, 0x0000000707e00000, 0x0000000708000000|  0%| F|  |TAMS 0x0000000707e00000| PB 0x0000000707e00000| Untracked |  0
|  23|0x0000000708000000, 0x0000000708000000, 0x0000000708200000|  0%| F|  |TAMS 0x0000000708000000| PB 0x0000000708000000| Untracked |  0
|  24|0x0000000708200000, 0x0000000708200000, 0x0000000708400000|  0%| F|  |TAMS 0x0000000708200000| PB 0x0000000708200000| Untracked |  0
|  25|0x0000000708400000, 0x0000000708400000, 0x0000000708600000|  0%| F|  |TAMS 0x0000000708400000| PB 0x0000000708400000| Untracked |  0
|  26|0x0000000708600000, 0x0000000708600000, 0x0000000708800000|  0%| F|  |TAMS 0x0000000708600000| PB 0x0000000708600000| Untracked |  0
|  27|0x0000000708800000, 0x0000000708800000, 0x0000000708a00000|  0%| F|  |TAMS 0x0000000708800000| PB 0x0000000708800000| Untracked |  0
|  28|0x0000000708a00000, 0x0000000708a00000, 0x0000000708c00000|  0%| F|  |TAMS 0x0000000708a00000| PB 0x0000000708a00000| Untracked |  0
|  29|0x0000000708c00000, 0x0000000708c00000, 0x0000000708e00000|  0%| F|  |TAMS 0x0000000708c00000| PB 0x0000000708c00000| Untracked |  0
|  30|0x0000000708e00000, 0x0000000708e00000, 0x0000000709000000|  0%| F|  |TAMS 0x0000000708e00000| PB 0x0000000708e00000| Untracked |  0
|  31|0x0000000709000000, 0x0000000709000000, 0x0000000709200000|  0%| F|  |TAMS 0x0000000709000000| PB 0x0000000709000000| Untracked |  0
|  32|0x0000000709200000, 0x0000000709200000, 0x0000000709400000|  0%| F|  |TAMS 0x0000000709200000| PB 0x0000000709200000| Untracked |  0
|  33|0x0000000709400000, 0x0000000709400000, 0x0000000709600000|  0%| F|  |TAMS 0x0000000709400000| PB 0x0000000709400000| Untracked |  0
|  34|0x0000000709600000, 0x0000000709600000, 0x0000000709800000|  0%| F|  |TAMS 0x0000000709600000| PB 0x0000000709600000| Untracked |  0
|  35|0x0000000709800000, 0x0000000709800000, 0x0000000709a00000|  0%| F|  |TAMS 0x0000000709800000| PB 0x0000000709800000| Untracked |  0
|  36|0x0000000709a00000, 0x0000000709a00000, 0x0000000709c00000|  0%| F|  |TAMS 0x0000000709a00000| PB 0x0000000709a00000| Untracked |  0
|  37|0x0000000709c00000, 0x0000000709c00000, 0x0000000709e00000|  0%| F|  |TAMS 0x0000000709c00000| PB 0x0000000709c00000| Untracked |  0
|  38|0x0000000709e00000, 0x0000000709e00000, 0x000000070a000000|  0%| F|  |TAMS 0x0000000709e00000| PB 0x0000000709e00000| Untracked |  0
|  39|0x000000070a000000, 0x000000070a000000, 0x000000070a200000|  0%| F|  |TAMS 0x000000070a000000| PB 0x000000070a000000| Untracked |  0
|  40|0x000000070a200000, 0x000000070a200000, 0x000000070a400000|  0%| F|  |TAMS 0x000000070a200000| PB 0x000000070a200000| Untracked |  0
|  41|0x000000070a400000, 0x000000070a400000, 0x000000070a600000|  0%| F|  |TAMS 0x000000070a400000| PB 0x000000070a400000| Untracked |  0
|  42|0x000000070a600000, 0x000000070a600000, 0x000000070a800000|  0%| F|  |TAMS 0x000000070a600000| PB 0x000000070a600000| Untracked |  0
|  43|0x000000070a800000, 0x000000070a800000, 0x000000070aa00000|  0%| F|  |TAMS 0x000000070a800000| PB 0x000000070a800000| Untracked |  0
|  44|0x000000070aa00000, 0x000000070aa00000, 0x000000070ac00000|  0%| F|  |TAMS 0x000000070aa00000| PB 0x000000070aa00000| Untracked |  0
|  45|0x000000070ac00000, 0x000000070ac00000, 0x000000070ae00000|  0%| F|  |TAMS 0x000000070ac00000| PB 0x000000070ac00000| Untracked |  0
|  46|0x000000070ae00000, 0x000000070ae00000, 0x000000070b000000|  0%| F|  |TAMS 0x000000070ae00000| PB 0x000000070ae00000| Untracked |  0
|  47|0x000000070b000000, 0x000000070b000000, 0x000000070b200000|  0%| F|  |TAMS 0x000000070b000000| PB 0x000000070b000000| Untracked |  0
|  48|0x000000070b200000, 0x000000070b200000, 0x000000070b400000|  0%| F|  |TAMS 0x000000070b200000| PB 0x000000070b200000| Untracked |  0
|  49|0x000000070b400000, 0x000000070b400000, 0x000000070b600000|  0%| F|  |TAMS 0x000000070b400000| PB 0x000000070b400000| Untracked |  0
|  50|0x000000070b600000, 0x000000070b600000, 0x000000070b800000|  0%| F|  |TAMS 0x000000070b600000| PB 0x000000070b600000| Untracked |  0
|  51|0x000000070b800000, 0x000000070b800000, 0x000000070ba00000|  0%| F|  |TAMS 0x000000070b800000| PB 0x000000070b800000| Untracked |  0
|  52|0x000000070ba00000, 0x000000070ba00000, 0x000000070bc00000|  0%| F|  |TAMS 0x000000070ba00000| PB 0x000000070ba00000| Untracked |  0
|  53|0x000000070bc00000, 0x000000070bc00000, 0x000000070be00000|  0%| F|  |TAMS 0x000000070bc00000| PB 0x000000070bc00000| Untracked |  0
|  54|0x000000070be00000, 0x000000070be00000, 0x000000070c000000|  0%| F|  |TAMS 0x000000070be00000| PB 0x000000070be00000| Untracked |  0
|  55|0x000000070c000000, 0x000000070c000000, 0x000000070c200000|  0%| F|  |TAMS 0x000000070c000000| PB 0x000000070c000000| Untracked |  0
|  56|0x000000070c200000, 0x000000070c200000, 0x000000070c400000|  0%| F|  |TAMS 0x000000070c200000| PB 0x000000070c200000| Untracked |  0
|  57|0x000000070c400000, 0x000000070c400000, 0x000000070c600000|  0%| F|  |TAMS 0x000000070c400000| PB 0x000000070c400000| Untracked |  0
|  58|0x000000070c600000, 0x000000070c600000, 0x000000070c800000|  0%| F|  |TAMS 0x000000070c600000| PB 0x000000070c600000| Untracked |  0
|  59|0x000000070c800000, 0x000000070c800000, 0x000000070ca00000|  0%| F|  |TAMS 0x000000070c800000| PB 0x000000070c800000| Untracked |  0
|  60|0x000000070ca00000, 0x000000070ca00000, 0x000000070cc00000|  0%| F|  |TAMS 0x000000070ca00000| PB 0x000000070ca00000| Untracked |  0
|  61|0x000000070cc00000, 0x000000070cc00000, 0x000000070ce00000|  0%| F|  |TAMS 0x000000070cc00000| PB 0x000000070cc00000| Untracked |  0
|  62|0x000000070ce00000, 0x000000070ce00000, 0x000000070d000000|  0%| F|  |TAMS 0x000000070ce00000| PB 0x000000070ce00000| Untracked |  0
|  63|0x000000070d000000, 0x000000070d000000, 0x000000070d200000|  0%| F|  |TAMS 0x000000070d000000| PB 0x000000070d000000| Untracked |  0
|  64|0x000000070d200000, 0x000000070d200000, 0x000000070d400000|  0%| F|  |TAMS 0x000000070d200000| PB 0x000000070d200000| Untracked |  0
|  65|0x000000070d400000, 0x000000070d400000, 0x000000070d600000|  0%| F|  |TAMS 0x000000070d400000| PB 0x000000070d400000| Untracked |  0
|  66|0x000000070d600000, 0x000000070d600000, 0x000000070d800000|  0%| F|  |TAMS 0x000000070d600000| PB 0x000000070d600000| Untracked |  0
|  67|0x000000070d800000, 0x000000070d800000, 0x000000070da00000|  0%| F|  |TAMS 0x000000070d800000| PB 0x000000070d800000| Untracked |  0
|  68|0x000000070da00000, 0x000000070da00000, 0x000000070dc00000|  0%| F|  |TAMS 0x000000070da00000| PB 0x000000070da00000| Untracked |  0
|  69|0x000000070dc00000, 0x000000070dc00000, 0x000000070de00000|  0%| F|  |TAMS 0x000000070dc00000| PB 0x000000070dc00000| Untracked |  0
|  70|0x000000070de00000, 0x000000070de00000, 0x000000070e000000|  0%| F|  |TAMS 0x000000070de00000| PB 0x000000070de00000| Untracked |  0
|  71|0x000000070e000000, 0x000000070e000000, 0x000000070e200000|  0%| F|  |TAMS 0x000000070e000000| PB 0x000000070e000000| Untracked |  0
|  72|0x000000070e200000, 0x000000070e200000, 0x000000070e400000|  0%| F|  |TAMS 0x000000070e200000| PB 0x000000070e200000| Untracked |  0
|  73|0x000000070e400000, 0x000000070e400000, 0x000000070e600000|  0%| F|  |TAMS 0x000000070e400000| PB 0x000000070e400000| Untracked |  0
|  74|0x000000070e600000, 0x000000070e600000, 0x000000070e800000|  0%| F|  |TAMS 0x000000070e600000| PB 0x000000070e600000| Untracked |  0
|  75|0x000000070e800000, 0x000000070e800000, 0x000000070ea00000|  0%| F|  |TAMS 0x000000070e800000| PB 0x000000070e800000| Untracked |  0
|  76|0x000000070ea00000, 0x000000070ea00000, 0x000000070ec00000|  0%| F|  |TAMS 0x000000070ea00000| PB 0x000000070ea00000| Untracked |  0
|  77|0x000000070ec00000, 0x000000070ec00000, 0x000000070ee00000|  0%| F|  |TAMS 0x000000070ec00000| PB 0x000000070ec00000| Untracked |  0
|  78|0x000000070ee00000, 0x000000070ee00000, 0x000000070f000000|  0%| F|  |TAMS 0x000000070ee00000| PB 0x000000070ee00000| Untracked |  0
|  79|0x000000070f000000, 0x000000070f000000, 0x000000070f200000|  0%| F|  |TAMS 0x000000070f000000| PB 0x000000070f000000| Untracked |  0
|  80|0x000000070f200000, 0x000000070f200000, 0x000000070f400000|  0%| F|  |TAMS 0x000000070f200000| PB 0x000000070f200000| Untracked |  0
|  81|0x000000070f400000, 0x000000070f400000, 0x000000070f600000|  0%| F|  |TAMS 0x000000070f400000| PB 0x000000070f400000| Untracked |  0
|  82|0x000000070f600000, 0x000000070f600000, 0x000000070f800000|  0%| F|  |TAMS 0x000000070f600000| PB 0x000000070f600000| Untracked |  0
|  83|0x000000070f800000, 0x000000070f800000, 0x000000070fa00000|  0%| F|  |TAMS 0x000000070f800000| PB 0x000000070f800000| Untracked |  0
|  84|0x000000070fa00000, 0x000000070fa00000, 0x000000070fc00000|  0%| F|  |TAMS 0x000000070fa00000| PB 0x000000070fa00000| Untracked |  0
|  85|0x000000070fc00000, 0x000000070fc00000, 0x000000070fe00000|  0%| F|  |TAMS 0x000000070fc00000| PB 0x000000070fc00000| Untracked |  0
|  86|0x000000070fe00000, 0x000000070fe00000, 0x0000000710000000|  0%| F|  |TAMS 0x000000070fe00000| PB 0x000000070fe00000| Untracked |  0
|  87|0x0000000710000000, 0x0000000710000000, 0x0000000710200000|  0%| F|  |TAMS 0x0000000710000000| PB 0x0000000710000000| Untracked |  0
|  88|0x0000000710200000, 0x0000000710200000, 0x0000000710400000|  0%| F|  |TAMS 0x0000000710200000| PB 0x0000000710200000| Untracked |  0
|  89|0x0000000710400000, 0x0000000710400000, 0x0000000710600000|  0%| F|  |TAMS 0x0000000710400000| PB 0x0000000710400000| Untracked |  0
|  90|0x0000000710600000, 0x0000000710600000, 0x0000000710800000|  0%| F|  |TAMS 0x0000000710600000| PB 0x0000000710600000| Untracked |  0
|  91|0x0000000710800000, 0x0000000710800000, 0x0000000710a00000|  0%| F|  |TAMS 0x0000000710800000| PB 0x0000000710800000| Untracked |  0
|  92|0x0000000710a00000, 0x0000000710a00000, 0x0000000710c00000|  0%| F|  |TAMS 0x0000000710a00000| PB 0x0000000710a00000| Untracked |  0
|  93|0x0000000710c00000, 0x0000000710c00000, 0x0000000710e00000|  0%| F|  |TAMS 0x0000000710c00000| PB 0x0000000710c00000| Untracked |  0
|  94|0x0000000710e00000, 0x0000000710e00000, 0x0000000711000000|  0%| F|  |TAMS 0x0000000710e00000| PB 0x0000000710e00000| Untracked |  0
|  95|0x0000000711000000, 0x0000000711000000, 0x0000000711200000|  0%| F|  |TAMS 0x0000000711000000| PB 0x0000000711000000| Untracked |  0
|  96|0x0000000711200000, 0x0000000711200000, 0x0000000711400000|  0%| F|  |TAMS 0x0000000711200000| PB 0x0000000711200000| Untracked |  0
|  97|0x0000000711400000, 0x0000000711400000, 0x0000000711600000|  0%| F|  |TAMS 0x0000000711400000| PB 0x0000000711400000| Untracked |  0
|  98|0x0000000711600000, 0x0000000711600000, 0x0000000711800000|  0%| F|  |TAMS 0x0000000711600000| PB 0x0000000711600000| Untracked |  0
|  99|0x0000000711800000, 0x0000000711800000, 0x0000000711a00000|  0%| F|  |TAMS 0x0000000711800000| PB 0x0000000711800000| Untracked |  0
| 100|0x0000000711a00000, 0x0000000711a00000, 0x0000000711c00000|  0%| F|  |TAMS 0x0000000711a00000| PB 0x0000000711a00000| Untracked |  0
| 101|0x0000000711c00000, 0x0000000711c00000, 0x0000000711e00000|  0%| F|  |TAMS 0x0000000711c00000| PB 0x0000000711c00000| Untracked |  0
| 102|0x0000000711e00000, 0x0000000711e00000, 0x0000000712000000|  0%| F|  |TAMS 0x0000000711e00000| PB 0x0000000711e00000| Untracked |  0
| 103|0x0000000712000000, 0x0000000712000000, 0x0000000712200000|  0%| F|  |TAMS 0x0000000712000000| PB 0x0000000712000000| Untracked |  0
| 104|0x0000000712200000, 0x0000000712200000, 0x0000000712400000|  0%| F|  |TAMS 0x0000000712200000| PB 0x0000000712200000| Untracked |  0
| 105|0x0000000712400000, 0x0000000712400000, 0x0000000712600000|  0%| F|  |TAMS 0x0000000712400000| PB 0x0000000712400000| Untracked |  0
| 106|0x0000000712600000, 0x0000000712600000, 0x0000000712800000|  0%| F|  |TAMS 0x0000000712600000| PB 0x0000000712600000| Untracked |  0
| 107|0x0000000712800000, 0x0000000712800000, 0x0000000712a00000|  0%| F|  |TAMS 0x0000000712800000| PB 0x0000000712800000| Untracked |  0
| 108|0x0000000712a00000, 0x0000000712a00000, 0x0000000712c00000|  0%| F|  |TAMS 0x0000000712a00000| PB 0x0000000712a00000| Untracked |  0
| 109|0x0000000712c00000, 0x0000000712c00000, 0x0000000712e00000|  0%| F|  |TAMS 0x0000000712c00000| PB 0x0000000712c00000| Untracked |  0
| 110|0x0000000712e00000, 0x0000000712e00000, 0x0000000713000000|  0%| F|  |TAMS 0x0000000712e00000| PB 0x0000000712e00000| Untracked |  0
| 111|0x0000000713000000, 0x0000000713000000, 0x0000000713200000|  0%| F|  |TAMS 0x0000000713000000| PB 0x0000000713000000| Untracked |  0
| 112|0x0000000713200000, 0x0000000713400000, 0x0000000713400000|100%| S|CS|TAMS 0x0000000713200000| PB 0x0000000713200000| Complete |  0
| 113|0x0000000713400000, 0x0000000713600000, 0x0000000713600000|100%| S|CS|TAMS 0x0000000713400000| PB 0x0000000713400000| Complete |  0
| 114|0x0000000713600000, 0x0000000713600000, 0x0000000713800000|  0%| F|  |TAMS 0x0000000713600000| PB 0x0000000713600000| Untracked |  0
| 115|0x0000000713800000, 0x0000000713800000, 0x0000000713a00000|  0%| F|  |TAMS 0x0000000713800000| PB 0x0000000713800000| Untracked |  0
| 116|0x0000000713a00000, 0x0000000713a00000, 0x0000000713c00000|  0%| F|  |TAMS 0x0000000713a00000| PB 0x0000000713a00000| Untracked |  0
| 117|0x0000000713c00000, 0x0000000713c00000, 0x0000000713e00000|  0%| F|  |TAMS 0x0000000713c00000| PB 0x0000000713c00000| Untracked |  0
| 118|0x0000000713e00000, 0x0000000713e00000, 0x0000000714000000|  0%| F|  |TAMS 0x0000000713e00000| PB 0x0000000713e00000| Untracked |  0
| 119|0x0000000714000000, 0x0000000714000000, 0x0000000714200000|  0%| F|  |TAMS 0x0000000714000000| PB 0x0000000714000000| Untracked |  0
| 120|0x0000000714200000, 0x0000000714200000, 0x0000000714400000|  0%| F|  |TAMS 0x0000000714200000| PB 0x0000000714200000| Untracked |  0
| 121|0x0000000714400000, 0x0000000714400000, 0x0000000714600000|  0%| F|  |TAMS 0x0000000714400000| PB 0x0000000714400000| Untracked |  0
| 122|0x0000000714600000, 0x0000000714600000, 0x0000000714800000|  0%| F|  |TAMS 0x0000000714600000| PB 0x0000000714600000| Untracked |  0
| 123|0x0000000714800000, 0x0000000714800000, 0x0000000714a00000|  0%| F|  |TAMS 0x0000000714800000| PB 0x0000000714800000| Untracked |  0
| 124|0x0000000714a00000, 0x0000000714bb63f0, 0x0000000714c00000| 85%| E|  |TAMS 0x0000000714a00000| PB 0x0000000714a00000| Complete |  0
| 125|0x0000000714c00000, 0x0000000714e00000, 0x0000000714e00000|100%| E|CS|TAMS 0x0000000714c00000| PB 0x0000000714c00000| Complete |  0

Card table byte_map: [0x000001badf750000,0x000001badff30000] _byte_map_base: 0x000001badbf27000

Marking Bits: (CMBitMap*) 0x000001bac77309c0
 Bits: [0x000001badff30000, 0x000001bae3de8000)

Polling page: 0x000001bac5840000

Metaspace:

Usage:
  Non-class:      7.69 MB used.
      Class:    912.09 KB used.
       Both:      8.58 MB used.

Virtual space:
  Non-class space:       64.00 MB reserved,       7.81 MB ( 12%) committed,  1 nodes.
      Class space:        1.00 GB reserved,       1.00 MB ( <1%) committed,  1 nodes.
             Both:        1.06 GB reserved,       8.81 MB ( <1%) committed. 

Chunk freelists:
   Non-Class:  8.24 MB
       Class:  15.04 MB
        Both:  23.28 MB

MaxMetaspaceSize: unlimited
CompressedClassSpaceSize: 1.00 GB
Initial GC threshold: 21.00 MB
Current GC threshold: 21.00 MB
CDS: on
 - commit_granule_bytes: 65536.
 - commit_granule_words: 8192.
 - virtual_space_node_default_size: 8388608.
 - enlarge_chunks_in_place: 1.
 - use_allocation_guard: 0.


Internal statistics:

num_allocs_failed_limit: 0.
num_arena_births: 160.
num_arena_deaths: 0.
num_vsnodes_births: 2.
num_vsnodes_deaths: 0.
num_space_committed: 141.
num_space_uncommitted: 0.
num_chunks_returned_to_freelist: 0.
num_chunks_taken_from_freelist: 203.
num_chunk_merges: 0.
num_chunk_splits: 118.
num_chunks_enlarged: 46.
num_inconsistent_stats: 0.

CodeHeap 'non-profiled nmethods': size=120000Kb used=578Kb max_used=578Kb free=119421Kb
 bounds [0x000001bad74e0000, 0x000001bad7750000, 0x000001badea10000]
CodeHeap 'profiled nmethods': size=120000Kb used=3230Kb max_used=3230Kb free=116770Kb
 bounds [0x000001bacfa10000, 0x000001bacfd40000, 0x000001bad6f40000]
CodeHeap 'non-nmethods': size=5760Kb used=1593Kb max_used=1609Kb free=4166Kb
 bounds [0x000001bad6f40000, 0x000001bad71b0000, 0x000001bad74e0000]
 total_blobs=2532 nmethods=1882 adapters=555
 compilation: enabled
              stopped_count=0, restarted_count=0
 full_count=0

Compilation events (20 events):
Event: 105475.328 Thread 0x000001bae6a8bc90 1874       3       sun.awt.image.BufImgSurfaceData::createData (909 bytes)
Event: 105475.330 Thread 0x000001bae6a890a0 nmethod 1863 0x000001bad756f710 code [0x000001bad756f900, 0x000001bad75701b0]
Event: 105475.332 Thread 0x000001bae6a8bc90 nmethod 1874 0x000001bacfd30b10 code [0x000001bacfd31040, 0x000001bacfd33e20]
Event: 105493.304 Thread 0x000001bae6a8bc90 1875  s    3       sun.java2d.loops.GraphicsPrimitiveMgr::locate (56 bytes)
Event: 105493.304 Thread 0x000001bae6a8bc90 nmethod 1875 0x000001bacfd34d10 code [0x000001bacfd34f00, 0x000001bacfd353c0]
Event: 105493.305 Thread 0x000001bae6a8bc90 1876       3       sun.awt.windows.WComponentPeer::getGraphicsConfiguration (23 bytes)
Event: 105493.305 Thread 0x000001bae6a8bc90 nmethod 1876 0x000001bacfd35510 code [0x000001bacfd356c0, 0x000001bacfd35a08]
Event: 105501.640 Thread 0x000001bae6a8bc90 1877       3       java.util.WeakHashMap::maskNull (12 bytes)
Event: 105501.640 Thread 0x000001bae6a8bc90 nmethod 1877 0x000001bacfd35b10 code [0x000001bacfd35ca0, 0x000001bacfd35dd8]
Event: 105501.640 Thread 0x000001bae6a8bc90 1878       3       java.util.WeakHashMap::hash (28 bytes)
Event: 105501.641 Thread 0x000001bae6a8bc90 nmethod 1878 0x000001bacfd35e90 code [0x000001bacfd36040, 0x000001bacfd36238]
Event: 105501.641 Thread 0x000001bae6a8bc90 1879       3       java.awt.Component::updateGraphicsData (34 bytes)
Event: 105501.641 Thread 0x000001bae6a8bc90 nmethod 1879 0x000001bacfd36310 code [0x000001bacfd364e0, 0x000001bacfd36828]
Event: 105501.641 Thread 0x000001bae6a8bc90 1880       3       java.awt.Component::updateSelfGraphicsData (38 bytes)
Event: 105501.641 Thread 0x000001bae6a8bc90 nmethod 1880 0x000001bacfd36910 code [0x000001bacfd36b00, 0x000001bacfd37018]
Event: 105501.689 Thread 0x000001bae6a8bc90 1881       3       java.awt.EventQueue::postEvent (13 bytes)
Event: 105501.689 Thread 0x000001bae6a8bc90 nmethod 1881 0x000001bacfd37190 code [0x000001bacfd37360, 0x000001bacfd376a8]
Event: 106361.996 Thread 0x000001bae6a890a0 1882       4       java.util.HashMap$KeyIterator::next (8 bytes)
Event: 106362.001 Thread 0x000001bae6a8bc90 1883       1       sun.awt.NullComponentPeer::updateGraphicsData (2 bytes)
Event: 106362.001 Thread 0x000001bae6a8bc90 nmethod 1883 0x000001bad7570590 code [0x000001bad7570720, 0x000001bad75707e8]

GC Heap History (2 events):
Event: 105475.213 GC heap before
{Heap before GC invocations=0 (full 0):
 garbage-first heap   total reserved 4110336K, committed 258048K, used 34816K [0x0000000705200000, 0x0000000800000000)
  region size 2048K, 12 young (24576K), 0 survivors (0K)
 Metaspace       used 8763K, committed 9024K, reserved 1114112K
  class space    used 912K, committed 1024K, reserved 1048576K
}
Event: 105475.313 GC heap after
{Heap after GC invocations=1 (full 0):
 garbage-first heap   total reserved 4110336K, committed 258048K, used 16344K [0x0000000705200000, 0x0000000800000000)
  region size 2048K, 2 young (4096K), 2 survivors (4096K)
 Metaspace       used 8763K, committed 9024K, reserved 1114112K
  class space    used 912K, committed 1024K, reserved 1048576K
}

Dll operation events (10 events):
Event: 0.006 Loaded shared library C:\Program Files\Java\jdk-22\bin\java.dll
Event: 0.028 Loaded shared library C:\Program Files\Java\jdk-22\bin\jsvml.dll
Event: 0.049 Loaded shared library C:\Program Files\Java\jdk-22\bin\net.dll
Event: 0.050 Loaded shared library C:\Program Files\Java\jdk-22\bin\nio.dll
Event: 0.067 Loaded shared library C:\Program Files\Java\jdk-22\bin\zip.dll
Event: 0.075 Loaded shared library C:\Program Files\Java\jdk-22\bin\jimage.dll
Event: 0.085 Loaded shared library C:\Program Files\Java\jdk-22\bin\awt.dll
Event: 0.208 Loaded shared library C:\Program Files\Java\jdk-22\bin\javajpeg.dll
Event: 0.241 Loaded shared library C:\Program Files\Java\jdk-22\bin\freetype.dll
Event: 0.242 Loaded shared library C:\Program Files\Java\jdk-22\bin\fontmanager.dll

Deoptimization events (20 events):
Event: 83239.914 Thread 0x000001bae6e6ea20 Uncommon trap: trap_request=0xffffffbe fr.pc=0x000001bad75693b8 relative=0x0000000000000298
Event: 83239.914 Thread 0x000001bae6e6ea20 Uncommon trap: reason=profile_predicate action=maybe_recompile pc=0x000001bad75693b8 method=java.util.HashMap.keysToArray([Ljava/lang/Object;)[Ljava/lang/Object; @ 36 c2
Event: 83239.914 Thread 0x000001bae6e6ea20 DEOPT PACKING pc=0x000001bad75693b8 sp=0x0000000bd89fe5f0
Event: 83239.915 Thread 0x000001bae6e6ea20 DEOPT UNPACKING pc=0x000001bad6f946a2 sp=0x0000000bd89fe5a0 mode 2
Event: 88811.255 Thread 0x000001bae6e6ea20 Uncommon trap: trap_request=0xffffffbe fr.pc=0x000001bad75693b8 relative=0x0000000000000298
Event: 88811.255 Thread 0x000001bae6e6ea20 Uncommon trap: reason=profile_predicate action=maybe_recompile pc=0x000001bad75693b8 method=java.util.HashMap.keysToArray([Ljava/lang/Object;)[Ljava/lang/Object; @ 36 c2
Event: 88811.255 Thread 0x000001bae6e6ea20 DEOPT PACKING pc=0x000001bad75693b8 sp=0x0000000bd89fe5f0
Event: 88811.255 Thread 0x000001bae6e6ea20 DEOPT UNPACKING pc=0x000001bad6f946a2 sp=0x0000000bd89fe5a0 mode 2
Event: 88822.525 Thread 0x000001bae6e6ea20 Uncommon trap: trap_request=0xffffffbe fr.pc=0x000001bad75693b8 relative=0x0000000000000298
Event: 88822.525 Thread 0x000001bae6e6ea20 Uncommon trap: reason=profile_predicate action=maybe_recompile pc=0x000001bad75693b8 method=java.util.HashMap.keysToArray([Ljava/lang/Object;)[Ljava/lang/Object; @ 36 c2
Event: 88822.525 Thread 0x000001bae6e6ea20 DEOPT PACKING pc=0x000001bad75693b8 sp=0x0000000bd89fe5f0
Event: 88822.526 Thread 0x000001bae6e6ea20 DEOPT UNPACKING pc=0x000001bad6f946a2 sp=0x0000000bd89fe5a0 mode 2
Event: 91886.745 Thread 0x000001bae6e6ea20 Uncommon trap: trap_request=0xffffffbe fr.pc=0x000001bad75693b8 relative=0x0000000000000298
Event: 91886.745 Thread 0x000001bae6e6ea20 Uncommon trap: reason=profile_predicate action=maybe_recompile pc=0x000001bad75693b8 method=java.util.HashMap.keysToArray([Ljava/lang/Object;)[Ljava/lang/Object; @ 36 c2
Event: 91886.745 Thread 0x000001bae6e6ea20 DEOPT PACKING pc=0x000001bad75693b8 sp=0x0000000bd89fe5f0
Event: 91886.745 Thread 0x000001bae6e6ea20 DEOPT UNPACKING pc=0x000001bad6f946a2 sp=0x0000000bd89fe5a0 mode 2
Event: 102917.070 Thread 0x000001bae6e6ea20 Uncommon trap: trap_request=0xffffff76 fr.pc=0x000001bad756a450 relative=0x0000000000000230
Event: 102917.071 Thread 0x000001bae6e6ea20 Uncommon trap: reason=predicate action=maybe_recompile pc=0x000001bad756a450 method=java.util.HashMap.keysToArray([Ljava/lang/Object;)[Ljava/lang/Object; @ 48 c2
Event: 102917.071 Thread 0x000001bae6e6ea20 DEOPT PACKING pc=0x000001bad756a450 sp=0x0000000bd89fe600
Event: 102917.071 Thread 0x000001bae6e6ea20 DEOPT UNPACKING pc=0x000001bad6f946a2 sp=0x0000000bd89fe5a8 mode 2

Classes loaded (20 events):
Event: 4.965 Loading class javax/swing/PopupFactory$HeavyWeightPopup$1
Event: 4.965 Loading class javax/swing/PopupFactory$HeavyWeightPopup$1 done
Event: 8.059 Loading class java/awt/LightweightDispatcher$2
Event: 8.059 Loading class java/awt/LightweightDispatcher$2 done
Event: 8.338 Loading class javax/swing/plaf/basic/BasicPopupMenuUI$MouseGrabber$2
Event: 8.338 Loading class javax/swing/plaf/basic/BasicPopupMenuUI$MouseGrabber$2 done
Event: 13.996 Loading class java/awt/KeyboardFocusManager$2
Event: 13.996 Loading class java/awt/KeyboardFocusManager$2 done
Event: 13.997 Loading class sun/awt/SunToolkit$1
Event: 13.997 Loading class sun/awt/SunToolkit$1 done
Event: 21295.368 Loading class java/util/WeakHashMap$KeyIterator
Event: 21295.373 Loading class java/util/WeakHashMap$HashIterator
Event: 21295.377 Loading class java/util/WeakHashMap$HashIterator done
Event: 21295.377 Loading class java/util/WeakHashMap$KeyIterator done
Event: 21295.484 Loading class javax/swing/RepaintManager$DisplayChangedRunnable
Event: 21295.487 Loading class javax/swing/RepaintManager$DisplayChangedRunnable done
Event: 23304.279 Loading class java/awt/desktop/SystemSleepListener
Event: 23304.280 Loading class java/awt/desktop/SystemEventListener
Event: 23304.281 Loading class java/awt/desktop/SystemEventListener done
Event: 23304.281 Loading class java/awt/desktop/SystemSleepListener done

Classes unloaded (0 events):
No events

Classes redefined (0 events):
No events

Internal exceptions (17 events):
Event: 0.051 Thread 0x000001bac55a6590 Exception <a 'sun/nio/fs/WindowsException'{0x0000000714a2d748}> (0x0000000714a2d748) 
thrown [s\open\src\hotspot\share\prims\jni.cpp, line 520]
Event: 0.052 Thread 0x000001bac55a6590 Exception <a 'sun/nio/fs/WindowsException'{0x0000000714a30038}> (0x0000000714a30038) 
thrown [s\open\src\hotspot\share\prims\jni.cpp, line 520]
Event: 0.052 Thread 0x000001bac55a6590 Exception <a 'sun/nio/fs/WindowsException'{0x0000000714a30c50}> (0x0000000714a30c50) 
thrown [s\open\src\hotspot\share\prims\jni.cpp, line 520]
Event: 0.079 Thread 0x000001bac55a6590 Exception <a 'java/lang/ClassNotFoundException'{0x0000000714b6fae0}: sun/awt/resources/spi/awtProvider> (0x0000000714b6fae0) 
thrown [s\open\src\hotspot\share\classfile\systemDictionary.cpp, line 313]
Event: 0.094 Thread 0x000001bac55a6590 Exception <a 'java/io/FileNotFoundException'{0x0000000714bc3a40}> (0x0000000714bc3a40) 
thrown [s\open\src\hotspot\share\prims\jni.cpp, line 520]
Event: 0.099 Thread 0x000001bac55a6590 Exception <a 'java/io/FileNotFoundException'{0x0000000714bf1f80}> (0x0000000714bf1f80) 
thrown [s\open\src\hotspot\share\prims\jni.cpp, line 520]
Event: 0.147 Thread 0x000001bac55a6590 Exception <a 'java/lang/NoSuchMethodError'{0x0000000714980420}: 'void java.lang.invoke.DirectMethodHandle$Holder.invokeSpecial(java.lang.Object, java.lang.Object, java.lang.Object)'> (0x0000000714980420) 
thrown [s\open\src\hotspot\share\interpreter\linkResolver.cpp, line 774]
Event: 0.150 Thread 0x000001bac55a6590 Exception <a 'java/lang/NoSuchMethodError'{0x00000007149a6768}: 'java.lang.Object java.lang.invoke.DirectMethodHandle$Holder.newInvokeSpecial(java.lang.Object, java.lang.Object, java.lang.Object, java.lang.Object, java.lang.Object)'> (0x00000007149a6768) 
thrown [s\open\src\hotspot\share\interpreter\linkResolver.cpp, line 774]
Event: 0.153 Thread 0x000001bac55a6590 Exception <a 'java/lang/NoSuchMethodError'{0x00000007149d3080}: 'java.lang.Object java.lang.invoke.DirectMethodHandle$Holder.invokeStatic(java.lang.Object, int, java.lang.Object)'> (0x00000007149d3080) 
thrown [s\open\src\hotspot\share\interpreter\linkResolver.cpp, line 774]
Event: 0.165 Thread 0x000001bac55a6590 Exception <a 'java/lang/ClassNotFoundException'{0x00000007146756b8}: com/sun/swing/internal/plaf/metal/resources/spi/metalProvider> (0x00000007146756b8) 
thrown [s\open\src\hotspot\share\classfile\systemDictionary.cpp, line 313]
Event: 0.165 Thread 0x000001bac55a6590 Exception <a 'java/lang/ClassNotFoundException'{0x0000000714679668}: com/sun/swing/internal/plaf/basic/resources/spi/basicProvider> (0x0000000714679668) 
thrown [s\open\src\hotspot\share\classfile\systemDictionary.cpp, line 313]
Event: 0.171 Thread 0x000001bac55a6590 Exception <a 'java/lang/NoSuchMethodError'{0x00000007146991f0}: 'int java.lang.invoke.Invokers$Holder.invokeExact_MT(java.lang.Object, java.lang.Object)'> (0x00000007146991f0) 
thrown [s\open\src\hotspot\share\interpreter\linkResolver.cpp, line 774]
Event: 0.209 Thread 0x000001bae706b2d0 Exception <a 'java/lang/NoSuchMethodError'{0x00000007144a6ab8}: 'java.lang.Object java.lang.invoke.DirectMethodHandle$Holder.newInvokeSpecial(java.lang.Object, java.lang.Object, java.lang.Object, int, int, int, int, int)'> (0x00000007144a6ab8) 
thrown [s\open\src\hotspot\share\interpreter\linkResolver.cpp, line 774]
Event: 0.229 Thread 0x000001bae6e6ea20 Exception <a 'java/lang/NoSuchMethodError'{0x0000000714904628}: 'void java.lang.invoke.DirectMethodHandle$Holder.invokeVirtual(java.lang.Object, java.lang.Object)'> (0x0000000714904628) 
thrown [s\open\src\hotspot\share\interpreter\linkResolver.cpp, line 774]
Event: 0.238 Thread 0x000001bac55a6590 Exception <a 'java/lang/NoSuchMethodError'{0x00000007146d2090}: 'void java.lang.invoke.DirectMethodHandle$Holder.invokeStaticInit(java.lang.Object)'> (0x00000007146d2090) 
thrown [s\open\src\hotspot\share\interpreter\linkResolver.cpp, line 774]
Event: 3.525 Thread 0x000001bae6e9e520 Exception <a 'java/lang/NoSuchMethodError'{0x00000007138a94b8}: 'void java.lang.invoke.DirectMethodHandle$Holder.invokeStatic(java.lang.Object, java.lang.Object)'> (0x00000007138a94b8) 
thrown [s\open\src\hotspot\share\interpreter\linkResolver.cpp, line 774]
Event: 3.552 Thread 0x000001bae6e9e520 Implicit null exception at 0x000001bad7537205 to 0x000001bad75372bc

ZGC Phase Switch (0 events):
No events

VM Operations (20 events):
Event: 21295.664 Executing VM operation: Cleanup
Event: 21295.664 Executing VM operation: Cleanup done
Event: 98081.125 Executing VM operation: Cleanup
Event: 98081.126 Executing VM operation: Cleanup done
Event: 102973.344 Executing VM operation: Cleanup
Event: 102973.344 Executing VM operation: Cleanup done
Event: 105389.645 Executing VM operation: Cleanup
Event: 105389.645 Executing VM operation: Cleanup done
Event: 105475.212 Executing VM operation: G1CollectForAllocation (G1 Evacuation Pause)
Event: 105475.313 Executing VM operation: G1CollectForAllocation (G1 Evacuation Pause) done
Event: 105476.322 Executing VM operation: Cleanup
Event: 105476.322 Executing VM operation: Cleanup done
Event: 105486.773 Executing VM operation: HandshakeAllThreads (HandshakeForDeflation)
Event: 105486.773 Executing VM operation: HandshakeAllThreads (HandshakeForDeflation) done
Event: 105486.773 Executing VM operation: RendezvousGCThreads
Event: 105486.773 Executing VM operation: RendezvousGCThreads done
Event: 105493.839 Executing VM operation: Cleanup
Event: 105493.840 Executing VM operation: Cleanup done
Event: 105501.911 Executing VM operation: Cleanup
Event: 105501.911 Executing VM operation: Cleanup done

Events (20 events):
Event: 0.026 Thread 0x000001bae6a81770 Thread added: 0x000001bae6a81770
Event: 0.026 Thread 0x000001bae6a84720 Thread added: 0x000001bae6a84720
Event: 0.026 Thread 0x000001bae6a88310 Thread added: 0x000001bae6a88310
Event: 0.026 Thread 0x000001bae6a890a0 Thread added: 0x000001bae6a890a0
Event: 0.026 Thread 0x000001bae6a8bc90 Thread added: 0x000001bae6a8bc90
Event: 0.041 Thread 0x000001bae6bee420 Thread added: 0x000001bae6bee420
Event: 0.060 Thread 0x000001bae6cb1010 Thread added: 0x000001bae6cb1010
Event: 0.063 Thread 0x000001bae6d3ae70 Thread added: 0x000001bae6d3ae70
Event: 0.128 Thread 0x000001bae6e97890 Thread added: 0x000001bae6e97890
Event: 0.129 Thread 0x000001bae6e6e3b0 Thread added: 0x000001bae6e6e3b0
Event: 0.129 Thread 0x000001bae6e6ea20 Thread added: 0x000001bae6e6ea20
Event: 0.175 Thread 0x000001bae706b2d0 Thread added: 0x000001bae706b2d0
Event: 0.230 Thread 0x000001bae6e9e520 Thread added: 0x000001bae6e9e520
Event: 0.306 Thread 0x000001bac55a6590 Thread exited: 0x000001bac55a6590
Event: 0.306 Thread 0x000001bac55a6590 Thread added: 0x000001bac55a6590
Event: 0.643 Thread 0x000001bae6d3ae70 Thread exited: 0x000001bae6d3ae70
Event: 2.023 Thread 0x000001bae725d750 Thread added: 0x000001bae725d750
Event: 2.791 Thread 0x000001bae725d750 Thread exited: 0x000001bae725d750
Event: 3.945 Thread 0x000001bae780dd10 Thread added: 0x000001bae780dd10
Event: 5.221 Thread 0x000001bae706b2d0 Thread exited: 0x000001bae706b2d0


Dynamic libraries:
0x00007ff7809b0000 - 0x00007ff7809c0000 	C:\Program Files\Java\jdk-22\bin\java.exe
0x00007ffdd8bf0000 - 0x00007ffdd8e07000 	C:\WINDOWS\SYSTEM32\ntdll.dll
0x00007ffdd7180000 - 0x00007ffdd7244000 	C:\WINDOWS\System32\KERNEL32.DLL
0x00007ffdd6300000 - 0x00007ffdd66a7000 	C:\WINDOWS\System32\KERNELBASE.dll
0x00007ffdd61e0000 - 0x00007ffdd62f1000 	C:\WINDOWS\System32\ucrtbase.dll
0x00007ffd9ed70000 - 0x00007ffd9ed8b000 	C:\Program Files\Java\jdk-22\bin\VCRUNTIME140.dll
0x00007ffdbda40000 - 0x00007ffdbda57000 	C:\Program Files\Java\jdk-22\bin\jli.dll
0x00007ffdd6ae0000 - 0x00007ffdd6b92000 	C:\WINDOWS\System32\ADVAPI32.dll
0x00007ffdd6df0000 - 0x00007ffdd6e97000 	C:\WINDOWS\System32\msvcrt.dll
0x00007ffdd78d0000 - 0x00007ffdd7978000 	C:\WINDOWS\System32\sechost.dll
0x00007ffdd68f0000 - 0x00007ffdd6918000 	C:\WINDOWS\System32\bcrypt.dll
0x00007ffdd7c40000 - 0x00007ffdd7d55000 	C:\WINDOWS\System32\RPCRT4.dll
0x00007ffdd7700000 - 0x00007ffdd78ae000 	C:\WINDOWS\System32\USER32.dll
0x00007ffdd5f10000 - 0x00007ffdd5f36000 	C:\WINDOWS\System32\win32u.dll
0x00007ffdd7d60000 - 0x00007ffdd7d89000 	C:\WINDOWS\System32\GDI32.dll
0x00007ffdd67d0000 - 0x00007ffdd68e9000 	C:\WINDOWS\System32\gdi32full.dll
0x00007ffdd66b0000 - 0x00007ffdd674a000 	C:\WINDOWS\System32\msvcp_win.dll
0x00007ffdb3ef0000 - 0x00007ffdb4183000 	C:\WINDOWS\WinSxS\amd64_microsoft.windows.common-controls_6595b64144ccf1df_6.0.22621.3527_none_270e469b73872a76\COMCTL32.dll
0x00007ffdc8d10000 - 0x00007ffdc8d1a000 	C:\WINDOWS\SYSTEM32\VERSION.dll
0x00007ffdd7d90000 - 0x00007ffdd7dc1000 	C:\WINDOWS\System32\IMM32.DLL
0x00007ffda4130000 - 0x00007ffda413c000 	C:\Program Files\Java\jdk-22\bin\vcruntime140_1.dll
0x00007ffd646b0000 - 0x00007ffd6473e000 	C:\Program Files\Java\jdk-22\bin\msvcp140.dll
0x00007ffd0ece0000 - 0x00007ffd0fa27000 	C:\Program Files\Java\jdk-22\bin\server\jvm.dll
0x00007ffdd6ea0000 - 0x00007ffdd6f11000 	C:\WINDOWS\System32\WS2_32.dll
0x00007ffdd5dd0000 - 0x00007ffdd5e1d000 	C:\WINDOWS\SYSTEM32\POWRPROF.dll
0x00007ffdcbe10000 - 0x00007ffdcbe44000 	C:\WINDOWS\SYSTEM32\WINMM.dll
0x00007ffdd5db0000 - 0x00007ffdd5dc3000 	C:\WINDOWS\SYSTEM32\UMPDC.dll
0x00007ffdd4f30000 - 0x00007ffdd4f48000 	C:\WINDOWS\SYSTEM32\kernel.appcore.dll
0x00007ffda3610000 - 0x00007ffda361a000 	C:\Program Files\Java\jdk-22\bin\jimage.dll
0x00007ffdd38b0000 - 0x00007ffdd3ae3000 	C:\WINDOWS\SYSTEM32\DBGHELP.DLL
0x00007ffdd7370000 - 0x00007ffdd76f8000 	C:\WINDOWS\System32\combase.dll
0x00007ffdd7dd0000 - 0x00007ffdd7ea7000 	C:\WINDOWS\System32\OLEAUT32.dll
0x00007ffdc4660000 - 0x00007ffdc4692000 	C:\WINDOWS\SYSTEM32\dbgcore.DLL
0x00007ffdd6750000 - 0x00007ffdd67c9000 	C:\WINDOWS\System32\bcryptPrimitives.dll
0x00007ffd9b9c0000 - 0x00007ffd9b9de000 	C:\Program Files\Java\jdk-22\bin\java.dll
0x00007ffdd8350000 - 0x00007ffdd8bac000 	C:\WINDOWS\System32\SHELL32.dll
0x00007ffdd7980000 - 0x00007ffdd7b25000 	C:\WINDOWS\System32\ole32.dll
0x00007ffdd3e50000 - 0x00007ffdd4746000 	C:\WINDOWS\SYSTEM32\windows.storage.dll
0x00007ffdd3d10000 - 0x00007ffdd3e4e000 	C:\WINDOWS\SYSTEM32\wintypes.dll
0x00007ffdd7b30000 - 0x00007ffdd7c25000 	C:\WINDOWS\System32\SHCORE.dll
0x00007ffdd6ba0000 - 0x00007ffdd6bfe000 	C:\WINDOWS\System32\shlwapi.dll
0x00007ffdd5e40000 - 0x00007ffdd5e61000 	C:\WINDOWS\SYSTEM32\profapi.dll
0x00007ffd5b060000 - 0x00007ffd5b137000 	C:\Program Files\Java\jdk-22\bin\jsvml.dll
0x00007ffda1d10000 - 0x00007ffda1d20000 	C:\Program Files\Java\jdk-22\bin\net.dll
0x00007ffdd53a0000 - 0x00007ffdd5409000 	C:\WINDOWS\system32\mswsock.dll
0x00007ffd9b970000 - 0x00007ffd9b986000 	C:\Program Files\Java\jdk-22\bin\nio.dll
0x00007ffd9ff60000 - 0x00007ffd9ff77000 	C:\Program Files\Java\jdk-22\bin\zip.dll
0x00007ffd156c0000 - 0x00007ffd1584e000 	C:\Program Files\Java\jdk-22\bin\awt.dll
0x00007ffdd2f40000 - 0x00007ffdd2fd7000 	C:\WINDOWS\SYSTEM32\apphelp.dll
0x00007ffdd3360000 - 0x00007ffdd338b000 	C:\WINDOWS\system32\DWMAPI.DLL
0x00007ffdd30d0000 - 0x00007ffdd317b000 	C:\WINDOWS\system32\uxtheme.dll
0x00007ffd5ad70000 - 0x00007ffd5ae70000 	C:\WINDOWS\system32\opengl32.dll
0x00007ffd9b990000 - 0x00007ffd9b9bd000 	C:\WINDOWS\SYSTEM32\GLU32.dll
0x00007ffdd31f0000 - 0x00007ffdd3229000 	C:\WINDOWS\SYSTEM32\dxcore.dll
0x00007ffdd6fc0000 - 0x00007ffdd7113000 	C:\WINDOWS\System32\MSCTF.dll
0x00007ffd57610000 - 0x00007ffd5763e000 	C:\Program Files\Java\jdk-22\bin\javajpeg.dll
0x00007ffd59510000 - 0x00007ffd59597000 	C:\Program Files\Java\jdk-22\bin\freetype.dll
0x00007ffd58690000 - 0x00007ffd58767000 	C:\Program Files\Java\jdk-22\bin\fontmanager.dll
0x00007ffdc7490000 - 0x00007ffdc75db000 	C:\WINDOWS\SYSTEM32\textinputframework.dll
0x00007ffda7c20000 - 0x00007ffda7c89000 	C:\WINDOWS\system32\Oleacc.dll
0x00007ffd9f2a0000 - 0x00007ffd9f6e4000 	C:\Windows\System32\uiautomationcore.dll
0x00007ffdd6cf0000 - 0x00007ffdd6da0000 	C:\WINDOWS\System32\clbcatq.dll
0x00007ffdd2b70000 - 0x00007ffdd2ca3000 	C:\WINDOWS\SYSTEM32\CoreMessaging.dll
0x00007ffdcd3a0000 - 0x00007ffdcd70c000 	C:\WINDOWS\SYSTEM32\CoreUIComponents.dll
0x00007ffdd5600000 - 0x00007ffdd560c000 	C:\WINDOWS\SYSTEM32\CRYPTBASE.DLL
0x00007ffdbb720000 - 0x00007ffdbb7d0000 	C:\WINDOWS\SYSTEM32\TextShaping.dll

dbghelp: loaded successfully - version: 4.0.5 - missing functions: none
symbol engine: initialized successfully - sym options: 0x614 - pdb path: .;C:\Program Files\Java\jdk-22\bin;C:\WINDOWS\SYSTEM32;C:\WINDOWS\WinSxS\amd64_microsoft.windows.common-controls_6595b64144ccf1df_6.0.22621.3527_none_270e469b73872a76;C:\Program Files\Java\jdk-22\bin\server

VM Arguments:
jvm_args: -Dfile.encoding=UTF-8 --module-path=C:\Users\Pushpendra Rathor\OneDrive\Documents\NetBeansProjects\airlinemanagementsystem\build\classes 
java_command: airlinemanagementsystem.Home
java_class_path (initial): C:\Users\Pushpendra Rathor\Downloads\mysql-connector-java-8.0.28.jar;C:\Users\Pushpendra Rathor\OneDrive\Documents\NetBeansProjects\airlinemanagementsystem\build\classes
Launcher Type: SUN_STANDARD

[Global flags]
     intx CICompilerCount                          = 4                                         {product} {ergonomic}
     uint ConcGCThreads                            = 3                                         {product} {ergonomic}
     uint G1ConcRefinementThreads                  = 10                                        {product} {ergonomic}
   size_t G1HeapRegionSize                         = 2097152                                   {product} {ergonomic}
   size_t InitialHeapSize                          = 264241152                                 {product} {ergonomic}
   size_t MarkStackSize                            = 4194304                                   {product} {ergonomic}
   size_t MaxHeapSize                              = 4208984064                                {product} {ergonomic}
   size_t MaxNewSize                               = 2524971008                                {product} {ergonomic}
   size_t MinHeapDeltaBytes                        = 2097152                                   {product} {ergonomic}
   size_t MinHeapSize                              = 8388608                                   {product} {ergonomic}
    uintx NonNMethodCodeHeapSize                   = 5839372                                {pd product} {ergonomic}
    uintx NonProfiledCodeHeapSize                  = 122909434                              {pd product} {ergonomic}
    uintx ProfiledCodeHeapSize                     = 122909434                              {pd product} {ergonomic}
    uintx ReservedCodeCacheSize                    = 251658240                              {pd product} {ergonomic}
     bool SegmentedCodeCache                       = true                                      {product} {ergonomic}
   size_t SoftMaxHeapSize                          = 4208984064                             {manageable} {ergonomic}
     bool UseCompressedOops                        = true                           {product lp64_product} {ergonomic}
     bool UseG1GC                                  = true                                      {product} {ergonomic}
     bool UseLargePagesIndividualAllocation        = false                                  {pd product} {ergonomic}

Logging:
Log output configuration:
 #0: stdout all=warning uptime,level,tags foldmultilines=false
 #1: stderr all=off uptime,level,tags foldmultilines=false

Environment Variables:
JAVA_HOME=C:\Program Files\Java;C:\Program Files\Java\jdk-19;C:\Program Files\Java\jdk-19\bin
PATH=C:\Program Files\Common Files\Oracle\Java\javapath;C:\Program Files\Java\jdk-18.0.2.1\bin;C:\WINDOWS\system32;C:\WINDOWS;C:\WINDOWS\System32\Wbem;C:\WINDOWS\System32\WindowsPowerShell\v1.0\;C:\WINDOWS\System32\OpenSSH\;C:\Program Files\dotnet\;C:\Program Files\HP\HP One Agent;C:\Program Files\PowerShell\7\;C:\Program Files\Git\cmd;C:\Program Files\Java\jdk-22\bin;C:\Program Files\MySQL\MySQL Shell 8.0\bin\;C:\Users\Pushpendra Rathor\AppData\Local\Programs\Python\Python312\Scripts\;C:\Users\Pushpendra Rathor\AppData\Local\Programs\Python\Python312\;C:\Users\Pushpendra Rathor\AppData\Local\Microsoft\WindowsApps;C:\msys64\mingw64\bin;C:\Program Files\JetBrains\IntelliJ IDEA Community Edition 2023.1.3\bin;;C:\Users\Pushpendra Rathor\AppData\Local\GitHubDesktop\bin;C:\Users\Pushpendra Rathor\AppData\Local\Programs\Microsoft VS Code\bin
USERNAME=Pushpendra Rathor
OS=Windows_NT
PROCESSOR_IDENTIFIER=Intel64 Family 6 Model 154 Stepping 4, GenuineIntel
TMP=C:\Users\PUSHPE~1\AppData\Local\Temp
TEMP=C:\Users\PUSHPE~1\AppData\Local\Temp




Periodic native trim disabled

---------------  S Y S T E M  ---------------

OS:
 Windows 11 , 64 bit Build 22621 (10.0.22621.3527)
OS uptime: 13 days 8:14 hours

CPU: total 12 (initial active 12) (12 cores per cpu, 1 threads per core) family 6 model 154 stepping 4 microcode 0x42c, cx8, cmov, fxsr, mmx, 3dnowpref, sse, sse2, sse3, ssse3, sse4.1, sse4.2, popcnt, lzcnt, tsc, tscinvbit, avx, avx2, aes, erms, clmul, bmi1, bmi2, adx, sha, fma, vzeroupper, clflush, clflushopt, clwb, serialize, rdtscp, rdpid, fsrm, f16c, pku, cet_ibt, cet_ss
Processor Information for processor 0
  Max Mhz: 1300, Current Mhz: 1300, Mhz Limit: 1300
Processor Information for processor 1
  Max Mhz: 1300, Current Mhz: 1300, Mhz Limit: 1300
Processor Information for processor 2
  Max Mhz: 1300, Current Mhz: 1300, Mhz Limit: 1300
Processor Information for processor 3
  Max Mhz: 1300, Current Mhz: 1300, Mhz Limit: 1300
Processor Information for processor 4
  Max Mhz: 1300, Current Mhz: 900, Mhz Limit: 897
Processor Information for processor 5
  Max Mhz: 1300, Current Mhz: 900, Mhz Limit: 897
Processor Information for processor 6
  Max Mhz: 1300, Current Mhz: 900, Mhz Limit: 897
Processor Information for processor 7
  Max Mhz: 1300, Current Mhz: 900, Mhz Limit: 897
Processor Information for processor 8
  Max Mhz: 1300, Current Mhz: 900, Mhz Limit: 897
Processor Information for processor 9
  Max Mhz: 1300, Current Mhz: 900, Mhz Limit: 897
Processor Information for processor 10
  Max Mhz: 1300, Current Mhz: 900, Mhz Limit: 897
Processor Information for processor 11
  Max Mhz: 1300, Current Mhz: 900, Mhz Limit: 897

Memory: 4k page, system-wide physical 16052M (4618M free)
TotalPageFile size 51973M (AvailPageFile size 0M)
current process WorkingSet (physical memory assigned to process): 75M, peak: 102M
current process commit charge ("private bytes"): 355M, peak: 369M

vm_info: Java HotSpot(TM) 64-Bit Server VM (22.0.1+8-16) for windows-amd64 JRE (22.0.1+8-16), built on 2024-03-12T10:33:16Z by "mach5one" with MS VC++ 17.6 (VS2022)

END.
