#
# There is insufficient memory for the Java Runtime Environment to continue.
# Native memory allocation (mmap) failed to map 65536 bytes. Error detail: Failed to commit metaspace.
# Possible reasons:
#   The system is out of physical RAM or swap space
#   This process is running with CompressedOops enabled, and the Java Heap may be blocking the growth of the native heap
# Possible solutions:
#   Reduce memory load on the system
#   Increase physical memory or swap space
#   Check if swap backing store is full
#   Decrease Java heap size (-Xmx/-Xms)
#   Decrease number of Java threads
#   Decrease Java thread stack sizes (-Xss)
#   Set larger code cache with -XX:ReservedCodeCacheSize=
#   JVM is running with Zero Based Compressed Oops mode in which the Java heap is
#     placed in the first 32GB address space. The Java Heap base address is the
#     maximum limit for the native heap growth. Please use -XX:HeapBaseMinAddress
#     to set the Java Heap base and to place the Java Heap above 32GB virtual address.
# This output file may be truncated or incomplete.
#
#  Out of Memory Error (virtualSpaceNode.cpp:112), pid=30644, tid=41160
#
# JRE version: Java(TM) SE Runtime Environment (22.0.1+8) (build 22.0.1+8-16)
# Java VM: Java HotSpot(TM) 64-Bit Server VM (22.0.1+8-16, mixed mode, sharing, tiered, compressed oops, compressed class ptrs, g1 gc, windows-amd64)
# No core dump will be written. Minidumps are not enabled by default on client versions of Windows
#

---------------  S U M M A R Y ------------

Command Line: -Dfile.encoding=UTF-8 --module-path=C:\Users\Pushpendra Rathor\OneDrive\Documents\NetBeansProjects\airlinemanagementsystem\build\classes airlinemanagementsystem.Login

Host: 12th Gen Intel(R) Core(TM) i5-1235U, 12 cores, 15G,  Windows 11 , 64 bit Build 22621 (10.0.22621.3527)
Time: Thu Jun 13 01:06:23 2024 India Standard Time elapsed time: 0.374478 seconds (0d 0h 0m 0s)

---------------  T H R E A D  ---------------

Current thread (0x000001f473704990):  JavaThread "AWT-EventQueue-0"        [_thread_in_vm, id=41160, stack(0x00000003e3100000,0x00000003e3200000) (1024K)]

Stack: [0x00000003e3100000,0x00000003e3200000]
Native frames: (J=compiled Java code, j=interpreted, Vv=VM code, C=native code)
V  [jvm.dll+0x6e2279]  (no source info available)
V  [jvm.dll+0x874e33]  (no source info available)
V  [jvm.dll+0x87725e]  (no source info available)
V  [jvm.dll+0x877933]  (no source info available)
V  [jvm.dll+0x27fd76]  (no source info available)
V  [jvm.dll+0x870a7e]  (no source info available)
V  [jvm.dll+0x6852e5]  (no source info available)
V  [jvm.dll+0x68534a]  (no source info available)
V  [jvm.dll+0x687b8a]  (no source info available)
V  [jvm.dll+0x2250ac]  (no source info available)
V  [jvm.dll+0x685cfe]  (no source info available)
V  [jvm.dll+0x269eaf]  (no source info available)
V  [jvm.dll+0x68ff54]  (no source info available)
V  [jvm.dll+0x215301]  (no source info available)
V  [jvm.dll+0x21578a]  (no source info available)
V  [jvm.dll+0x2161b1]  (no source info available)
V  [jvm.dll+0x20b4ee]  (no source info available)
V  [jvm.dll+0x5c462f]  (no source info available)
V  [jvm.dll+0x21cc6a]  (no source info available)
V  [jvm.dll+0x7eb6dc]  (no source info available)
V  [jvm.dll+0x7ec776]  (no source info available)
V  [jvm.dll+0x7ecd84]  (no source info available)
V  [jvm.dll+0x7eca08]  (no source info available)
V  [jvm.dll+0x26d79b]  (no source info available)
V  [jvm.dll+0x3d9b4e]  (no source info available)
C  0x000001f463c1abdf  (no source info available)

The last pc belongs to new (printed below).
Java frames: (J=compiled Java code, j=interpreted, Vv=VM code)
j  javax.swing.RepaintManager.paintDirtyRegions(Ljava/util/Map;)V+135 java.desktop@22.0.1
j  javax.swing.RepaintManager.paintDirtyRegions()V+46 java.desktop@22.0.1
j  javax.swing.RepaintManager.prePaintDirtyRegions()V+73 java.desktop@22.0.1
j  javax.swing.RepaintManager$ProcessingRunnable.run()V+37 java.desktop@22.0.1
j  java.awt.event.InvocationEvent.dispatch()V+47 java.desktop@22.0.1
j  java.awt.EventQueue.dispatchEventImpl(Ljava/awt/AWTEvent;Ljava/lang/Object;)V+21 java.desktop@22.0.1
j  java.awt.EventQueue$4.run()Ljava/lang/Void;+32 java.desktop@22.0.1
j  java.awt.EventQueue$4.run()Ljava/lang/Object;+1 java.desktop@22.0.1
j  java.security.AccessController.executePrivileged(Ljava/security/PrivilegedAction;Ljava/security/AccessControlContext;Ljava/lang/Class;)Ljava/lang/Object;+29 java.base@22.0.1
j  java.security.AccessController.doPrivileged(Ljava/security/PrivilegedAction;Ljava/security/AccessControlContext;)Ljava/lang/Object;+13 java.base@22.0.1
j  java.security.ProtectionDomain$JavaSecurityAccessImpl.doIntersectionPrivilege(Ljava/security/PrivilegedAction;Ljava/security/AccessControlContext;Ljava/security/AccessControlContext;)Ljava/lang/Object;+18 java.base@22.0.1
j  java.awt.EventQueue.dispatchEvent(Ljava/awt/AWTEvent;)V+46 java.desktop@22.0.1
j  java.awt.EventDispatchThread.pumpOneEventForFilters(I)V+81 java.desktop@22.0.1
j  java.awt.EventDispatchThread.pumpEventsForFilter(ILjava/awt/Conditional;Ljava/awt/EventFilter;)V+35 java.desktop@22.0.1
j  java.awt.EventDispatchThread.pumpEventsForHierarchy(ILjava/awt/Conditional;Ljava/awt/Component;)V+11 java.desktop@22.0.1
j  java.awt.EventDispatchThread.pumpEvents(ILjava/awt/Conditional;)V+4 java.desktop@22.0.1
j  java.awt.EventDispatchThread.pumpEvents(Ljava/awt/Conditional;)V+3 java.desktop@22.0.1
j  java.awt.EventDispatchThread.run()V+9 java.desktop@22.0.1
v  ~StubRoutines::call_stub 0x000001f463c0100d
new  187 new  [0x000001f463c1aa60, 0x000001f463c1ac68]  520 bytes
[MachCode]
  0x000001f463c1aa60: 4883 ec08 | c5fa 1104 | 24eb 1f48 | 83ec 10c5 | fb11 0424 | eb14 4883 | ec10 4889 | 0424 48c7 
  0x000001f463c1aa80: 4424 0800 | 0000 00eb | 0150 410f | b755 010f | cac1 ea10 | 488b 4de8 | 488b 4908 | 488b 4908 
  0x000001f463c1aaa0: 488b 4108 | 807c 1004 | 070f 85d3 | 0000 0066 | 8b54 d148 | 488b 4928 | 488b 4cd1 | 0851 80b9 
  0x000001f463c1aac0: 2001 0000 | 050f 85b6 | 0000 008b | 5108 f6c2 | 010f 85aa | 0000 0049 | 8b87 b801 | 0000 488d 
  0x000001f463c1aae0: 1c10 493b | 9fc8 0100 | 000f 8792 | 0000 0049 | 899f b801 | 0000 4883 | ea10 0f84 | 0f00 0000 
  0x000001f463c1ab00: 33c9 c1ea | 0348 894c | d008 48ff | ca75 f648 | c700 0100 | 0000 5933 | f689 700c | 49ba 0000 
  0x000001f463c1ab20: 0000 f401 | 0000 492b | ca89 4808 | 49ba 9d30 | 920f fd7f | 0000 4180 | 3a00 0f84 | 3c00 0000 
  0x000001f463c1ab40: 5048 8bc8 | 4883 ec20 | 40f6 c40f | 0f84 1900 | 0000 4883 | ec08 48b8 | 80b5 420f | fd7f 0000 
  0x000001f463c1ab60: ffd0 4883 | c408 e90c | 0000 0048 | b880 b542 | 0ffd 7f00 | 00ff d048 | 83c4 2058 | e9cb 0000 
  0x000001f463c1ab80: 0059 488b | 55e8 488b | 5208 488b | 5208 450f | b745 0141 | 0fc8 41c1 | e810 e805 | 0000 00e9 
  0x000001f463c1aba0: a800 0000 | 488d 4424 | 084c 896d | c049 8bcf | c5f8 7749 | 89af b003 | 0000 4989 | 87a0 0300 
  0x000001f463c1abc0: 0048 83ec | 2040 f6c4 | 0f0f 8419 | 0000 0048 | 83ec 0848 | b800 9b0b | 0ffd 7f00 | 00ff d048 
  0x000001f463c1abe0: 83c4 08e9 | 0c00 0000 | 48b8 009b | 0b0f fd7f | 0000 ffd0 | 4883 c420 | 49c7 87a0 | 0300 0000 
  0x000001f463c1ac00: 0000 0049 | c787 b003 | 0000 0000 | 0000 49c7 | 87a8 0300 | 0000 0000 | 00c5 f877 | 4983 7f08 
  0x000001f463c1ac20: 000f 8405 | 0000 00e9 | d462 feff | 498b 87f8 | 0300 0049 | c787 f803 | 0000 0000 | 0000 4c8b 
  0x000001f463c1ac40: 6dc0 4c8b | 75c8 4e8d | 74f5 00c3 | 410f b65d | 0349 83c5 | 0349 baf0 | f995 0ffd | 7f00 0041 
  0x000001f463c1ac60: ff24 da0f | 1f44 0000 
[/MachCode]

---------------  P R O C E S S  ---------------

Threads class SMR info:
_java_thread_list=0x000001f4460ae2c0, length=16, elements={
0x000001f4736fce90, 0x000001f4736fddb0, 0x000001f4737006c0, 0x000001f473705020,
0x000001f4737063d0, 0x000001f4737035e0, 0x000001f473714c20, 0x000001f473736150,
0x000001f473706a60, 0x000001f473703c70, 0x000001f445387090, 0x000001f473705d40,
0x000001f4737056b0, 0x000001f473704300, 0x000001f473704990, 0x000001f44617b4a0
}

Java Threads: ( => current thread )
  0x000001f4736fce90 JavaThread "Reference Handler"          daemon [_thread_blocked, id=44944, stack(0x00000003e2300000,0x00000003e2400000) (1024K)]
  0x000001f4736fddb0 JavaThread "Finalizer"                  daemon [_thread_blocked, id=48960, stack(0x00000003e2400000,0x00000003e2500000) (1024K)]
  0x000001f4737006c0 JavaThread "Signal Dispatcher"          daemon [_thread_blocked, id=4428, stack(0x00000003e2500000,0x00000003e2600000) (1024K)]
  0x000001f473705020 JavaThread "Attach Listener"            daemon [_thread_blocked, id=15404, stack(0x00000003e2600000,0x00000003e2700000) (1024K)]
  0x000001f4737063d0 JavaThread "Service Thread"             daemon [_thread_blocked, id=22892, stack(0x00000003e2700000,0x00000003e2800000) (1024K)]
  0x000001f4737035e0 JavaThread "Monitor Deflation Thread"   daemon [_thread_blocked, id=35068, stack(0x00000003e2800000,0x00000003e2900000) (1024K)]
  0x000001f473714c20 JavaThread "C2 CompilerThread0"         daemon [_thread_blocked, id=34200, stack(0x00000003e2900000,0x00000003e2a00000) (1024K)]
  0x000001f473736150 JavaThread "C1 CompilerThread0"         daemon [_thread_blocked, id=42400, stack(0x00000003e2a00000,0x00000003e2b00000) (1024K)]
  0x000001f473706a60 JavaThread "Common-Cleaner"             daemon [_thread_blocked, id=46492, stack(0x00000003e2b00000,0x00000003e2c00000) (1024K)]
  0x000001f473703c70 JavaThread "Notification Thread"        daemon [_thread_blocked, id=40320, stack(0x00000003e2c00000,0x00000003e2d00000) (1024K)]
  0x000001f445387090 JavaThread "C2 CompilerThread1"         daemon [_thread_blocked, id=6688, stack(0x00000003e2d00000,0x00000003e2e00000) (1024K)]
  0x000001f473705d40 JavaThread "Java2D Disposer"            daemon [_thread_blocked, id=22104, stack(0x00000003e2e00000,0x00000003e2f00000) (1024K)]
  0x000001f4737056b0 JavaThread "AWT-Shutdown"                      [_thread_blocked, id=15524, stack(0x00000003e2f00000,0x00000003e3000000) (1024K)]
  0x000001f473704300 JavaThread "AWT-Windows"                daemon [_thread_in_native, id=14824, stack(0x00000003e3000000,0x00000003e3100000) (1024K)]
=>0x000001f473704990 JavaThread "AWT-EventQueue-0"                  [_thread_in_vm, id=41160, stack(0x00000003e3100000,0x00000003e3200000) (1024K)]
  0x000001f44617b4a0 JavaThread "DestroyJavaVM"                     [_thread_blocked, id=3064, stack(0x00000003e1b00000,0x00000003e1c00000) (1024K)]
Total: 16

Other Threads:
  0x000001f4736e4e20 VMThread "VM Thread"                           [id=49040, stack(0x00000003e2200000,0x00000003e2300000) (1024K)]
  0x000001f4736c7640 WatcherThread "VM Periodic Task Thread"        [id=47492, stack(0x00000003e2100000,0x00000003e2200000) (1024K)]
  0x000001f4543ef4a0 WorkerThread "GC Thread#0"                     [id=34008, stack(0x00000003e1c00000,0x00000003e1d00000) (1024K)]
  0x000001f4543fff60 ConcurrentGCThread "G1 Main Marker"            [id=24676, stack(0x00000003e1d00000,0x00000003e1e00000) (1024K)]
  0x000001f454401c30 WorkerThread "G1 Conc#0"                       [id=17208, stack(0x00000003e1e00000,0x00000003e1f00000) (1024K)]
  0x000001f45444ea60 ConcurrentGCThread "G1 Refine#0"               [id=40248, stack(0x00000003e1f00000,0x00000003e2000000) (1024K)]
  0x000001f473595bf0 ConcurrentGCThread "G1 Service"                [id=19340, stack(0x00000003e2000000,0x00000003e2100000) (1024K)]
Total: 7

Threads with active compile tasks:
Total: 0

VM state: not at safepoint (normal execution)

VM Mutex/Monitor currently owned by a thread:  ([mutex/lock_event])
[0x00007ffd0f949b38] Metaspace_lock - owner thread: 0x000001f473704990

Heap address: 0x0000000705200000, size: 4014 MB, Compressed Oops mode: Zero based, Oop shift amount: 3

CDS archive(s) mapped at: [0x000001f400000000-0x000001f400c60000-0x000001f400c60000), size 12976128, SharedBaseAddress: 0x000001f400000000, ArchiveRelocationMode: 1.
Compressed class space mapped at: 0x000001f401000000-0x000001f441000000, reserved size: 1073741824
Narrow klass base: 0x000001f400000000, Narrow klass shift: 0, Narrow klass range: 0x41000000

GC Precious Log:
 CardTable entry size: 512
 Card Set container configuration: InlinePtr #cards 4 size 8 Array Of Cards #cards 16 size 48 Howl #buckets 8 coarsen threshold 3686 Howl Bitmap #cards 512 size 80 coarsen threshold 460 Card regions per heap region 1 cards per card region 4096
 CPUs: 12 total, 12 available
 Memory: 16052M
 Large Page Support: Disabled
 NUMA Support: Disabled
 Compressed Oops: Enabled (Zero based)
 Heap Region Size: 2M
 Heap Min Capacity: 8M
 Heap Initial Capacity: 252M
 Heap Max Capacity: 4014M
 Pre-touch: Disabled
 Parallel Workers: 10
 Concurrent Workers: 3
 Concurrent Refinement Workers: 10
 Periodic GC: Disabled

Heap:
 garbage-first heap   total reserved 4110336K, committed 258048K, used 6144K [0x0000000705200000, 0x0000000800000000)
  region size 2048K, 4 young (8192K), 0 survivors (0K)
 Metaspace       used 6623K, committed 6848K, reserved 1114112K
  class space    used 776K, committed 896K, reserved 1048576K

Heap Regions: E=young(eden), S=young(survivor), O=old, HS=humongous(starts), HC=humongous(continues), CS=collection set, F=free, TAMS=top-at-mark-start, PB=parsable bottom
|   0|0x0000000705200000, 0x0000000705200000, 0x0000000705400000|  0%| F|  |TAMS 0x0000000705200000| PB 0x0000000705200000| Untracked |  0
|   1|0x0000000705400000, 0x0000000705400000, 0x0000000705600000|  0%| F|  |TAMS 0x0000000705400000| PB 0x0000000705400000| Untracked |  0
|   2|0x0000000705600000, 0x0000000705600000, 0x0000000705800000|  0%| F|  |TAMS 0x0000000705600000| PB 0x0000000705600000| Untracked |  0
|   3|0x0000000705800000, 0x0000000705800000, 0x0000000705a00000|  0%| F|  |TAMS 0x0000000705800000| PB 0x0000000705800000| Untracked |  0
|   4|0x0000000705a00000, 0x0000000705a00000, 0x0000000705c00000|  0%| F|  |TAMS 0x0000000705a00000| PB 0x0000000705a00000| Untracked |  0
|   5|0x0000000705c00000, 0x0000000705c00000, 0x0000000705e00000|  0%| F|  |TAMS 0x0000000705c00000| PB 0x0000000705c00000| Untracked |  0
|   6|0x0000000705e00000, 0x0000000705e00000, 0x0000000706000000|  0%| F|  |TAMS 0x0000000705e00000| PB 0x0000000705e00000| Untracked |  0
|   7|0x0000000706000000, 0x0000000706000000, 0x0000000706200000|  0%| F|  |TAMS 0x0000000706000000| PB 0x0000000706000000| Untracked |  0
|   8|0x0000000706200000, 0x0000000706200000, 0x0000000706400000|  0%| F|  |TAMS 0x0000000706200000| PB 0x0000000706200000| Untracked |  0
|   9|0x0000000706400000, 0x0000000706400000, 0x0000000706600000|  0%| F|  |TAMS 0x0000000706400000| PB 0x0000000706400000| Untracked |  0
|  10|0x0000000706600000, 0x0000000706600000, 0x0000000706800000|  0%| F|  |TAMS 0x0000000706600000| PB 0x0000000706600000| Untracked |  0
|  11|0x0000000706800000, 0x0000000706800000, 0x0000000706a00000|  0%| F|  |TAMS 0x0000000706800000| PB 0x0000000706800000| Untracked |  0
|  12|0x0000000706a00000, 0x0000000706a00000, 0x0000000706c00000|  0%| F|  |TAMS 0x0000000706a00000| PB 0x0000000706a00000| Untracked |  0
|  13|0x0000000706c00000, 0x0000000706c00000, 0x0000000706e00000|  0%| F|  |TAMS 0x0000000706c00000| PB 0x0000000706c00000| Untracked |  0
|  14|0x0000000706e00000, 0x0000000706e00000, 0x0000000707000000|  0%| F|  |TAMS 0x0000000706e00000| PB 0x0000000706e00000| Untracked |  0
|  15|0x0000000707000000, 0x0000000707000000, 0x0000000707200000|  0%| F|  |TAMS 0x0000000707000000| PB 0x0000000707000000| Untracked |  0
|  16|0x0000000707200000, 0x0000000707200000, 0x0000000707400000|  0%| F|  |TAMS 0x0000000707200000| PB 0x0000000707200000| Untracked |  0
|  17|0x0000000707400000, 0x0000000707400000, 0x0000000707600000|  0%| F|  |TAMS 0x0000000707400000| PB 0x0000000707400000| Untracked |  0
|  18|0x0000000707600000, 0x0000000707600000, 0x0000000707800000|  0%| F|  |TAMS 0x0000000707600000| PB 0x0000000707600000| Untracked |  0
|  19|0x0000000707800000, 0x0000000707800000, 0x0000000707a00000|  0%| F|  |TAMS 0x0000000707800000| PB 0x0000000707800000| Untracked |  0
|  20|0x0000000707a00000, 0x0000000707a00000, 0x0000000707c00000|  0%| F|  |TAMS 0x0000000707a00000| PB 0x0000000707a00000| Untracked |  0
|  21|0x0000000707c00000, 0x0000000707c00000, 0x0000000707e00000|  0%| F|  |TAMS 0x0000000707c00000| PB 0x0000000707c00000| Untracked |  0
|  22|0x0000000707e00000, 0x0000000707e00000, 0x0000000708000000|  0%| F|  |TAMS 0x0000000707e00000| PB 0x0000000707e00000| Untracked |  0
|  23|0x0000000708000000, 0x0000000708000000, 0x0000000708200000|  0%| F|  |TAMS 0x0000000708000000| PB 0x0000000708000000| Untracked |  0
|  24|0x0000000708200000, 0x0000000708200000, 0x0000000708400000|  0%| F|  |TAMS 0x0000000708200000| PB 0x0000000708200000| Untracked |  0
|  25|0x0000000708400000, 0x0000000708400000, 0x0000000708600000|  0%| F|  |TAMS 0x0000000708400000| PB 0x0000000708400000| Untracked |  0
|  26|0x0000000708600000, 0x0000000708600000, 0x0000000708800000|  0%| F|  |TAMS 0x0000000708600000| PB 0x0000000708600000| Untracked |  0
|  27|0x0000000708800000, 0x0000000708800000, 0x0000000708a00000|  0%| F|  |TAMS 0x0000000708800000| PB 0x0000000708800000| Untracked |  0
|  28|0x0000000708a00000, 0x0000000708a00000, 0x0000000708c00000|  0%| F|  |TAMS 0x0000000708a00000| PB 0x0000000708a00000| Untracked |  0
|  29|0x0000000708c00000, 0x0000000708c00000, 0x0000000708e00000|  0%| F|  |TAMS 0x0000000708c00000| PB 0x0000000708c00000| Untracked |  0
|  30|0x0000000708e00000, 0x0000000708e00000, 0x0000000709000000|  0%| F|  |TAMS 0x0000000708e00000| PB 0x0000000708e00000| Untracked |  0
|  31|0x0000000709000000, 0x0000000709000000, 0x0000000709200000|  0%| F|  |TAMS 0x0000000709000000| PB 0x0000000709000000| Untracked |  0
|  32|0x0000000709200000, 0x0000000709200000, 0x0000000709400000|  0%| F|  |TAMS 0x0000000709200000| PB 0x0000000709200000| Untracked |  0
|  33|0x0000000709400000, 0x0000000709400000, 0x0000000709600000|  0%| F|  |TAMS 0x0000000709400000| PB 0x0000000709400000| Untracked |  0
|  34|0x0000000709600000, 0x0000000709600000, 0x0000000709800000|  0%| F|  |TAMS 0x0000000709600000| PB 0x0000000709600000| Untracked |  0
|  35|0x0000000709800000, 0x0000000709800000, 0x0000000709a00000|  0%| F|  |TAMS 0x0000000709800000| PB 0x0000000709800000| Untracked |  0
|  36|0x0000000709a00000, 0x0000000709a00000, 0x0000000709c00000|  0%| F|  |TAMS 0x0000000709a00000| PB 0x0000000709a00000| Untracked |  0
|  37|0x0000000709c00000, 0x0000000709c00000, 0x0000000709e00000|  0%| F|  |TAMS 0x0000000709c00000| PB 0x0000000709c00000| Untracked |  0
|  38|0x0000000709e00000, 0x0000000709e00000, 0x000000070a000000|  0%| F|  |TAMS 0x0000000709e00000| PB 0x0000000709e00000| Untracked |  0
|  39|0x000000070a000000, 0x000000070a000000, 0x000000070a200000|  0%| F|  |TAMS 0x000000070a000000| PB 0x000000070a000000| Untracked |  0
|  40|0x000000070a200000, 0x000000070a200000, 0x000000070a400000|  0%| F|  |TAMS 0x000000070a200000| PB 0x000000070a200000| Untracked |  0
|  41|0x000000070a400000, 0x000000070a400000, 0x000000070a600000|  0%| F|  |TAMS 0x000000070a400000| PB 0x000000070a400000| Untracked |  0
|  42|0x000000070a600000, 0x000000070a600000, 0x000000070a800000|  0%| F|  |TAMS 0x000000070a600000| PB 0x000000070a600000| Untracked |  0
|  43|0x000000070a800000, 0x000000070a800000, 0x000000070aa00000|  0%| F|  |TAMS 0x000000070a800000| PB 0x000000070a800000| Untracked |  0
|  44|0x000000070aa00000, 0x000000070aa00000, 0x000000070ac00000|  0%| F|  |TAMS 0x000000070aa00000| PB 0x000000070aa00000| Untracked |  0
|  45|0x000000070ac00000, 0x000000070ac00000, 0x000000070ae00000|  0%| F|  |TAMS 0x000000070ac00000| PB 0x000000070ac00000| Untracked |  0
|  46|0x000000070ae00000, 0x000000070ae00000, 0x000000070b000000|  0%| F|  |TAMS 0x000000070ae00000| PB 0x000000070ae00000| Untracked |  0
|  47|0x000000070b000000, 0x000000070b000000, 0x000000070b200000|  0%| F|  |TAMS 0x000000070b000000| PB 0x000000070b000000| Untracked |  0
|  48|0x000000070b200000, 0x000000070b200000, 0x000000070b400000|  0%| F|  |TAMS 0x000000070b200000| PB 0x000000070b200000| Untracked |  0
|  49|0x000000070b400000, 0x000000070b400000, 0x000000070b600000|  0%| F|  |TAMS 0x000000070b400000| PB 0x000000070b400000| Untracked |  0
|  50|0x000000070b600000, 0x000000070b600000, 0x000000070b800000|  0%| F|  |TAMS 0x000000070b600000| PB 0x000000070b600000| Untracked |  0
|  51|0x000000070b800000, 0x000000070b800000, 0x000000070ba00000|  0%| F|  |TAMS 0x000000070b800000| PB 0x000000070b800000| Untracked |  0
|  52|0x000000070ba00000, 0x000000070ba00000, 0x000000070bc00000|  0%| F|  |TAMS 0x000000070ba00000| PB 0x000000070ba00000| Untracked |  0
|  53|0x000000070bc00000, 0x000000070bc00000, 0x000000070be00000|  0%| F|  |TAMS 0x000000070bc00000| PB 0x000000070bc00000| Untracked |  0
|  54|0x000000070be00000, 0x000000070be00000, 0x000000070c000000|  0%| F|  |TAMS 0x000000070be00000| PB 0x000000070be00000| Untracked |  0
|  55|0x000000070c000000, 0x000000070c000000, 0x000000070c200000|  0%| F|  |TAMS 0x000000070c000000| PB 0x000000070c000000| Untracked |  0
|  56|0x000000070c200000, 0x000000070c200000, 0x000000070c400000|  0%| F|  |TAMS 0x000000070c200000| PB 0x000000070c200000| Untracked |  0
|  57|0x000000070c400000, 0x000000070c400000, 0x000000070c600000|  0%| F|  |TAMS 0x000000070c400000| PB 0x000000070c400000| Untracked |  0
|  58|0x000000070c600000, 0x000000070c600000, 0x000000070c800000|  0%| F|  |TAMS 0x000000070c600000| PB 0x000000070c600000| Untracked |  0
|  59|0x000000070c800000, 0x000000070c800000, 0x000000070ca00000|  0%| F|  |TAMS 0x000000070c800000| PB 0x000000070c800000| Untracked |  0
|  60|0x000000070ca00000, 0x000000070ca00000, 0x000000070cc00000|  0%| F|  |TAMS 0x000000070ca00000| PB 0x000000070ca00000| Untracked |  0
|  61|0x000000070cc00000, 0x000000070cc00000, 0x000000070ce00000|  0%| F|  |TAMS 0x000000070cc00000| PB 0x000000070cc00000| Untracked |  0
|  62|0x000000070ce00000, 0x000000070ce00000, 0x000000070d000000|  0%| F|  |TAMS 0x000000070ce00000| PB 0x000000070ce00000| Untracked |  0
|  63|0x000000070d000000, 0x000000070d000000, 0x000000070d200000|  0%| F|  |TAMS 0x000000070d000000| PB 0x000000070d000000| Untracked |  0
|  64|0x000000070d200000, 0x000000070d200000, 0x000000070d400000|  0%| F|  |TAMS 0x000000070d200000| PB 0x000000070d200000| Untracked |  0
|  65|0x000000070d400000, 0x000000070d400000, 0x000000070d600000|  0%| F|  |TAMS 0x000000070d400000| PB 0x000000070d400000| Untracked |  0
|  66|0x000000070d600000, 0x000000070d600000, 0x000000070d800000|  0%| F|  |TAMS 0x000000070d600000| PB 0x000000070d600000| Untracked |  0
|  67|0x000000070d800000, 0x000000070d800000, 0x000000070da00000|  0%| F|  |TAMS 0x000000070d800000| PB 0x000000070d800000| Untracked |  0
|  68|0x000000070da00000, 0x000000070da00000, 0x000000070dc00000|  0%| F|  |TAMS 0x000000070da00000| PB 0x000000070da00000| Untracked |  0
|  69|0x000000070dc00000, 0x000000070dc00000, 0x000000070de00000|  0%| F|  |TAMS 0x000000070dc00000| PB 0x000000070dc00000| Untracked |  0
|  70|0x000000070de00000, 0x000000070de00000, 0x000000070e000000|  0%| F|  |TAMS 0x000000070de00000| PB 0x000000070de00000| Untracked |  0
|  71|0x000000070e000000, 0x000000070e000000, 0x000000070e200000|  0%| F|  |TAMS 0x000000070e000000| PB 0x000000070e000000| Untracked |  0
|  72|0x000000070e200000, 0x000000070e200000, 0x000000070e400000|  0%| F|  |TAMS 0x000000070e200000| PB 0x000000070e200000| Untracked |  0
|  73|0x000000070e400000, 0x000000070e400000, 0x000000070e600000|  0%| F|  |TAMS 0x000000070e400000| PB 0x000000070e400000| Untracked |  0
|  74|0x000000070e600000, 0x000000070e600000, 0x000000070e800000|  0%| F|  |TAMS 0x000000070e600000| PB 0x000000070e600000| Untracked |  0
|  75|0x000000070e800000, 0x000000070e800000, 0x000000070ea00000|  0%| F|  |TAMS 0x000000070e800000| PB 0x000000070e800000| Untracked |  0
|  76|0x000000070ea00000, 0x000000070ea00000, 0x000000070ec00000|  0%| F|  |TAMS 0x000000070ea00000| PB 0x000000070ea00000| Untracked |  0
|  77|0x000000070ec00000, 0x000000070ec00000, 0x000000070ee00000|  0%| F|  |TAMS 0x000000070ec00000| PB 0x000000070ec00000| Untracked |  0
|  78|0x000000070ee00000, 0x000000070ee00000, 0x000000070f000000|  0%| F|  |TAMS 0x000000070ee00000| PB 0x000000070ee00000| Untracked |  0
|  79|0x000000070f000000, 0x000000070f000000, 0x000000070f200000|  0%| F|  |TAMS 0x000000070f000000| PB 0x000000070f000000| Untracked |  0
|  80|0x000000070f200000, 0x000000070f200000, 0x000000070f400000|  0%| F|  |TAMS 0x000000070f200000| PB 0x000000070f200000| Untracked |  0
|  81|0x000000070f400000, 0x000000070f400000, 0x000000070f600000|  0%| F|  |TAMS 0x000000070f400000| PB 0x000000070f400000| Untracked |  0
|  82|0x000000070f600000, 0x000000070f600000, 0x000000070f800000|  0%| F|  |TAMS 0x000000070f600000| PB 0x000000070f600000| Untracked |  0
|  83|0x000000070f800000, 0x000000070f800000, 0x000000070fa00000|  0%| F|  |TAMS 0x000000070f800000| PB 0x000000070f800000| Untracked |  0
|  84|0x000000070fa00000, 0x000000070fa00000, 0x000000070fc00000|  0%| F|  |TAMS 0x000000070fa00000| PB 0x000000070fa00000| Untracked |  0
|  85|0x000000070fc00000, 0x000000070fc00000, 0x000000070fe00000|  0%| F|  |TAMS 0x000000070fc00000| PB 0x000000070fc00000| Untracked |  0
|  86|0x000000070fe00000, 0x000000070fe00000, 0x0000000710000000|  0%| F|  |TAMS 0x000000070fe00000| PB 0x000000070fe00000| Untracked |  0
|  87|0x0000000710000000, 0x0000000710000000, 0x0000000710200000|  0%| F|  |TAMS 0x0000000710000000| PB 0x0000000710000000| Untracked |  0
|  88|0x0000000710200000, 0x0000000710200000, 0x0000000710400000|  0%| F|  |TAMS 0x0000000710200000| PB 0x0000000710200000| Untracked |  0
|  89|0x0000000710400000, 0x0000000710400000, 0x0000000710600000|  0%| F|  |TAMS 0x0000000710400000| PB 0x0000000710400000| Untracked |  0
|  90|0x0000000710600000, 0x0000000710600000, 0x0000000710800000|  0%| F|  |TAMS 0x0000000710600000| PB 0x0000000710600000| Untracked |  0
|  91|0x0000000710800000, 0x0000000710800000, 0x0000000710a00000|  0%| F|  |TAMS 0x0000000710800000| PB 0x0000000710800000| Untracked |  0
|  92|0x0000000710a00000, 0x0000000710a00000, 0x0000000710c00000|  0%| F|  |TAMS 0x0000000710a00000| PB 0x0000000710a00000| Untracked |  0
|  93|0x0000000710c00000, 0x0000000710c00000, 0x0000000710e00000|  0%| F|  |TAMS 0x0000000710c00000| PB 0x0000000710c00000| Untracked |  0
|  94|0x0000000710e00000, 0x0000000710e00000, 0x0000000711000000|  0%| F|  |TAMS 0x0000000710e00000| PB 0x0000000710e00000| Untracked |  0
|  95|0x0000000711000000, 0x0000000711000000, 0x0000000711200000|  0%| F|  |TAMS 0x0000000711000000| PB 0x0000000711000000| Untracked |  0
|  96|0x0000000711200000, 0x0000000711200000, 0x0000000711400000|  0%| F|  |TAMS 0x0000000711200000| PB 0x0000000711200000| Untracked |  0
|  97|0x0000000711400000, 0x0000000711400000, 0x0000000711600000|  0%| F|  |TAMS 0x0000000711400000| PB 0x0000000711400000| Untracked |  0
|  98|0x0000000711600000, 0x0000000711600000, 0x0000000711800000|  0%| F|  |TAMS 0x0000000711600000| PB 0x0000000711600000| Untracked |  0
|  99|0x0000000711800000, 0x0000000711800000, 0x0000000711a00000|  0%| F|  |TAMS 0x0000000711800000| PB 0x0000000711800000| Untracked |  0
| 100|0x0000000711a00000, 0x0000000711a00000, 0x0000000711c00000|  0%| F|  |TAMS 0x0000000711a00000| PB 0x0000000711a00000| Untracked |  0
| 101|0x0000000711c00000, 0x0000000711c00000, 0x0000000711e00000|  0%| F|  |TAMS 0x0000000711c00000| PB 0x0000000711c00000| Untracked |  0
| 102|0x0000000711e00000, 0x0000000711e00000, 0x0000000712000000|  0%| F|  |TAMS 0x0000000711e00000| PB 0x0000000711e00000| Untracked |  0
| 103|0x0000000712000000, 0x0000000712000000, 0x0000000712200000|  0%| F|  |TAMS 0x0000000712000000| PB 0x0000000712000000| Untracked |  0
| 104|0x0000000712200000, 0x0000000712200000, 0x0000000712400000|  0%| F|  |TAMS 0x0000000712200000| PB 0x0000000712200000| Untracked |  0
| 105|0x0000000712400000, 0x0000000712400000, 0x0000000712600000|  0%| F|  |TAMS 0x0000000712400000| PB 0x0000000712400000| Untracked |  0
| 106|0x0000000712600000, 0x0000000712600000, 0x0000000712800000|  0%| F|  |TAMS 0x0000000712600000| PB 0x0000000712600000| Untracked |  0
| 107|0x0000000712800000, 0x0000000712800000, 0x0000000712a00000|  0%| F|  |TAMS 0x0000000712800000| PB 0x0000000712800000| Untracked |  0
| 108|0x0000000712a00000, 0x0000000712a00000, 0x0000000712c00000|  0%| F|  |TAMS 0x0000000712a00000| PB 0x0000000712a00000| Untracked |  0
| 109|0x0000000712c00000, 0x0000000712c00000, 0x0000000712e00000|  0%| F|  |TAMS 0x0000000712c00000| PB 0x0000000712c00000| Untracked |  0
| 110|0x0000000712e00000, 0x0000000712e00000, 0x0000000713000000|  0%| F|  |TAMS 0x0000000712e00000| PB 0x0000000712e00000| Untracked |  0
| 111|0x0000000713000000, 0x0000000713000000, 0x0000000713200000|  0%| F|  |TAMS 0x0000000713000000| PB 0x0000000713000000| Untracked |  0
| 112|0x0000000713200000, 0x0000000713200000, 0x0000000713400000|  0%| F|  |TAMS 0x0000000713200000| PB 0x0000000713200000| Untracked |  0
| 113|0x0000000713400000, 0x0000000713400000, 0x0000000713600000|  0%| F|  |TAMS 0x0000000713400000| PB 0x0000000713400000| Untracked |  0
| 114|0x0000000713600000, 0x0000000713600000, 0x0000000713800000|  0%| F|  |TAMS 0x0000000713600000| PB 0x0000000713600000| Untracked |  0
| 115|0x0000000713800000, 0x0000000713800000, 0x0000000713a00000|  0%| F|  |TAMS 0x0000000713800000| PB 0x0000000713800000| Untracked |  0
| 116|0x0000000713a00000, 0x0000000713a00000, 0x0000000713c00000|  0%| F|  |TAMS 0x0000000713a00000| PB 0x0000000713a00000| Untracked |  0
| 117|0x0000000713c00000, 0x0000000713c00000, 0x0000000713e00000|  0%| F|  |TAMS 0x0000000713c00000| PB 0x0000000713c00000| Untracked |  0
| 118|0x0000000713e00000, 0x0000000713e00000, 0x0000000714000000|  0%| F|  |TAMS 0x0000000713e00000| PB 0x0000000713e00000| Untracked |  0
| 119|0x0000000714000000, 0x0000000714000000, 0x0000000714200000|  0%| F|  |TAMS 0x0000000714000000| PB 0x0000000714000000| Untracked |  0
| 120|0x0000000714200000, 0x0000000714200000, 0x0000000714400000|  0%| F|  |TAMS 0x0000000714200000| PB 0x0000000714200000| Untracked |  0
| 121|0x0000000714400000, 0x0000000714400000, 0x0000000714600000|  0%| F|  |TAMS 0x0000000714400000| PB 0x0000000714400000| Untracked |  0
| 122|0x0000000714600000, 0x0000000714800000, 0x0000000714800000|100%| E|  |TAMS 0x0000000714600000| PB 0x0000000714600000| Complete |  0
| 123|0x0000000714800000, 0x0000000714a00000, 0x0000000714a00000|100%| E|CS|TAMS 0x0000000714800000| PB 0x0000000714800000| Complete |  0
| 124|0x0000000714a00000, 0x0000000714c00000, 0x0000000714c00000|100%| E|CS|TAMS 0x0000000714a00000| PB 0x0000000714a00000| Complete |  0
| 125|0x0000000714c00000, 0x0000000714e00000, 0x0000000714e00000|100%| E|CS|TAMS 0x0000000714c00000| PB 0x0000000714c00000| Complete |  0

Card table byte_map: [0x000001f46c400000,0x000001f46cbe0000] _byte_map_base: 0x000001f468bd7000

Marking Bits: (CMBitMap*) 0x000001f4543efbb0
 Bits: [0x000001f46cbe0000, 0x000001f470a98000)

Polling page: 0x000001f4522f0000

Metaspace:

Usage:
  Non-class:      5.71 MB used.
      Class:    776.05 KB used.
       Both:      6.47 MB used.

Virtual space:
  Non-class space:       64.00 MB reserved,       5.81 MB (  9%) committed,  1 nodes.
      Class space:        1.00 GB reserved,     896.00 KB ( <1%) committed,  1 nodes.
             Both:        1.06 GB reserved,       6.69 MB ( <1%) committed. 

Chunk freelists:
   Non-Class:  10.11 MB
       Class:  15.11 MB
        Both:  25.23 MB

MaxMetaspaceSize: unlimited
CompressedClassSpaceSize: 1.00 GB
Initial GC threshold: 21.00 MB
Current GC threshold: 21.00 MB
CDS: on
 - commit_granule_bytes: 65536.
 - commit_granule_words: 8192.
 - virtual_space_node_default_size: 8388608.
 - enlarge_chunks_in_place: 1.
 - use_allocation_guard: 0.


Internal statistics:

num_allocs_failed_limit: 0.
num_arena_births: 140.
num_arena_deaths: 0.
num_vsnodes_births: 2.
num_vsnodes_deaths: 0.
num_space_committed: 107.
num_space_uncommitted: 0.
num_chunks_returned_to_freelist: 0.
num_chunks_taken_from_freelist: 175.
num_chunk_merges: 0.
num_chunk_splits: 104.
num_chunks_enlarged: 37.
num_inconsistent_stats: 0.

CodeHeap 'non-profiled nmethods': size=120000Kb used=203Kb max_used=203Kb free=119796Kb
 bounds [0x000001f4641a0000, 0x000001f464410000, 0x000001f46b6d0000]
CodeHeap 'profiled nmethods': size=120000Kb used=960Kb max_used=960Kb free=119039Kb
 bounds [0x000001f45c6d0000, 0x000001f45c940000, 0x000001f463c00000]
CodeHeap 'non-nmethods': size=5760Kb used=1495Kb max_used=1508Kb free=4264Kb
 bounds [0x000001f463c00000, 0x000001f463e70000, 0x000001f4641a0000]
 total_blobs=1267 nmethods=696 adapters=476
 compilation: enabled
              stopped_count=0, restarted_count=0
 full_count=0

Compilation events (20 events):
Event: 0.335 Thread 0x000001f445387090 nmethod 685 0x000001f4641d1d10 code [0x000001f4641d1e80, 0x000001f4641d1f10]
Event: 0.336 Thread 0x000001f473736150 nmethod 687 0x000001f45c7bd090 code [0x000001f45c7bd2c0, 0x000001f45c7bdb60]
Event: 0.336 Thread 0x000001f473736150  686       1       jdk.internal.jimage.ImageHeader::getTableLength (5 bytes)
Event: 0.336 Thread 0x000001f473736150 nmethod 686 0x000001f4641d2010 code [0x000001f4641d21a0, 0x000001f4641d2268]
Event: 0.336 Thread 0x000001f473736150  688       1       java.awt.Component::getParent_NoClientCode (5 bytes)
Event: 0.336 Thread 0x000001f473736150 nmethod 688 0x000001f4641d2310 code [0x000001f4641d24a0, 0x000001f4641d2570]
Event: 0.343 Thread 0x000001f473736150  689       3       java.awt.Component::getTreeLock (4 bytes)
Event: 0.343 Thread 0x000001f473736150 nmethod 689 0x000001f45c7bdd90 code [0x000001f45c7bdf20, 0x000001f45c7be038]
Event: 0.343 Thread 0x000001f473736150  690       3       jdk.internal.logger.SimpleConsoleLogger::isLoggable (29 bytes)
Event: 0.344 Thread 0x000001f473736150 nmethod 690 0x000001f45c7be110 code [0x000001f45c7be2c0, 0x000001f45c7be600]
Event: 0.344 Thread 0x000001f473736150  691       3       jdk.internal.logger.SimpleConsoleLogger::effectiveLevel (17 bytes)
Event: 0.344 Thread 0x000001f473736150 nmethod 691 0x000001f45c7be710 code [0x000001f45c7be8c0, 0x000001f45c7beaf0]
Event: 0.344 Thread 0x000001f473736150  692       3       jdk.internal.logger.SurrogateLogger::defaultPlatformLevel (4 bytes)
Event: 0.344 Thread 0x000001f473736150 nmethod 692 0x000001f45c7beb90 code [0x000001f45c7bed20, 0x000001f45c7bee38]
Event: 0.344 Thread 0x000001f473736150  694   !   3       jdk.internal.logger.LazyLoggers$LazyLoggerAccessor::platform (107 bytes)
Event: 0.344 Thread 0x000001f473736150 nmethod 694 0x000001f45c7bef10 code [0x000001f45c7bf160, 0x000001f45c7bfde0]
Event: 0.344 Thread 0x000001f473736150  695       1       java.lang.Boolean::booleanValue (5 bytes)
Event: 0.344 Thread 0x000001f473736150 nmethod 695 0x000001f4641d2910 code [0x000001f4641d2aa0, 0x000001f4641d2b70]
Event: 0.364 Thread 0x000001f473736150  696       1       java.util.concurrent.locks.AbstractOwnableSynchronizer::setExclusiveOwnerThread (6 bytes)
Event: 0.364 Thread 0x000001f473736150 nmethod 696 0x000001f4641d2c10 code [0x000001f4641d2da0, 0x000001f4641d2eb8]

GC Heap History (0 events):
No events

Dll operation events (9 events):
Event: 0.010 Loaded shared library C:\Program Files\Java\jdk-22\bin\java.dll
Event: 0.039 Loaded shared library C:\Program Files\Java\jdk-22\bin\jsvml.dll
Event: 0.065 Loaded shared library C:\Program Files\Java\jdk-22\bin\net.dll
Event: 0.067 Loaded shared library C:\Program Files\Java\jdk-22\bin\nio.dll
Event: 0.088 Loaded shared library C:\Program Files\Java\jdk-22\bin\zip.dll
Event: 0.122 Loaded shared library C:\Program Files\Java\jdk-22\bin\jimage.dll
Event: 0.136 Loaded shared library C:\Program Files\Java\jdk-22\bin\awt.dll
Event: 0.313 Loaded shared library C:\Program Files\Java\jdk-22\bin\freetype.dll
Event: 0.315 Loaded shared library C:\Program Files\Java\jdk-22\bin\fontmanager.dll

Deoptimization events (4 events):
Event: 0.222 Thread 0x000001f45209a400 Uncommon trap: trap_request=0xffffff45 fr.pc=0x000001f4641af66c relative=0x0000000000000a2c
Event: 0.222 Thread 0x000001f45209a400 Uncommon trap: reason=unstable_if action=reinterpret pc=0x000001f4641af66c method=java.util.HashMap.putVal(ILjava/lang/Object;Ljava/lang/Object;ZZ)Ljava/lang/Object; @ 236 c2
Event: 0.222 Thread 0x000001f45209a400 DEOPT PACKING pc=0x000001f4641af66c sp=0x00000003e1bfdd20
Event: 0.222 Thread 0x000001f45209a400 DEOPT UNPACKING pc=0x000001f463c546a2 sp=0x00000003e1bfdcd8 mode 2

Classes loaded (20 events):
Event: 0.363 Loading class sun/awt/GlobalCursorManager
Event: 0.363 Loading class sun/awt/GlobalCursorManager done
Event: 0.363 Loading class sun/awt/windows/WGlobalCursorManager done
Event: 0.363 Loading class sun/awt/GlobalCursorManager$NativeUpdater
Event: 0.363 Loading class sun/awt/GlobalCursorManager$NativeUpdater done
Event: 0.366 Loading class sun/awt/WeakIdentityHashMap$WeakKey
Event: 0.367 Loading class sun/awt/WeakIdentityHashMap$WeakKey done
Event: 0.367 Loading class java/util/ArrayList$ListItr
Event: 0.367 Loading class java/util/ArrayList$ListItr done
Event: 0.367 Loading class java/awt/event/FocusEvent$Cause
Event: 0.367 Loading class java/awt/event/FocusEvent$Cause done
Event: 0.367 Loading class sun/awt/KeyboardFocusManagerPeerImpl$KfmAccessor
Event: 0.367 Loading class sun/awt/KeyboardFocusManagerPeerImpl$KfmAccessor done
Event: 0.368 Loading class java/awt/KeyboardFocusManager$HeavyweightFocusRequest
Event: 0.368 Loading class java/awt/KeyboardFocusManager$HeavyweightFocusRequest done
Event: 0.368 Loading class java/awt/DefaultKeyboardFocusManager$TypeAheadMarker
Event: 0.368 Loading class java/awt/DefaultKeyboardFocusManager$TypeAheadMarker done
Event: 0.368 Loading class java/awt/KeyboardFocusManager$LightweightFocusRequest
Event: 0.368 Loading class java/awt/KeyboardFocusManager$LightweightFocusRequest done
Event: 0.373 Loading class javax/swing/RepaintManager$4

Classes unloaded (0 events):
No events

Classes redefined (0 events):
No events

Internal exceptions (14 events):
Event: 0.068 Thread 0x000001f45209a400 Exception <a 'sun/nio/fs/WindowsException'{0x0000000714a2dfc8}> (0x0000000714a2dfc8) 
thrown [s\open\src\hotspot\share\prims\jni.cpp, line 520]
Event: 0.070 Thread 0x000001f45209a400 Exception <a 'sun/nio/fs/WindowsException'{0x0000000714a308b8}> (0x0000000714a308b8) 
thrown [s\open\src\hotspot\share\prims\jni.cpp, line 520]
Event: 0.070 Thread 0x000001f45209a400 Exception <a 'sun/nio/fs/WindowsException'{0x0000000714a314d0}> (0x0000000714a314d0) 
thrown [s\open\src\hotspot\share\prims\jni.cpp, line 520]
Event: 0.126 Thread 0x000001f45209a400 Exception <a 'java/lang/ClassNotFoundException'{0x0000000714b79518}: sun/awt/resources/spi/awtProvider> (0x0000000714b79518) 
thrown [s\open\src\hotspot\share\classfile\systemDictionary.cpp, line 313]
Event: 0.146 Thread 0x000001f45209a400 Exception <a 'java/io/FileNotFoundException'{0x0000000714bcd190}> (0x0000000714bcd190) 
thrown [s\open\src\hotspot\share\prims\jni.cpp, line 520]
Event: 0.153 Thread 0x000001f45209a400 Exception <a 'java/io/FileNotFoundException'{0x0000000714bfb810}> (0x0000000714bfb810) 
thrown [s\open\src\hotspot\share\prims\jni.cpp, line 520]
Event: 0.225 Thread 0x000001f45209a400 Exception <a 'java/lang/NoSuchMethodError'{0x0000000714989ce0}: 'void java.lang.invoke.DirectMethodHandle$Holder.invokeSpecial(java.lang.Object, java.lang.Object, java.lang.Object)'> (0x0000000714989ce0) 
thrown [s\open\src\hotspot\share\interpreter\linkResolver.cpp, line 774]
Event: 0.230 Thread 0x000001f45209a400 Exception <a 'java/lang/NoSuchMethodError'{0x00000007149afff0}: 'java.lang.Object java.lang.invoke.DirectMethodHandle$Holder.newInvokeSpecial(java.lang.Object, java.lang.Object, java.lang.Object, java.lang.Object, java.lang.Object)'> (0x00000007149afff0) 
thrown [s\open\src\hotspot\share\interpreter\linkResolver.cpp, line 774]
Event: 0.234 Thread 0x000001f45209a400 Exception <a 'java/lang/NoSuchMethodError'{0x00000007149dc908}: 'java.lang.Object java.lang.invoke.DirectMethodHandle$Holder.invokeStatic(java.lang.Object, int, java.lang.Object)'> (0x00000007149dc908) 
thrown [s\open\src\hotspot\share\interpreter\linkResolver.cpp, line 774]
Event: 0.245 Thread 0x000001f45209a400 Exception <a 'java/lang/ClassNotFoundException'{0x000000071467f010}: com/sun/swing/internal/plaf/metal/resources/spi/metalProvider> (0x000000071467f010) 
thrown [s\open\src\hotspot\share\classfile\systemDictionary.cpp, line 313]
Event: 0.246 Thread 0x000001f45209a400 Exception <a 'java/lang/ClassNotFoundException'{0x0000000714682fc0}: com/sun/swing/internal/plaf/basic/resources/spi/basicProvider> (0x0000000714682fc0) 
thrown [s\open\src\hotspot\share\classfile\systemDictionary.cpp, line 313]
Event: 0.253 Thread 0x000001f45209a400 Exception <a 'java/lang/NoSuchMethodError'{0x00000007146a26b0}: 'int java.lang.invoke.Invokers$Holder.invokeExact_MT(java.lang.Object, java.lang.Object)'> (0x00000007146a26b0) 
thrown [s\open\src\hotspot\share\interpreter\linkResolver.cpp, line 774]
Event: 0.300 Thread 0x000001f473704300 Exception <a 'java/lang/NoSuchMethodError'{0x0000000714904bc0}: 'void java.lang.invoke.DirectMethodHandle$Holder.invokeVirtual(java.lang.Object, java.lang.Object)'> (0x0000000714904bc0) 
thrown [s\open\src\hotspot\share\interpreter\linkResolver.cpp, line 774]
Event: 0.310 Thread 0x000001f45209a400 Exception <a 'java/lang/NoSuchMethodError'{0x00000007146f18c0}: 'void java.lang.invoke.DirectMethodHandle$Holder.invokeStaticInit(java.lang.Object)'> (0x00000007146f18c0) 
thrown [s\open\src\hotspot\share\interpreter\linkResolver.cpp, line 774]

ZGC Phase Switch (0 events):
No events

VM Operations (6 events):
Event: 0.071 Executing VM operation: HandshakeAllThreads (Deoptimize)
Event: 0.071 Executing VM operation: HandshakeAllThreads (Deoptimize) done
Event: 0.160 Executing VM operation: HandshakeAllThreads (Deoptimize)
Event: 0.160 Executing VM operation: HandshakeAllThreads (Deoptimize) done
Event: 0.264 Executing VM operation: HandshakeAllThreads (Deoptimize)
Event: 0.264 Executing VM operation: HandshakeAllThreads (Deoptimize) done

Events (18 events):
Event: 0.024 Thread 0x000001f45209a400 Thread added: 0x000001f45209a400
Event: 0.036 Thread 0x000001f4736fce90 Thread added: 0x000001f4736fce90
Event: 0.036 Thread 0x000001f4736fddb0 Thread added: 0x000001f4736fddb0
Event: 0.037 Thread 0x000001f4737006c0 Thread added: 0x000001f4737006c0
Event: 0.037 Thread 0x000001f473705020 Thread added: 0x000001f473705020
Event: 0.037 Thread 0x000001f4737063d0 Thread added: 0x000001f4737063d0
Event: 0.037 Thread 0x000001f4737035e0 Thread added: 0x000001f4737035e0
Event: 0.037 Thread 0x000001f473714c20 Thread added: 0x000001f473714c20
Event: 0.037 Thread 0x000001f473736150 Thread added: 0x000001f473736150
Event: 0.057 Thread 0x000001f473706a60 Thread added: 0x000001f473706a60
Event: 0.079 Thread 0x000001f473703c70 Thread added: 0x000001f473703c70
Event: 0.084 Thread 0x000001f445387090 Thread added: 0x000001f445387090
Event: 0.192 Thread 0x000001f473705d40 Thread added: 0x000001f473705d40
Event: 0.194 Thread 0x000001f4737056b0 Thread added: 0x000001f4737056b0
Event: 0.195 Thread 0x000001f473704300 Thread added: 0x000001f473704300
Event: 0.299 Thread 0x000001f473704990 Thread added: 0x000001f473704990
Event: 0.364 Thread 0x000001f45209a400 Thread exited: 0x000001f45209a400
Event: 0.364 Thread 0x000001f44617b4a0 Thread added: 0x000001f44617b4a0


Dynamic libraries:
0x00007ff7809b0000 - 0x00007ff7809c0000 	C:\Program Files\Java\jdk-22\bin\java.exe
0x00007ffdd8bf0000 - 0x00007ffdd8e07000 	C:\WINDOWS\SYSTEM32\ntdll.dll
0x00007ffdd7180000 - 0x00007ffdd7244000 	C:\WINDOWS\System32\KERNEL32.DLL
0x00007ffdd6300000 - 0x00007ffdd66a7000 	C:\WINDOWS\System32\KERNELBASE.dll
0x00007ffdd61e0000 - 0x00007ffdd62f1000 	C:\WINDOWS\System32\ucrtbase.dll
0x00007ffd9ed70000 - 0x00007ffd9ed8b000 	C:\Program Files\Java\jdk-22\bin\VCRUNTIME140.dll
0x00007ffdbda40000 - 0x00007ffdbda57000 	C:\Program Files\Java\jdk-22\bin\jli.dll
0x00007ffdd6ae0000 - 0x00007ffdd6b92000 	C:\WINDOWS\System32\ADVAPI32.dll
0x00007ffdd6df0000 - 0x00007ffdd6e97000 	C:\WINDOWS\System32\msvcrt.dll
0x00007ffdd78d0000 - 0x00007ffdd7978000 	C:\WINDOWS\System32\sechost.dll
0x00007ffdd68f0000 - 0x00007ffdd6918000 	C:\WINDOWS\System32\bcrypt.dll
0x00007ffdd7c40000 - 0x00007ffdd7d55000 	C:\WINDOWS\System32\RPCRT4.dll
0x00007ffdd7700000 - 0x00007ffdd78ae000 	C:\WINDOWS\System32\USER32.dll
0x00007ffdd5f10000 - 0x00007ffdd5f36000 	C:\WINDOWS\System32\win32u.dll
0x00007ffdd7d60000 - 0x00007ffdd7d89000 	C:\WINDOWS\System32\GDI32.dll
0x00007ffdd67d0000 - 0x00007ffdd68e9000 	C:\WINDOWS\System32\gdi32full.dll
0x00007ffdb3ef0000 - 0x00007ffdb4183000 	C:\WINDOWS\WinSxS\amd64_microsoft.windows.common-controls_6595b64144ccf1df_6.0.22621.3527_none_270e469b73872a76\COMCTL32.dll
0x00007ffdd66b0000 - 0x00007ffdd674a000 	C:\WINDOWS\System32\msvcp_win.dll
0x00007ffdc8d10000 - 0x00007ffdc8d1a000 	C:\WINDOWS\SYSTEM32\VERSION.dll
0x00007ffdd7d90000 - 0x00007ffdd7dc1000 	C:\WINDOWS\System32\IMM32.DLL
0x00007ffda4130000 - 0x00007ffda413c000 	C:\Program Files\Java\jdk-22\bin\vcruntime140_1.dll
0x00007ffd646b0000 - 0x00007ffd6473e000 	C:\Program Files\Java\jdk-22\bin\msvcp140.dll
0x00007ffd0ece0000 - 0x00007ffd0fa27000 	C:\Program Files\Java\jdk-22\bin\server\jvm.dll
0x00007ffdd6ea0000 - 0x00007ffdd6f11000 	C:\WINDOWS\System32\WS2_32.dll
0x00007ffdd5dd0000 - 0x00007ffdd5e1d000 	C:\WINDOWS\SYSTEM32\POWRPROF.dll
0x00007ffdcbe10000 - 0x00007ffdcbe44000 	C:\WINDOWS\SYSTEM32\WINMM.dll
0x00007ffdd5db0000 - 0x00007ffdd5dc3000 	C:\WINDOWS\SYSTEM32\UMPDC.dll
0x00007ffdd4f30000 - 0x00007ffdd4f48000 	C:\WINDOWS\SYSTEM32\kernel.appcore.dll
0x00007ffda3610000 - 0x00007ffda361a000 	C:\Program Files\Java\jdk-22\bin\jimage.dll
0x00007ffdd38b0000 - 0x00007ffdd3ae3000 	C:\WINDOWS\SYSTEM32\DBGHELP.DLL
0x00007ffdd7370000 - 0x00007ffdd76f8000 	C:\WINDOWS\System32\combase.dll
0x00007ffdd7dd0000 - 0x00007ffdd7ea7000 	C:\WINDOWS\System32\OLEAUT32.dll
0x00007ffdc4660000 - 0x00007ffdc4692000 	C:\WINDOWS\SYSTEM32\dbgcore.DLL
0x00007ffdd6750000 - 0x00007ffdd67c9000 	C:\WINDOWS\System32\bcryptPrimitives.dll
0x00007ffd9b9c0000 - 0x00007ffd9b9de000 	C:\Program Files\Java\jdk-22\bin\java.dll
0x00007ffdd8350000 - 0x00007ffdd8bac000 	C:\WINDOWS\System32\SHELL32.dll
0x00007ffdd7980000 - 0x00007ffdd7b25000 	C:\WINDOWS\System32\ole32.dll
0x00007ffdd3e50000 - 0x00007ffdd4746000 	C:\WINDOWS\SYSTEM32\windows.storage.dll
0x00007ffdd3d10000 - 0x00007ffdd3e4e000 	C:\WINDOWS\SYSTEM32\wintypes.dll
0x00007ffdd7b30000 - 0x00007ffdd7c25000 	C:\WINDOWS\System32\SHCORE.dll
0x00007ffdd6ba0000 - 0x00007ffdd6bfe000 	C:\WINDOWS\System32\shlwapi.dll
0x00007ffdd5e40000 - 0x00007ffdd5e61000 	C:\WINDOWS\SYSTEM32\profapi.dll
0x00007ffd5b060000 - 0x00007ffd5b137000 	C:\Program Files\Java\jdk-22\bin\jsvml.dll
0x00007ffda1d10000 - 0x00007ffda1d20000 	C:\Program Files\Java\jdk-22\bin\net.dll
0x00007ffdd53a0000 - 0x00007ffdd5409000 	C:\WINDOWS\system32\mswsock.dll
0x00007ffd9b970000 - 0x00007ffd9b986000 	C:\Program Files\Java\jdk-22\bin\nio.dll
0x00007ffd9ff60000 - 0x00007ffd9ff77000 	C:\Program Files\Java\jdk-22\bin\zip.dll
0x00007ffd156c0000 - 0x00007ffd1584e000 	C:\Program Files\Java\jdk-22\bin\awt.dll
0x00007ffdd2f40000 - 0x00007ffdd2fd7000 	C:\WINDOWS\SYSTEM32\apphelp.dll
0x00007ffdd3360000 - 0x00007ffdd338b000 	C:\WINDOWS\system32\DWMAPI.DLL
0x00007ffdd30d0000 - 0x00007ffdd317b000 	C:\WINDOWS\system32\uxtheme.dll
0x00007ffd5ad70000 - 0x00007ffd5ae70000 	C:\WINDOWS\system32\opengl32.dll
0x00007ffd9b990000 - 0x00007ffd9b9bd000 	C:\WINDOWS\SYSTEM32\GLU32.dll
0x00007ffdd31f0000 - 0x00007ffdd3229000 	C:\WINDOWS\SYSTEM32\dxcore.dll
0x00007ffdd6fc0000 - 0x00007ffdd7113000 	C:\WINDOWS\System32\MSCTF.dll
0x00007ffd59510000 - 0x00007ffd59597000 	C:\Program Files\Java\jdk-22\bin\freetype.dll
0x00007ffd58690000 - 0x00007ffd58767000 	C:\Program Files\Java\jdk-22\bin\fontmanager.dll
0x00007ffdd6cf0000 - 0x00007ffdd6da0000 	C:\WINDOWS\System32\clbcatq.dll
0x00007ffdd1880000 - 0x00007ffdd1a30000 	C:\WINDOWS\SYSTEM32\WindowsCodecs.dll
0x00007ffdb6db0000 - 0x00007ffdb6e0e000 	C:\WINDOWS\system32\dataexchange.dll
0x00007ffdcb5c0000 - 0x00007ffdcb84b000 	C:\WINDOWS\system32\twinapi.appcore.dll
0x00007ffdc7490000 - 0x00007ffdc75db000 	C:\WINDOWS\SYSTEM32\textinputframework.dll
0x00007ffda7c20000 - 0x00007ffda7c89000 	C:\WINDOWS\system32\Oleacc.dll
0x00007ffd9f2a0000 - 0x00007ffd9f6e4000 	C:\Windows\System32\uiautomationcore.dll

dbghelp: loaded successfully - version: 4.0.5 - missing functions: none
symbol engine: initialized successfully - sym options: 0x614 - pdb path: .;C:\Program Files\Java\jdk-22\bin;C:\WINDOWS\SYSTEM32;C:\WINDOWS\WinSxS\amd64_microsoft.windows.common-controls_6595b64144ccf1df_6.0.22621.3527_none_270e469b73872a76;C:\Program Files\Java\jdk-22\bin\server

VM Arguments:
jvm_args: -Dfile.encoding=UTF-8 --module-path=C:\Users\Pushpendra Rathor\OneDrive\Documents\NetBeansProjects\airlinemanagementsystem\build\classes 
java_command: airlinemanagementsystem.Login
java_class_path (initial): C:\Users\Pushpendra Rathor\Downloads\mysql-connector-java-8.0.28.jar;C:\Users\Pushpendra Rathor\Downloads\rs2xml.jar;C:\Users\Pushpendra Rathor\Downloads\jcalendar-tz-1.3.3-4.jar;C:\Users\Pushpendra Rathor\OneDrive\Documents\NetBeansProjects\airlinemanagementsystem\build\classes
Launcher Type: SUN_STANDARD

[Global flags]
     intx CICompilerCount                          = 4                                         {product} {ergonomic}
     uint ConcGCThreads                            = 3                                         {product} {ergonomic}
     uint G1ConcRefinementThreads                  = 10                                        {product} {ergonomic}
   size_t G1HeapRegionSize                         = 2097152                                   {product} {ergonomic}
   size_t InitialHeapSize                          = 264241152                                 {product} {ergonomic}
   size_t MarkStackSize                            = 4194304                                   {product} {ergonomic}
   size_t MaxHeapSize                              = 4208984064                                {product} {ergonomic}
   size_t MaxNewSize                               = 2524971008                                {product} {ergonomic}
   size_t MinHeapDeltaBytes                        = 2097152                                   {product} {ergonomic}
   size_t MinHeapSize                              = 8388608                                   {product} {ergonomic}
    uintx NonNMethodCodeHeapSize                   = 5839372                                {pd product} {ergonomic}
    uintx NonProfiledCodeHeapSize                  = 122909434                              {pd product} {ergonomic}
    uintx ProfiledCodeHeapSize                     = 122909434                              {pd product} {ergonomic}
    uintx ReservedCodeCacheSize                    = 251658240                              {pd product} {ergonomic}
     bool SegmentedCodeCache                       = true                                      {product} {ergonomic}
   size_t SoftMaxHeapSize                          = 4208984064                             {manageable} {ergonomic}
     bool UseCompressedOops                        = true                           {product lp64_product} {ergonomic}
     bool UseG1GC                                  = true                                      {product} {ergonomic}
     bool UseLargePagesIndividualAllocation        = false                                  {pd product} {ergonomic}

Logging:
Log output configuration:
 #0: stdout all=warning uptime,level,tags foldmultilines=false
 #1: stderr all=off uptime,level,tags foldmultilines=false

Environment Variables:
JAVA_HOME=C:\Program Files\Java;C:\Program Files\Java\jdk-19;C:\Program Files\Java\jdk-19\bin
PATH=C:\Program Files\Common Files\Oracle\Java\javapath;C:\Program Files\Java\jdk-18.0.2.1\bin;C:\WINDOWS\system32;C:\WINDOWS;C:\WINDOWS\System32\Wbem;C:\WINDOWS\System32\WindowsPowerShell\v1.0\;C:\WINDOWS\System32\OpenSSH\;C:\Program Files\dotnet\;C:\Program Files\HP\HP One Agent;C:\Program Files\PowerShell\7\;C:\Program Files\Git\cmd;C:\Program Files\Java\jdk-22\bin;C:\Program Files\MySQL\MySQL Shell 8.0\bin\;C:\Users\Pushpendra Rathor\AppData\Local\Programs\Python\Python312\Scripts\;C:\Users\Pushpendra Rathor\AppData\Local\Programs\Python\Python312\;C:\Users\Pushpendra Rathor\AppData\Local\Microsoft\WindowsApps;C:\msys64\mingw64\bin;C:\Program Files\JetBrains\IntelliJ IDEA Community Edition 2023.1.3\bin;;C:\Users\Pushpendra Rathor\AppData\Local\GitHubDesktop\bin;C:\Users\Pushpendra Rathor\AppData\Local\Programs\Microsoft VS Code\bin
USERNAME=Pushpendra Rathor
OS=Windows_NT
PROCESSOR_IDENTIFIER=Intel64 Family 6 Model 154 Stepping 4, GenuineIntel
TMP=C:\Users\PUSHPE~1\AppData\Local\Temp
TEMP=C:\Users\PUSHPE~1\AppData\Local\Temp




Periodic native trim disabled

---------------  S Y S T E M  ---------------

OS:
 Windows 11 , 64 bit Build 22621 (10.0.22621.3527)
OS uptime: 13 days 7:06 hours

CPU: total 12 (initial active 12) (6 cores per cpu, 2 threads per core) family 6 model 154 stepping 4 microcode 0x42c, cx8, cmov, fxsr, ht, mmx, 3dnowpref, sse, sse2, sse3, ssse3, sse4.1, sse4.2, popcnt, lzcnt, tsc, tscinvbit, avx, avx2, aes, erms, clmul, bmi1, bmi2, adx, sha, fma, vzeroupper, clflush, clflushopt, clwb, serialize, rdtscp, rdpid, fsrm, f16c, pku, cet_ibt, cet_ss
Processor Information for processor 0
  Max Mhz: 1300, Current Mhz: 1300, Mhz Limit: 1300
Processor Information for processor 1
  Max Mhz: 1300, Current Mhz: 1300, Mhz Limit: 1300
Processor Information for processor 2
  Max Mhz: 1300, Current Mhz: 1300, Mhz Limit: 1300
Processor Information for processor 3
  Max Mhz: 1300, Current Mhz: 1300, Mhz Limit: 1300
Processor Information for processor 4
  Max Mhz: 1300, Current Mhz: 900, Mhz Limit: 897
Processor Information for processor 5
  Max Mhz: 1300, Current Mhz: 900, Mhz Limit: 897
Processor Information for processor 6
  Max Mhz: 1300, Current Mhz: 900, Mhz Limit: 897
Processor Information for processor 7
  Max Mhz: 1300, Current Mhz: 900, Mhz Limit: 897
Processor Information for processor 8
  Max Mhz: 1300, Current Mhz: 900, Mhz Limit: 897
Processor Information for processor 9
  Max Mhz: 1300, Current Mhz: 900, Mhz Limit: 897
Processor Information for processor 10
  Max Mhz: 1300, Current Mhz: 900, Mhz Limit: 897
Processor Information for processor 11
  Max Mhz: 1300, Current Mhz: 900, Mhz Limit: 897

Memory: 4k page, system-wide physical 16052M (4270M free)
TotalPageFile size 51973M (AvailPageFile size 2M)
current process WorkingSet (physical memory assigned to process): 60M, peak: 60M
current process commit charge ("private bytes"): 351M, peak: 352M

vm_info: Java HotSpot(TM) 64-Bit Server VM (22.0.1+8-16) for windows-amd64 JRE (22.0.1+8-16), built on 2024-03-12T10:33:16Z by "mach5one" with MS VC++ 17.6 (VS2022)

END.
